2021-12-22 22:56:47,059                  ,--.                     ,---._                           
2021-12-22 22:56:47,064                ,--.'|                   .-- -.' \     ,---,      ,----..   
2021-12-22 22:56:47,064            ,--,:  : |       ,---.       |    |   :  .'  .' `\   /   /   \  
2021-12-22 22:56:47,064         ,`--.'`|  ' :      /__./|       :    ;   |,---.'     \ |   :     : 
2021-12-22 22:56:47,064         |   :  :  | | ,---.;  ; |       :        ||   |  .`\  |.   |  ;. / 
2021-12-22 22:56:47,064         :   |   \ | :/___/ \  | |       |    :   ::   : |  '  |.   ; /--`  
2021-12-22 22:56:47,064         |   : '  '; |\   ;  \ ' |       :         |   ' '  ;  :;   | ;     
2021-12-22 22:56:47,064         '   ' ;.    ; \   \  \: |       |    ;   |'   | ;  .  ||   : |     
2021-12-22 22:56:47,064         |   | | \   |  ;   \  ' .   ___ l         |   | :  |  '.   | '___  
2021-12-22 22:56:47,064         '   : |  ; .'   \   \   ' /    /\    J   :'   : | /  ; '   ; : .'| 
2021-12-22 22:56:47,064         |   | '`--'      \   `  ;/  ../  `..-    ,|   | '` ,/  '   | '/  : 
2021-12-22 22:56:47,064         '   : |           :   \ |\    \         ; ;   :  .'    |   :    /  
2021-12-22 22:56:47,064         ;   |.'            '---'' \    \       ,' |   ,.'      \   \ .'   
2021-12-22 22:56:47,064         '---'                      '-- - ....--'  '-- '         `---`     
2021-12-22 22:56:47,064 
2021-12-22 22:56:47,064 
2021-12-22 22:56:47,064                                                                      Version:2.2
2021-12-22 22:56:47,064 
2021-12-22 22:56:47,064 
2021-12-22 22:56:47,064                                                                      By Nolan  
2021-12-22 22:56:47,064 
2021-12-22 22:56:47,064 -------------------------------------------------------------------------------------
2021-12-22 22:56:47,064 
2021-12-22 22:56:47,070 序列号:0A24CEA0-1558-4FA3-A405-C16D5D98D566

2021-12-22 22:56:47,070 Running on Linux!
2021-12-22 22:56:47,071 系统架构：X64
2021-12-22 22:56:47,071 系统名称：Linux 3.10.0-1160.45.1.el7.x86_64 #1 SMP Wed Oct 13 17:20:51 UTC 2021
2021-12-22 22:56:47,071 进程架构：X64
2021-12-22 22:56:47,071 是否64位操作系统：True
2021-12-22 22:56:47,071 -------------------------------------------------------------------------------------
2021-12-22 22:56:47,071 初始化项目
2021-12-22 22:56:47,071 -------------------------------------------------------------------------------------
2021-12-22 22:56:47,071 第一次运行会下载Chromium,后续只是检查是否下载
2021-12-22 22:56:47,071 检查中....
2021-12-22 22:56:47,087 True
2021-12-22 22:56:47,088 程序配置自检 
2021-12-22 22:56:47,088 如果报错请检查配置或者检查配置是否挂载
2021-12-22 22:56:47,091 上传模式：ql
2021-12-22 22:56:47,091 回收时间：5分钟
2021-12-22 22:56:47,091 自动滑块：0
2021-12-22 22:56:47,091 
2021-12-22 22:56:47,091 
2021-12-22 22:56:47,091 浏览器自检
2021-12-22 22:56:47,091 -------------------------------------------------------------------------------------
2021-12-22 22:56:51,948 页面文字京东登录注册+86获取验证码登 录账号密码登录手机快速注册其他登录方式QQ 微信 若您输入的手机号未注册，将为您直接注册，注册即视为同意 京东用户注册协议 、 用户隐私政策
2021-12-22 22:56:51,948 关闭页面
2021-12-22 22:56:52,010 浏览器关闭
2021-12-22 22:56:52,011 浏览器自检成功
2021-12-22 22:56:52,011 浏览器打开时间：4.9190000000000005
2021-12-22 22:56:52,011 -------------------------------------------------------------------------------------
2021-12-22 22:56:52,011 检查成功
2021-12-22 22:56:52,265 NETJDC started
2021-12-22 22:59:26,717                  ,--.                     ,---._                           
2021-12-22 22:59:26,723                ,--.'|                   .-- -.' \     ,---,      ,----..   
2021-12-22 22:59:26,723            ,--,:  : |       ,---.       |    |   :  .'  .' `\   /   /   \  
2021-12-22 22:59:26,723         ,`--.'`|  ' :      /__./|       :    ;   |,---.'     \ |   :     : 
2021-12-22 22:59:26,723         |   :  :  | | ,---.;  ; |       :        ||   |  .`\  |.   |  ;. / 
2021-12-22 22:59:26,723         :   |   \ | :/___/ \  | |       |    :   ::   : |  '  |.   ; /--`  
2021-12-22 22:59:26,723         |   : '  '; |\   ;  \ ' |       :         |   ' '  ;  :;   | ;     
2021-12-22 22:59:26,723         '   ' ;.    ; \   \  \: |       |    ;   |'   | ;  .  ||   : |     
2021-12-22 22:59:26,723         |   | | \   |  ;   \  ' .   ___ l         |   | :  |  '.   | '___  
2021-12-22 22:59:26,723         '   : |  ; .'   \   \   ' /    /\    J   :'   : | /  ; '   ; : .'| 
2021-12-22 22:59:26,723         |   | '`--'      \   `  ;/  ../  `..-    ,|   | '` ,/  '   | '/  : 
2021-12-22 22:59:26,723         '   : |           :   \ |\    \         ; ;   :  .'    |   :    /  
2021-12-22 22:59:26,723         ;   |.'            '---'' \    \       ,' |   ,.'      \   \ .'   
2021-12-22 22:59:26,723         '---'                      '-- - ....--'  '-- '         `---`     
2021-12-22 22:59:26,723 
2021-12-22 22:59:26,723 
2021-12-22 22:59:26,723                                                                      Version:2.2
2021-12-22 22:59:26,723 
2021-12-22 22:59:26,723 
2021-12-22 22:59:26,723                                                                      By Nolan  
2021-12-22 22:59:26,723 
2021-12-22 22:59:26,723 -------------------------------------------------------------------------------------
2021-12-22 22:59:26,723 
2021-12-22 22:59:26,730 序列号:0A24CEA0-1558-4FA3-A405-C16D5D98D566

2021-12-22 22:59:26,730 Running on Linux!
2021-12-22 22:59:26,730 系统架构：X64
2021-12-22 22:59:26,730 系统名称：Linux 3.10.0-1160.45.1.el7.x86_64 #1 SMP Wed Oct 13 17:20:51 UTC 2021
2021-12-22 22:59:26,730 进程架构：X64
2021-12-22 22:59:26,730 是否64位操作系统：True
2021-12-22 22:59:26,730 -------------------------------------------------------------------------------------
2021-12-22 22:59:26,730 初始化项目
2021-12-22 22:59:26,730 -------------------------------------------------------------------------------------
2021-12-22 22:59:26,730 第一次运行会下载Chromium,后续只是检查是否下载
2021-12-22 22:59:26,730 检查中....
2021-12-22 22:59:26,746 True
2021-12-22 22:59:26,747 程序配置自检 
2021-12-22 22:59:26,747 如果报错请检查配置或者检查配置是否挂载
2021-12-22 22:59:26,750 上传模式：ql
2021-12-22 22:59:26,750 回收时间：5分钟
2021-12-22 22:59:26,750 自动滑块：0
2021-12-22 22:59:26,750 
2021-12-22 22:59:26,750 
2021-12-22 22:59:26,750 浏览器自检
2021-12-22 22:59:26,750 -------------------------------------------------------------------------------------
2021-12-22 22:59:31,368 页面文字京东登录注册+86获取验证码登 录账号密码登录手机快速注册其他登录方式QQ 微信 若您输入的手机号未注册，将为您直接注册，注册即视为同意 京东用户注册协议 、 用户隐私政策
2021-12-22 22:59:31,368 关闭页面
2021-12-22 22:59:31,424 浏览器关闭
2021-12-22 22:59:31,424 浏览器自检成功
2021-12-22 22:59:31,424 浏览器打开时间：4.673
2021-12-22 22:59:31,424 -------------------------------------------------------------------------------------
2021-12-22 22:59:31,424 检查成功
2021-12-22 22:59:31,660 NETJDC started
