2021-12-23 08:08:11,407                  ,--.                     ,---._                           
2021-12-23 08:08:11,412                ,--.'|                   .-- -.' \     ,---,      ,----..   
2021-12-23 08:08:11,412            ,--,:  : |       ,---.       |    |   :  .'  .' `\   /   /   \  
2021-12-23 08:08:11,412         ,`--.'`|  ' :      /__./|       :    ;   |,---.'     \ |   :     : 
2021-12-23 08:08:11,412         |   :  :  | | ,---.;  ; |       :        ||   |  .`\  |.   |  ;. / 
2021-12-23 08:08:11,412         :   |   \ | :/___/ \  | |       |    :   ::   : |  '  |.   ; /--`  
2021-12-23 08:08:11,412         |   : '  '; |\   ;  \ ' |       :         |   ' '  ;  :;   | ;     
2021-12-23 08:08:11,412         '   ' ;.    ; \   \  \: |       |    ;   |'   | ;  .  ||   : |     
2021-12-23 08:08:11,412         |   | | \   |  ;   \  ' .   ___ l         |   | :  |  '.   | '___  
2021-12-23 08:08:11,412         '   : |  ; .'   \   \   ' /    /\    J   :'   : | /  ; '   ; : .'| 
2021-12-23 08:08:11,412         |   | '`--'      \   `  ;/  ../  `..-    ,|   | '` ,/  '   | '/  : 
2021-12-23 08:08:11,412         '   : |           :   \ |\    \         ; ;   :  .'    |   :    /  
2021-12-23 08:08:11,412         ;   |.'            '---'' \    \       ,' |   ,.'      \   \ .'   
2021-12-23 08:08:11,412         '---'                      '-- - ....--'  '-- '         `---`     
2021-12-23 08:08:11,412 
2021-12-23 08:08:11,412 
2021-12-23 08:08:11,412                                                                      Version:2.2
2021-12-23 08:08:11,412 
2021-12-23 08:08:11,412 
2021-12-23 08:08:11,412                                                                      By Nolan  
2021-12-23 08:08:11,412 
2021-12-23 08:08:11,412 -------------------------------------------------------------------------------------
2021-12-23 08:08:11,412 
2021-12-23 08:08:11,419 序列号:0A24CEA0-1558-4FA3-A405-C16D5D98D566

2021-12-23 08:08:11,419 Running on Linux!
2021-12-23 08:08:11,419 系统架构：X64
2021-12-23 08:08:11,419 系统名称：Linux 3.10.0-1160.45.1.el7.x86_64 #1 SMP Wed Oct 13 17:20:51 UTC 2021
2021-12-23 08:08:11,419 进程架构：X64
2021-12-23 08:08:11,419 是否64位操作系统：True
2021-12-23 08:08:11,419 -------------------------------------------------------------------------------------
2021-12-23 08:08:11,419 初始化项目
2021-12-23 08:08:11,419 -------------------------------------------------------------------------------------
2021-12-23 08:08:11,419 第一次运行会下载Chromium,后续只是检查是否下载
2021-12-23 08:08:11,419 检查中....
2021-12-23 08:08:11,437 True
2021-12-23 08:08:11,438 程序配置自检 
2021-12-23 08:08:11,438 如果报错请检查配置或者检查配置是否挂载
2021-12-23 08:08:11,441 上传模式：ql
2021-12-23 08:08:11,441 回收时间：5分钟
2021-12-23 08:08:11,442 自动滑块：5
2021-12-23 08:08:11,442 
2021-12-23 08:08:11,442 
2021-12-23 08:08:11,442 浏览器自检
2021-12-23 08:08:11,442 -------------------------------------------------------------------------------------
2021-12-23 08:08:16,082 页面文字京东登录注册+86获取验证码登 录账号密码登录手机快速注册其他登录方式QQ 微信 若您输入的手机号未注册，将为您直接注册，注册即视为同意 京东用户注册协议 、 用户隐私政策
2021-12-23 08:08:16,082 关闭页面
2021-12-23 08:08:16,137 浏览器关闭
2021-12-23 08:08:16,137 浏览器自检成功
2021-12-23 08:08:16,137 浏览器打开时间：4.695
2021-12-23 08:08:16,137 -------------------------------------------------------------------------------------
2021-12-23 08:08:16,137 检查成功
2021-12-23 08:08:16,375 NETJDC started
2021-12-23 08:27:49,345 System.FormatException: Input string was not in a correct format.
   at System.Number.ThrowOverflowOrFormatException(ParsingStatus status, TypeCode type)
   at System.Number.ParseInt32(ReadOnlySpan`1 value, NumberStyles styles, NumberFormatInfo info)
   at System.Int32.Parse(String s)
   at NETJDC.Controllers.CloudController.wxpusher(WxpusherBlackitem obj) in E:\03工作源码\NETJDC\NETJDC\Controllers\CloudController.cs:line 137
   at Microsoft.AspNetCore.Mvc.Infrastructure.ActionMethodExecutor.TaskOfIActionResultExecutor.Execute(IActionResultTypeMapper mapper, ObjectMethodExecutor executor, Object controller, Object[] arguments)
   at Microsoft.AspNetCore.Mvc.Infrastructure.ControllerActionInvoker.<InvokeActionMethodAsync>g__Awaited|12_0(ControllerActionInvoker invoker, ValueTask`1 actionResultValueTask)
   at Microsoft.AspNetCore.Mvc.Infrastructure.ControllerActionInvoker.<InvokeNextActionFilterAsync>g__Awaited|10_0(ControllerActionInvoker invoker, Task lastTask, State next, Scope scope, Object state, Boolean isCompleted)
   at Microsoft.AspNetCore.Mvc.Infrastructure.ControllerActionInvoker.Rethrow(ActionExecutedContextSealed context)
   at Microsoft.AspNetCore.Mvc.Infrastructure.ControllerActionInvoker.Next(State& next, Scope& scope, Object& state, Boolean& isCompleted)
   at Microsoft.AspNetCore.Mvc.Infrastructure.ControllerActionInvoker.InvokeInnerFilterAsync()
--- End of stack trace from previous location ---
   at Microsoft.AspNetCore.Mvc.Infrastructure.ResourceInvoker.<InvokeNextExceptionFilterAsync>g__Awaited|25_0(ResourceInvoker invoker, Task lastTask, State next, Scope scope, Object state, Boolean isCompleted)
2021-12-23 08:28:27,552 System.FormatException: Input string was not in a correct format.
   at System.Number.ThrowOverflowOrFormatException(ParsingStatus status, TypeCode type)
   at System.Number.ParseInt32(ReadOnlySpan`1 value, NumberStyles styles, NumberFormatInfo info)
   at System.Int32.Parse(String s)
   at NETJDC.Controllers.CloudController.wxpusher(WxpusherBlackitem obj) in E:\03工作源码\NETJDC\NETJDC\Controllers\CloudController.cs:line 137
   at Microsoft.AspNetCore.Mvc.Infrastructure.ActionMethodExecutor.TaskOfIActionResultExecutor.Execute(IActionResultTypeMapper mapper, ObjectMethodExecutor executor, Object controller, Object[] arguments)
   at Microsoft.AspNetCore.Mvc.Infrastructure.ControllerActionInvoker.<InvokeActionMethodAsync>g__Awaited|12_0(ControllerActionInvoker invoker, ValueTask`1 actionResultValueTask)
   at Microsoft.AspNetCore.Mvc.Infrastructure.ControllerActionInvoker.<InvokeNextActionFilterAsync>g__Awaited|10_0(ControllerActionInvoker invoker, Task lastTask, State next, Scope scope, Object state, Boolean isCompleted)
   at Microsoft.AspNetCore.Mvc.Infrastructure.ControllerActionInvoker.Rethrow(ActionExecutedContextSealed context)
   at Microsoft.AspNetCore.Mvc.Infrastructure.ControllerActionInvoker.Next(State& next, Scope& scope, Object& state, Boolean& isCompleted)
   at Microsoft.AspNetCore.Mvc.Infrastructure.ControllerActionInvoker.InvokeInnerFilterAsync()
--- End of stack trace from previous location ---
   at Microsoft.AspNetCore.Mvc.Infrastructure.ResourceInvoker.<InvokeNextExceptionFilterAsync>g__Awaited|25_0(ResourceInvoker invoker, Task lastTask, State next, Scope scope, Object state, Boolean isCompleted)
2021-12-23 12:15:16,589 JSHandle:getMsg-btn text-btn J_ping timer active
2021-12-23 12:15:18,844     手机：17682488600 tabe 创建 时间:12/23/2021 12:15:18
2021-12-23 12:15:18,844 17682488600选字安全验证
2021-12-23 12:15:26,865 找到页面
2021-12-23 12:15:26,865 Pointlist4
2021-12-23 12:15:26,877 boxPuppeteerSharp.BoundingBox
2021-12-23 12:15:26,877 停顿1:255
2021-12-23 12:15:33,260 验证成功
2021-12-23 12:15:46,373 输入验证码467678
2021-12-23 12:15:49,250 17682488600获取到ck
2021-12-23 12:15:49,487 获取nickname
2021-12-23 12:15:51,145 获取nickname
2021-12-23 12:20:18,845     手机：17682488600 tabe 自动回收 时间:12/23/2021 12:20:18
2021-12-23 12:22:03,328                  ,--.                     ,---._                           
2021-12-23 12:22:03,333                ,--.'|                   .-- -.' \     ,---,      ,----..   
2021-12-23 12:22:03,333            ,--,:  : |       ,---.       |    |   :  .'  .' `\   /   /   \  
2021-12-23 12:22:03,333         ,`--.'`|  ' :      /__./|       :    ;   |,---.'     \ |   :     : 
2021-12-23 12:22:03,333         |   :  :  | | ,---.;  ; |       :        ||   |  .`\  |.   |  ;. / 
2021-12-23 12:22:03,333         :   |   \ | :/___/ \  | |       |    :   ::   : |  '  |.   ; /--`  
2021-12-23 12:22:03,333         |   : '  '; |\   ;  \ ' |       :         |   ' '  ;  :;   | ;     
2021-12-23 12:22:03,333         '   ' ;.    ; \   \  \: |       |    ;   |'   | ;  .  ||   : |     
2021-12-23 12:22:03,333         |   | | \   |  ;   \  ' .   ___ l         |   | :  |  '.   | '___  
2021-12-23 12:22:03,333         '   : |  ; .'   \   \   ' /    /\    J   :'   : | /  ; '   ; : .'| 
2021-12-23 12:22:03,333         |   | '`--'      \   `  ;/  ../  `..-    ,|   | '` ,/  '   | '/  : 
2021-12-23 12:22:03,333         '   : |           :   \ |\    \         ; ;   :  .'    |   :    /  
2021-12-23 12:22:03,333         ;   |.'            '---'' \    \       ,' |   ,.'      \   \ .'   
2021-12-23 12:22:03,333         '---'                      '-- - ....--'  '-- '         `---`     
2021-12-23 12:22:03,333 
2021-12-23 12:22:03,333 
2021-12-23 12:22:03,333                                                                      Version:2.2
2021-12-23 12:22:03,333 
2021-12-23 12:22:03,333 
2021-12-23 12:22:03,333                                                                      By Nolan  
2021-12-23 12:22:03,333 
2021-12-23 12:22:03,333 -------------------------------------------------------------------------------------
2021-12-23 12:22:03,333 
2021-12-23 12:22:03,347 序列号:0A24CEA0-1558-4FA3-A405-C16D5D98D566

2021-12-23 12:22:03,347 Running on Linux!
2021-12-23 12:22:03,348 系统架构：X64
2021-12-23 12:22:03,348 系统名称：Linux 3.10.0-1160.45.1.el7.x86_64 #1 SMP Wed Oct 13 17:20:51 UTC 2021
2021-12-23 12:22:03,348 进程架构：X64
2021-12-23 12:22:03,348 是否64位操作系统：True
2021-12-23 12:22:03,348 -------------------------------------------------------------------------------------
2021-12-23 12:22:03,348 初始化项目
2021-12-23 12:22:03,348 -------------------------------------------------------------------------------------
2021-12-23 12:22:03,348 第一次运行会下载Chromium,后续只是检查是否下载
2021-12-23 12:22:03,348 检查中....
2021-12-23 12:22:03,371 True
2021-12-23 12:22:03,373 程序配置自检 
2021-12-23 12:22:03,373 如果报错请检查配置或者检查配置是否挂载
2021-12-23 12:22:03,377 上传模式：ql
2021-12-23 12:22:03,378 回收时间：5分钟
2021-12-23 12:22:03,378 自动滑块：5
2021-12-23 12:22:03,378 
2021-12-23 12:22:03,378 
2021-12-23 12:22:03,378 浏览器自检
2021-12-23 12:22:03,378 -------------------------------------------------------------------------------------
2021-12-23 12:22:08,093 页面文字京东登录注册+86获取验证码登 录账号密码登录手机快速注册其他登录方式QQ 微信 若您输入的手机号未注册，将为您直接注册，注册即视为同意 京东用户注册协议 、 用户隐私政策
2021-12-23 12:22:08,093 关闭页面
2021-12-23 12:22:08,147 浏览器关闭
2021-12-23 12:22:08,147 浏览器自检成功
2021-12-23 12:22:08,147 浏览器打开时间：4.769
2021-12-23 12:22:08,147 -------------------------------------------------------------------------------------
2021-12-23 12:22:08,148 检查成功
2021-12-23 12:22:08,395 NETJDC started
2021-12-23 13:36:44,871 获取nickname
2021-12-23 13:38:44,682 JSHandle:getMsg-btn text-btn J_ping timer active
2021-12-23 13:38:46,932     手机：15156064002 tabe 创建 时间:12/23/2021 13:38:46
2021-12-23 13:38:46,932 15156064002选字安全验证
2021-12-23 13:39:00,554 找到页面
2021-12-23 13:39:00,554 Pointlist4
2021-12-23 13:39:00,564 boxPuppeteerSharp.BoundingBox
2021-12-23 13:39:00,564 停顿1:261
2021-12-23 13:39:06,972 验证成功
2021-12-23 13:39:33,704 输入验证码027144
2021-12-23 13:39:36,309 15156064002获取到ck
2021-12-23 13:39:36,476 获取nickname
2021-12-23 13:39:40,068 获取nickname
2021-12-23 13:39:52,617 获取nickname
2021-12-23 13:40:57,125 JSHandle:getMsg-btn text-btn J_ping timer active
2021-12-23 13:40:59,373     手机：18205652849 tabe 创建 时间:12/23/2021 13:40:59
2021-12-23 13:40:59,373 18205652849选字安全验证
2021-12-23 13:41:08,280 找到页面
2021-12-23 13:41:08,280 Pointlist4
2021-12-23 13:41:08,282 boxPuppeteerSharp.BoundingBox
2021-12-23 13:41:08,282 停顿1:274
2021-12-23 13:41:14,766 验证成功
2021-12-23 13:41:25,559 输入验证码841377
2021-12-23 13:41:27,930 18205652849获取到ck
2021-12-23 13:41:28,087 获取nickname
2021-12-23 13:41:30,578 获取nickname
2021-12-23 13:42:48,111 获取nickname
2021-12-23 13:43:46,934     手机：15156064002 tabe 自动回收 时间:12/23/2021 13:43:46
2021-12-23 13:44:46,471 获取nickname
2021-12-23 13:45:31,614 System.Exception: 请选择服务器
   at NETJDC.Controllers.CloudController.SendSMS(RequestEntity obj) in E:\03工作源码\NETJDC\NETJDC\Controllers\CloudController.cs:line 195
2021-12-23 13:45:59,374     手机：18205652849 tabe 自动回收 时间:12/23/2021 13:45:59
2021-12-23 15:37:07,322 获取nickname
2021-12-23 15:43:22,496 获取nickname
2021-12-23 16:19:03,738                  ,--.                     ,---._                           
2021-12-23 16:19:03,745                ,--.'|                   .-- -.' \     ,---,      ,----..   
2021-12-23 16:19:03,745            ,--,:  : |       ,---.       |    |   :  .'  .' `\   /   /   \  
2021-12-23 16:19:03,745         ,`--.'`|  ' :      /__./|       :    ;   |,---.'     \ |   :     : 
2021-12-23 16:19:03,745         |   :  :  | | ,---.;  ; |       :        ||   |  .`\  |.   |  ;. / 
2021-12-23 16:19:03,745         :   |   \ | :/___/ \  | |       |    :   ::   : |  '  |.   ; /--`  
2021-12-23 16:19:03,745         |   : '  '; |\   ;  \ ' |       :         |   ' '  ;  :;   | ;     
2021-12-23 16:19:03,745         '   ' ;.    ; \   \  \: |       |    ;   |'   | ;  .  ||   : |     
2021-12-23 16:19:03,745         |   | | \   |  ;   \  ' .   ___ l         |   | :  |  '.   | '___  
2021-12-23 16:19:03,745         '   : |  ; .'   \   \   ' /    /\    J   :'   : | /  ; '   ; : .'| 
2021-12-23 16:19:03,745         |   | '`--'      \   `  ;/  ../  `..-    ,|   | '` ,/  '   | '/  : 
2021-12-23 16:19:03,745         '   : |           :   \ |\    \         ; ;   :  .'    |   :    /  
2021-12-23 16:19:03,745         ;   |.'            '---'' \    \       ,' |   ,.'      \   \ .'   
2021-12-23 16:19:03,745         '---'                      '-- - ....--'  '-- '         `---`     
2021-12-23 16:19:03,745 
2021-12-23 16:19:03,745 
2021-12-23 16:19:03,745                                                                      Version:2.2
2021-12-23 16:19:03,745 
2021-12-23 16:19:03,745 
2021-12-23 16:19:03,745                                                                      By Nolan  
2021-12-23 16:19:03,745 
2021-12-23 16:19:03,746 -------------------------------------------------------------------------------------
2021-12-23 16:19:03,746 
2021-12-23 16:19:03,752 序列号:0A24CEA0-1558-4FA3-A405-C16D5D98D566

2021-12-23 16:19:03,752 Running on Linux!
2021-12-23 16:19:03,752 系统架构：X64
2021-12-23 16:19:03,753 系统名称：Linux 3.10.0-1160.45.1.el7.x86_64 #1 SMP Wed Oct 13 17:20:51 UTC 2021
2021-12-23 16:19:03,753 进程架构：X64
2021-12-23 16:19:03,753 是否64位操作系统：True
2021-12-23 16:19:03,753 -------------------------------------------------------------------------------------
2021-12-23 16:19:03,753 初始化项目
2021-12-23 16:19:03,753 -------------------------------------------------------------------------------------
2021-12-23 16:19:03,753 第一次运行会下载Chromium,后续只是检查是否下载
2021-12-23 16:19:03,753 检查中....
2021-12-23 16:19:03,768 True
2021-12-23 16:19:03,770 程序配置自检 
2021-12-23 16:19:03,770 如果报错请检查配置或者检查配置是否挂载
2021-12-23 16:19:03,773 上传模式：none
2021-12-23 16:19:03,773 回收时间：分钟
2021-12-23 16:19:03,773 自动滑块：
2021-12-23 16:19:03,773 
2021-12-23 16:19:03,773 
2021-12-23 16:19:03,773 浏览器自检
2021-12-23 16:19:03,773 -------------------------------------------------------------------------------------
2021-12-23 16:19:08,703 页面文字京东登录注册+86获取验证码登 录账号密码登录手机快速注册其他登录方式QQ 微信 若您输入的手机号未注册，将为您直接注册，注册即视为同意 京东用户注册协议 、 用户隐私政策
2021-12-23 16:19:08,703 关闭页面
2021-12-23 16:19:08,764 浏览器关闭
2021-12-23 16:19:08,764 浏览器自检成功
2021-12-23 16:19:08,764 浏览器打开时间：4.9910000000000005
2021-12-23 16:19:08,764 -------------------------------------------------------------------------------------
2021-12-23 16:19:08,764 检查成功
2021-12-23 16:19:08,785 NETJDC started
2021-12-23 16:19:12,692 System.Exception: 未找相应到配置青龙
   at Systems.MainConfig.GetConfig(Int32 Id) in E:\03工作源码\NETJDC\Systems\MainConfig.cs:line 112
   at NETJDC.Controllers.CloudController.User(String qlid, Int32 qlkey) in E:\03工作源码\NETJDC\NETJDC\Controllers\CloudController.cs:line 224
2021-12-23 16:19:13,369 System.ArgumentNullException: Value cannot be null. (Parameter 's')
   at System.Int32.Parse(String s)
   at NETJDC.Controllers.CloudController.Config() in E:\03工作源码\NETJDC\NETJDC\Controllers\CloudController.cs:line 83
   at Microsoft.AspNetCore.Mvc.Infrastructure.ActionMethodExecutor.TaskOfIActionResultExecutor.Execute(IActionResultTypeMapper mapper, ObjectMethodExecutor executor, Object controller, Object[] arguments)
   at Microsoft.AspNetCore.Mvc.Infrastructure.ControllerActionInvoker.<InvokeActionMethodAsync>g__Awaited|12_0(ControllerActionInvoker invoker, ValueTask`1 actionResultValueTask)
   at Microsoft.AspNetCore.Mvc.Infrastructure.ControllerActionInvoker.<InvokeNextActionFilterAsync>g__Awaited|10_0(ControllerActionInvoker invoker, Task lastTask, State next, Scope scope, Object state, Boolean isCompleted)
   at Microsoft.AspNetCore.Mvc.Infrastructure.ControllerActionInvoker.Rethrow(ActionExecutedContextSealed context)
   at Microsoft.AspNetCore.Mvc.Infrastructure.ControllerActionInvoker.Next(State& next, Scope& scope, Object& state, Boolean& isCompleted)
   at Microsoft.AspNetCore.Mvc.Infrastructure.ControllerActionInvoker.InvokeInnerFilterAsync()
--- End of stack trace from previous location ---
   at Microsoft.AspNetCore.Mvc.Infrastructure.ResourceInvoker.<InvokeNextExceptionFilterAsync>g__Awaited|25_0(ResourceInvoker invoker, Task lastTask, State next, Scope scope, Object state, Boolean isCompleted)
2021-12-23 16:20:00,412                  ,--.                     ,---._                           
2021-12-23 16:20:00,417                ,--.'|                   .-- -.' \     ,---,      ,----..   
2021-12-23 16:20:00,417            ,--,:  : |       ,---.       |    |   :  .'  .' `\   /   /   \  
2021-12-23 16:20:00,417         ,`--.'`|  ' :      /__./|       :    ;   |,---.'     \ |   :     : 
2021-12-23 16:20:00,417         |   :  :  | | ,---.;  ; |       :        ||   |  .`\  |.   |  ;. / 
2021-12-23 16:20:00,417         :   |   \ | :/___/ \  | |       |    :   ::   : |  '  |.   ; /--`  
2021-12-23 16:20:00,417         |   : '  '; |\   ;  \ ' |       :         |   ' '  ;  :;   | ;     
2021-12-23 16:20:00,417         '   ' ;.    ; \   \  \: |       |    ;   |'   | ;  .  ||   : |     
2021-12-23 16:20:00,417         |   | | \   |  ;   \  ' .   ___ l         |   | :  |  '.   | '___  
2021-12-23 16:20:00,417         '   : |  ; .'   \   \   ' /    /\    J   :'   : | /  ; '   ; : .'| 
2021-12-23 16:20:00,417         |   | '`--'      \   `  ;/  ../  `..-    ,|   | '` ,/  '   | '/  : 
2021-12-23 16:20:00,417         '   : |           :   \ |\    \         ; ;   :  .'    |   :    /  
2021-12-23 16:20:00,417         ;   |.'            '---'' \    \       ,' |   ,.'      \   \ .'   
2021-12-23 16:20:00,417         '---'                      '-- - ....--'  '-- '         `---`     
2021-12-23 16:20:00,417 
2021-12-23 16:20:00,417 
2021-12-23 16:20:00,417                                                                      Version:2.2
2021-12-23 16:20:00,417 
2021-12-23 16:20:00,417 
2021-12-23 16:20:00,417                                                                      By Nolan  
2021-12-23 16:20:00,417 
2021-12-23 16:20:00,417 -------------------------------------------------------------------------------------
2021-12-23 16:20:00,417 
2021-12-23 16:20:00,424 序列号:0A24CEA0-1558-4FA3-A405-C16D5D98D566

2021-12-23 16:20:00,424 Running on Linux!
2021-12-23 16:20:00,424 系统架构：X64
2021-12-23 16:20:00,425 系统名称：Linux 3.10.0-1160.45.1.el7.x86_64 #1 SMP Wed Oct 13 17:20:51 UTC 2021
2021-12-23 16:20:00,425 进程架构：X64
2021-12-23 16:20:00,425 是否64位操作系统：True
2021-12-23 16:20:00,425 -------------------------------------------------------------------------------------
2021-12-23 16:20:00,425 初始化项目
2021-12-23 16:20:00,425 -------------------------------------------------------------------------------------
2021-12-23 16:20:00,425 第一次运行会下载Chromium,后续只是检查是否下载
2021-12-23 16:20:00,425 检查中....
2021-12-23 16:20:00,441 True
2021-12-23 16:20:00,443 程序配置自检 
2021-12-23 16:20:00,443 如果报错请检查配置或者检查配置是否挂载
2021-12-23 16:20:00,446 上传模式：none
2021-12-23 16:20:00,446 回收时间：分钟
2021-12-23 16:20:00,446 自动滑块：
2021-12-23 16:20:00,446 
2021-12-23 16:20:00,446 
2021-12-23 16:20:00,446 浏览器自检
2021-12-23 16:20:00,446 -------------------------------------------------------------------------------------
2021-12-23 16:20:05,295 页面文字京东登录注册+86获取验证码登 录账号密码登录手机快速注册其他登录方式QQ 微信 若您输入的手机号未注册，将为您直接注册，注册即视为同意 京东用户注册协议 、 用户隐私政策
2021-12-23 16:20:05,295 关闭页面
2021-12-23 16:20:05,344 浏览器关闭
2021-12-23 16:20:05,344 浏览器自检成功
2021-12-23 16:20:05,344 浏览器打开时间：4.897
2021-12-23 16:20:05,344 -------------------------------------------------------------------------------------
2021-12-23 16:20:05,344 检查成功
2021-12-23 16:20:05,363 NETJDC started
2021-12-23 16:20:07,723 System.ArgumentNullException: Value cannot be null. (Parameter 's')
   at System.Int32.Parse(String s)
   at NETJDC.Controllers.CloudController.Config() in E:\03工作源码\NETJDC\NETJDC\Controllers\CloudController.cs:line 83
   at Microsoft.AspNetCore.Mvc.Infrastructure.ActionMethodExecutor.TaskOfIActionResultExecutor.Execute(IActionResultTypeMapper mapper, ObjectMethodExecutor executor, Object controller, Object[] arguments)
   at Microsoft.AspNetCore.Mvc.Infrastructure.ControllerActionInvoker.<InvokeActionMethodAsync>g__Awaited|12_0(ControllerActionInvoker invoker, ValueTask`1 actionResultValueTask)
   at Microsoft.AspNetCore.Mvc.Infrastructure.ControllerActionInvoker.<InvokeNextActionFilterAsync>g__Awaited|10_0(ControllerActionInvoker invoker, Task lastTask, State next, Scope scope, Object state, Boolean isCompleted)
   at Microsoft.AspNetCore.Mvc.Infrastructure.ControllerActionInvoker.Rethrow(ActionExecutedContextSealed context)
   at Microsoft.AspNetCore.Mvc.Infrastructure.ControllerActionInvoker.Next(State& next, Scope& scope, Object& state, Boolean& isCompleted)
   at Microsoft.AspNetCore.Mvc.Infrastructure.ControllerActionInvoker.InvokeInnerFilterAsync()
--- End of stack trace from previous location ---
   at Microsoft.AspNetCore.Mvc.Infrastructure.ResourceInvoker.<InvokeNextExceptionFilterAsync>g__Awaited|25_0(ResourceInvoker invoker, Task lastTask, State next, Scope scope, Object state, Boolean isCompleted)
2021-12-23 16:23:08,532                  ,--.                     ,---._                           
2021-12-23 16:23:08,537                ,--.'|                   .-- -.' \     ,---,      ,----..   
2021-12-23 16:23:08,537            ,--,:  : |       ,---.       |    |   :  .'  .' `\   /   /   \  
2021-12-23 16:23:08,537         ,`--.'`|  ' :      /__./|       :    ;   |,---.'     \ |   :     : 
2021-12-23 16:23:08,537         |   :  :  | | ,---.;  ; |       :        ||   |  .`\  |.   |  ;. / 
2021-12-23 16:23:08,537         :   |   \ | :/___/ \  | |       |    :   ::   : |  '  |.   ; /--`  
2021-12-23 16:23:08,537         |   : '  '; |\   ;  \ ' |       :         |   ' '  ;  :;   | ;     
2021-12-23 16:23:08,537         '   ' ;.    ; \   \  \: |       |    ;   |'   | ;  .  ||   : |     
2021-12-23 16:23:08,537         |   | | \   |  ;   \  ' .   ___ l         |   | :  |  '.   | '___  
2021-12-23 16:23:08,537         '   : |  ; .'   \   \   ' /    /\    J   :'   : | /  ; '   ; : .'| 
2021-12-23 16:23:08,537         |   | '`--'      \   `  ;/  ../  `..-    ,|   | '` ,/  '   | '/  : 
2021-12-23 16:23:08,537         '   : |           :   \ |\    \         ; ;   :  .'    |   :    /  
2021-12-23 16:23:08,537         ;   |.'            '---'' \    \       ,' |   ,.'      \   \ .'   
2021-12-23 16:23:08,537         '---'                      '-- - ....--'  '-- '         `---`     
2021-12-23 16:23:08,537 
2021-12-23 16:23:08,537 
2021-12-23 16:23:08,537                                                                      Version:2.2
2021-12-23 16:23:08,537 
2021-12-23 16:23:08,537 
2021-12-23 16:23:08,537                                                                      By Nolan  
2021-12-23 16:23:08,537 
2021-12-23 16:23:08,537 -------------------------------------------------------------------------------------
2021-12-23 16:23:08,537 
2021-12-23 16:23:08,544 序列号:0A24CEA0-1558-4FA3-A405-C16D5D98D566

2021-12-23 16:23:08,544 Running on Linux!
2021-12-23 16:23:08,545 系统架构：X64
2021-12-23 16:23:08,545 系统名称：Linux 3.10.0-1160.45.1.el7.x86_64 #1 SMP Wed Oct 13 17:20:51 UTC 2021
2021-12-23 16:23:08,545 进程架构：X64
2021-12-23 16:23:08,545 是否64位操作系统：True
2021-12-23 16:23:08,545 -------------------------------------------------------------------------------------
2021-12-23 16:23:08,545 初始化项目
2021-12-23 16:23:08,545 -------------------------------------------------------------------------------------
2021-12-23 16:23:08,545 第一次运行会下载Chromium,后续只是检查是否下载
2021-12-23 16:23:08,545 检查中....
2021-12-23 16:23:08,562 True
2021-12-23 16:23:08,563 程序配置自检 
2021-12-23 16:23:08,563 如果报错请检查配置或者检查配置是否挂载
2021-12-23 16:23:08,566 上传模式：none
2021-12-23 16:23:08,566 回收时间：分钟
2021-12-23 16:23:08,566 自动滑块：
2021-12-23 16:23:08,566 
2021-12-23 16:23:08,566 
2021-12-23 16:23:08,566 浏览器自检
2021-12-23 16:23:08,566 -------------------------------------------------------------------------------------
2021-12-23 16:23:13,386 页面文字京东登录注册+86获取验证码登 录账号密码登录手机快速注册其他登录方式QQ 微信 若您输入的手机号未注册，将为您直接注册，注册即视为同意 京东用户注册协议 、 用户隐私政策
2021-12-23 16:23:13,386 关闭页面
2021-12-23 16:23:13,448 浏览器关闭
2021-12-23 16:23:13,448 浏览器自检成功
2021-12-23 16:23:13,448 浏览器打开时间：4.881
2021-12-23 16:23:13,448 -------------------------------------------------------------------------------------
2021-12-23 16:23:13,448 检查成功
2021-12-23 16:23:13,467 NETJDC started
2021-12-23 16:23:19,129 System.ArgumentNullException: Value cannot be null. (Parameter 's')
   at System.Int32.Parse(String s)
   at NETJDC.Controllers.CloudController.Config() in E:\03工作源码\NETJDC\NETJDC\Controllers\CloudController.cs:line 83
   at Microsoft.AspNetCore.Mvc.Infrastructure.ActionMethodExecutor.TaskOfIActionResultExecutor.Execute(IActionResultTypeMapper mapper, ObjectMethodExecutor executor, Object controller, Object[] arguments)
   at Microsoft.AspNetCore.Mvc.Infrastructure.ControllerActionInvoker.<InvokeActionMethodAsync>g__Awaited|12_0(ControllerActionInvoker invoker, ValueTask`1 actionResultValueTask)
   at Microsoft.AspNetCore.Mvc.Infrastructure.ControllerActionInvoker.<InvokeNextActionFilterAsync>g__Awaited|10_0(ControllerActionInvoker invoker, Task lastTask, State next, Scope scope, Object state, Boolean isCompleted)
   at Microsoft.AspNetCore.Mvc.Infrastructure.ControllerActionInvoker.Rethrow(ActionExecutedContextSealed context)
   at Microsoft.AspNetCore.Mvc.Infrastructure.ControllerActionInvoker.Next(State& next, Scope& scope, Object& state, Boolean& isCompleted)
   at Microsoft.AspNetCore.Mvc.Infrastructure.ControllerActionInvoker.InvokeInnerFilterAsync()
--- End of stack trace from previous location ---
   at Microsoft.AspNetCore.Mvc.Infrastructure.ResourceInvoker.<InvokeNextExceptionFilterAsync>g__Awaited|25_0(ResourceInvoker invoker, Task lastTask, State next, Scope scope, Object state, Boolean isCompleted)
2021-12-23 16:24:04,811                  ,--.                     ,---._                           
2021-12-23 16:24:04,816                ,--.'|                   .-- -.' \     ,---,      ,----..   
2021-12-23 16:24:04,816            ,--,:  : |       ,---.       |    |   :  .'  .' `\   /   /   \  
2021-12-23 16:24:04,816         ,`--.'`|  ' :      /__./|       :    ;   |,---.'     \ |   :     : 
2021-12-23 16:24:04,816         |   :  :  | | ,---.;  ; |       :        ||   |  .`\  |.   |  ;. / 
2021-12-23 16:24:04,816         :   |   \ | :/___/ \  | |       |    :   ::   : |  '  |.   ; /--`  
2021-12-23 16:24:04,816         |   : '  '; |\   ;  \ ' |       :         |   ' '  ;  :;   | ;     
2021-12-23 16:24:04,816         '   ' ;.    ; \   \  \: |       |    ;   |'   | ;  .  ||   : |     
2021-12-23 16:24:04,816         |   | | \   |  ;   \  ' .   ___ l         |   | :  |  '.   | '___  
2021-12-23 16:24:04,816         '   : |  ; .'   \   \   ' /    /\    J   :'   : | /  ; '   ; : .'| 
2021-12-23 16:24:04,816         |   | '`--'      \   `  ;/  ../  `..-    ,|   | '` ,/  '   | '/  : 
2021-12-23 16:24:04,816         '   : |           :   \ |\    \         ; ;   :  .'    |   :    /  
2021-12-23 16:24:04,816         ;   |.'            '---'' \    \       ,' |   ,.'      \   \ .'   
2021-12-23 16:24:04,816         '---'                      '-- - ....--'  '-- '         `---`     
2021-12-23 16:24:04,816 
2021-12-23 16:24:04,816 
2021-12-23 16:24:04,816                                                                      Version:2.2
2021-12-23 16:24:04,816 
2021-12-23 16:24:04,816 
2021-12-23 16:24:04,816                                                                      By Nolan  
2021-12-23 16:24:04,816 
2021-12-23 16:24:04,816 -------------------------------------------------------------------------------------
2021-12-23 16:24:04,816 
2021-12-23 16:24:04,823 序列号:0A24CEA0-1558-4FA3-A405-C16D5D98D566

2021-12-23 16:24:04,824 Running on Linux!
2021-12-23 16:24:04,824 系统架构：X64
2021-12-23 16:24:04,824 系统名称：Linux 3.10.0-1160.45.1.el7.x86_64 #1 SMP Wed Oct 13 17:20:51 UTC 2021
2021-12-23 16:24:04,824 进程架构：X64
2021-12-23 16:24:04,824 是否64位操作系统：True
2021-12-23 16:24:04,824 -------------------------------------------------------------------------------------
2021-12-23 16:24:04,824 初始化项目
2021-12-23 16:24:04,824 -------------------------------------------------------------------------------------
2021-12-23 16:24:04,824 第一次运行会下载Chromium,后续只是检查是否下载
2021-12-23 16:24:04,824 检查中....
2021-12-23 16:24:04,840 True
2021-12-23 16:24:04,842 程序配置自检 
2021-12-23 16:24:04,842 如果报错请检查配置或者检查配置是否挂载
2021-12-23 16:24:04,845 上传模式：ql
2021-12-23 16:24:04,845 回收时间：5分钟
2021-12-23 16:24:04,845 自动滑块：5
2021-12-23 16:24:04,845 
2021-12-23 16:24:04,845 
2021-12-23 16:24:04,845 浏览器自检
2021-12-23 16:24:04,845 -------------------------------------------------------------------------------------
2021-12-23 16:24:09,573 页面文字京东登录注册+86获取验证码登 录账号密码登录手机快速注册其他登录方式QQ 微信 若您输入的手机号未注册，将为您直接注册，注册即视为同意 京东用户注册协议 、 用户隐私政策
2021-12-23 16:24:09,573 关闭页面
2021-12-23 16:24:09,627 浏览器关闭
2021-12-23 16:24:09,627 浏览器自检成功
2021-12-23 16:24:09,627 浏览器打开时间：4.781
2021-12-23 16:24:09,627 -------------------------------------------------------------------------------------
2021-12-23 16:24:09,627 检查成功
2021-12-23 16:24:09,894 NETJDC started
2021-12-23 16:27:48,101                  ,--.                     ,---._                           
2021-12-23 16:27:48,106                ,--.'|                   .-- -.' \     ,---,      ,----..   
2021-12-23 16:27:48,106            ,--,:  : |       ,---.       |    |   :  .'  .' `\   /   /   \  
2021-12-23 16:27:48,106         ,`--.'`|  ' :      /__./|       :    ;   |,---.'     \ |   :     : 
2021-12-23 16:27:48,106         |   :  :  | | ,---.;  ; |       :        ||   |  .`\  |.   |  ;. / 
2021-12-23 16:27:48,106         :   |   \ | :/___/ \  | |       |    :   ::   : |  '  |.   ; /--`  
2021-12-23 16:27:48,106         |   : '  '; |\   ;  \ ' |       :         |   ' '  ;  :;   | ;     
2021-12-23 16:27:48,106         '   ' ;.    ; \   \  \: |       |    ;   |'   | ;  .  ||   : |     
2021-12-23 16:27:48,106         |   | | \   |  ;   \  ' .   ___ l         |   | :  |  '.   | '___  
2021-12-23 16:27:48,106         '   : |  ; .'   \   \   ' /    /\    J   :'   : | /  ; '   ; : .'| 
2021-12-23 16:27:48,106         |   | '`--'      \   `  ;/  ../  `..-    ,|   | '` ,/  '   | '/  : 
2021-12-23 16:27:48,106         '   : |           :   \ |\    \         ; ;   :  .'    |   :    /  
2021-12-23 16:27:48,106         ;   |.'            '---'' \    \       ,' |   ,.'      \   \ .'   
2021-12-23 16:27:48,106         '---'                      '-- - ....--'  '-- '         `---`     
2021-12-23 16:27:48,106 
2021-12-23 16:27:48,106 
2021-12-23 16:27:48,106                                                                      Version:2.2
2021-12-23 16:27:48,106 
2021-12-23 16:27:48,106 
2021-12-23 16:27:48,106                                                                      By Nolan  
2021-12-23 16:27:48,106 
2021-12-23 16:27:48,106 -------------------------------------------------------------------------------------
2021-12-23 16:27:48,106 
2021-12-23 16:27:48,113 序列号:0A24CEA0-1558-4FA3-A405-C16D5D98D566

2021-12-23 16:27:48,113 Running on Linux!
2021-12-23 16:27:48,113 系统架构：X64
2021-12-23 16:27:48,113 系统名称：Linux 3.10.0-1160.45.1.el7.x86_64 #1 SMP Wed Oct 13 17:20:51 UTC 2021
2021-12-23 16:27:48,114 进程架构：X64
2021-12-23 16:27:48,114 是否64位操作系统：True
2021-12-23 16:27:48,114 -------------------------------------------------------------------------------------
2021-12-23 16:27:48,114 初始化项目
2021-12-23 16:27:48,114 -------------------------------------------------------------------------------------
2021-12-23 16:27:48,114 第一次运行会下载Chromium,后续只是检查是否下载
2021-12-23 16:27:48,114 检查中....
2021-12-23 16:27:48,130 True
2021-12-23 16:27:48,132 程序配置自检 
2021-12-23 16:27:48,132 如果报错请检查配置或者检查配置是否挂载
2021-12-23 16:27:48,135 上传模式：ql
2021-12-23 16:27:48,135 回收时间：5分钟
2021-12-23 16:27:48,135 自动滑块：5
2021-12-23 16:27:48,135 
2021-12-23 16:27:48,135 
2021-12-23 16:27:48,135 浏览器自检
2021-12-23 16:27:48,135 -------------------------------------------------------------------------------------
2021-12-23 16:27:52,814 页面文字京东登录注册+86获取验证码登 录账号密码登录手机快速注册其他登录方式QQ 微信 若您输入的手机号未注册，将为您直接注册，注册即视为同意 京东用户注册协议 、 用户隐私政策
2021-12-23 16:27:52,814 关闭页面
2021-12-23 16:27:52,879 浏览器关闭
2021-12-23 16:27:52,879 浏览器自检成功
2021-12-23 16:27:52,879 浏览器打开时间：4.743
2021-12-23 16:27:52,879 -------------------------------------------------------------------------------------
2021-12-23 16:27:52,879 检查成功
2021-12-23 16:27:53,132 NETJDC started
2021-12-23 16:48:57,591                  ,--.                     ,---._                           
2021-12-23 16:48:57,596                ,--.'|                   .-- -.' \     ,---,      ,----..   
2021-12-23 16:48:57,596            ,--,:  : |       ,---.       |    |   :  .'  .' `\   /   /   \  
2021-12-23 16:48:57,596         ,`--.'`|  ' :      /__./|       :    ;   |,---.'     \ |   :     : 
2021-12-23 16:48:57,596         |   :  :  | | ,---.;  ; |       :        ||   |  .`\  |.   |  ;. / 
2021-12-23 16:48:57,596         :   |   \ | :/___/ \  | |       |    :   ::   : |  '  |.   ; /--`  
2021-12-23 16:48:57,596         |   : '  '; |\   ;  \ ' |       :         |   ' '  ;  :;   | ;     
2021-12-23 16:48:57,596         '   ' ;.    ; \   \  \: |       |    ;   |'   | ;  .  ||   : |     
2021-12-23 16:48:57,596         |   | | \   |  ;   \  ' .   ___ l         |   | :  |  '.   | '___  
2021-12-23 16:48:57,596         '   : |  ; .'   \   \   ' /    /\    J   :'   : | /  ; '   ; : .'| 
2021-12-23 16:48:57,596         |   | '`--'      \   `  ;/  ../  `..-    ,|   | '` ,/  '   | '/  : 
2021-12-23 16:48:57,596         '   : |           :   \ |\    \         ; ;   :  .'    |   :    /  
2021-12-23 16:48:57,596         ;   |.'            '---'' \    \       ,' |   ,.'      \   \ .'   
2021-12-23 16:48:57,596         '---'                      '-- - ....--'  '-- '         `---`     
2021-12-23 16:48:57,596 
2021-12-23 16:48:57,596 
2021-12-23 16:48:57,596                                                                      Version:2.2
2021-12-23 16:48:57,596 
2021-12-23 16:48:57,596 
2021-12-23 16:48:57,596                                                                      By Nolan  
2021-12-23 16:48:57,596 
2021-12-23 16:48:57,596 -------------------------------------------------------------------------------------
2021-12-23 16:48:57,596 
2021-12-23 16:48:57,603 序列号:0A24CEA0-1558-4FA3-A405-C16D5D98D566

2021-12-23 16:48:57,603 Running on Linux!
2021-12-23 16:48:57,603 系统架构：X64
2021-12-23 16:48:57,603 系统名称：Linux 3.10.0-1160.45.1.el7.x86_64 #1 SMP Wed Oct 13 17:20:51 UTC 2021
2021-12-23 16:48:57,603 进程架构：X64
2021-12-23 16:48:57,603 是否64位操作系统：True
2021-12-23 16:48:57,603 -------------------------------------------------------------------------------------
2021-12-23 16:48:57,603 初始化项目
2021-12-23 16:48:57,603 -------------------------------------------------------------------------------------
2021-12-23 16:48:57,603 第一次运行会下载Chromium,后续只是检查是否下载
2021-12-23 16:48:57,603 检查中....
2021-12-23 16:48:57,619 True
2021-12-23 16:48:57,621 程序配置自检 
2021-12-23 16:48:57,621 如果报错请检查配置或者检查配置是否挂载
2021-12-23 16:48:57,624 上传模式：ql
2021-12-23 16:48:57,624 回收时间：5分钟
2021-12-23 16:48:57,624 自动滑块：5
2021-12-23 16:48:57,624 
2021-12-23 16:48:57,624 
2021-12-23 16:48:57,624 浏览器自检
2021-12-23 16:48:57,624 -------------------------------------------------------------------------------------
2021-12-23 16:49:02,279 页面文字京东登录注册+86获取验证码登 录账号密码登录手机快速注册其他登录方式QQ 微信 若您输入的手机号未注册，将为您直接注册，注册即视为同意 京东用户注册协议 、 用户隐私政策
2021-12-23 16:49:02,279 关闭页面
2021-12-23 16:49:02,337 浏览器关闭
2021-12-23 16:49:02,337 浏览器自检成功
2021-12-23 16:49:02,337 浏览器打开时间：4.713
2021-12-23 16:49:02,338 -------------------------------------------------------------------------------------
2021-12-23 16:49:02,338 检查成功
2021-12-23 16:49:02,573 NETJDC started
