2021-12-24 12:30:00,137 用户没有扫码关注。转发给主号
2021-12-24 12:30:00,139 用户没有扫码关注。转发给主号
2021-12-24 15:20:41,743 System.Exception: 请选择服务器
   at NETJDC.Controllers.CloudController.SendSMS(RequestEntity obj) in E:\03工作源码\NETJDC\NETJDC\Controllers\CloudController.cs:line 195
2021-12-24 15:26:40,443                  ,--.                     ,---._                           
2021-12-24 15:26:40,450                ,--.'|                   .-- -.' \     ,---,      ,----..   
2021-12-24 15:26:40,450            ,--,:  : |       ,---.       |    |   :  .'  .' `\   /   /   \  
2021-12-24 15:26:40,450         ,`--.'`|  ' :      /__./|       :    ;   |,---.'     \ |   :     : 
2021-12-24 15:26:40,450         |   :  :  | | ,---.;  ; |       :        ||   |  .`\  |.   |  ;. / 
2021-12-24 15:26:40,450         :   |   \ | :/___/ \  | |       |    :   ::   : |  '  |.   ; /--`  
2021-12-24 15:26:40,450         |   : '  '; |\   ;  \ ' |       :         |   ' '  ;  :;   | ;     
2021-12-24 15:26:40,450         '   ' ;.    ; \   \  \: |       |    ;   |'   | ;  .  ||   : |     
2021-12-24 15:26:40,450         |   | | \   |  ;   \  ' .   ___ l         |   | :  |  '.   | '___  
2021-12-24 15:26:40,450         '   : |  ; .'   \   \   ' /    /\    J   :'   : | /  ; '   ; : .'| 
2021-12-24 15:26:40,450         |   | '`--'      \   `  ;/  ../  `..-    ,|   | '` ,/  '   | '/  : 
2021-12-24 15:26:40,450         '   : |           :   \ |\    \         ; ;   :  .'    |   :    /  
2021-12-24 15:26:40,450         ;   |.'            '---'' \    \       ,' |   ,.'      \   \ .'   
2021-12-24 15:26:40,450         '---'                      '-- - ....--'  '-- '         `---`     
2021-12-24 15:26:40,450 
2021-12-24 15:26:40,450 
2021-12-24 15:26:40,450                                                                      Version:2.2
2021-12-24 15:26:40,450 
2021-12-24 15:26:40,450 
2021-12-24 15:26:40,450                                                                      By Nolan  
2021-12-24 15:26:40,450 
2021-12-24 15:26:40,450 -------------------------------------------------------------------------------------
2021-12-24 15:26:40,450 
2021-12-24 15:26:40,457 序列号:0A24CEA0-1558-4FA3-A405-C16D5D98D566

2021-12-24 15:26:40,457 Running on Linux!
2021-12-24 15:26:40,458 系统架构：X64
2021-12-24 15:26:40,458 系统名称：Linux 3.10.0-1160.45.1.el7.x86_64 #1 SMP Wed Oct 13 17:20:51 UTC 2021
2021-12-24 15:26:40,458 进程架构：X64
2021-12-24 15:26:40,458 是否64位操作系统：True
2021-12-24 15:26:40,458 -------------------------------------------------------------------------------------
2021-12-24 15:26:40,458 初始化项目
2021-12-24 15:26:40,458 -------------------------------------------------------------------------------------
2021-12-24 15:26:40,458 第一次运行会下载Chromium,后续只是检查是否下载
2021-12-24 15:26:40,458 检查中....
2021-12-24 15:26:40,475 True
2021-12-24 15:26:40,476 程序配置自检 
2021-12-24 15:26:40,476 如果报错请检查配置或者检查配置是否挂载
2021-12-24 15:26:40,479 上传模式：none
2021-12-24 15:26:40,479 回收时间：5分钟
2021-12-24 15:26:40,479 自动滑块：5
2021-12-24 15:26:40,479 
2021-12-24 15:26:40,479 
2021-12-24 15:26:40,479 浏览器自检
2021-12-24 15:26:40,479 -------------------------------------------------------------------------------------
2021-12-24 15:26:45,163 页面文字京东登录注册+86获取验证码登 录账号密码登录手机快速注册其他登录方式QQ 微信 若您输入的手机号未注册，将为您直接注册，注册即视为同意 京东用户注册协议 、 用户隐私政策
2021-12-24 15:26:45,163 关闭页面
2021-12-24 15:26:45,224 浏览器关闭
2021-12-24 15:26:45,224 浏览器自检成功
2021-12-24 15:26:45,224 浏览器打开时间：4.745
2021-12-24 15:26:45,225 -------------------------------------------------------------------------------------
2021-12-24 15:26:45,225 检查成功
2021-12-24 15:26:45,244 NETJDC started
2021-12-24 15:27:44,931 JSHandle:getMsg-btn text-btn J_ping timer active
2021-12-24 15:27:46,671     手机：15155924894 tabe 创建 时间:12/24/2021 15:27:46
2021-12-24 15:27:46,671 15155924894选字安全验证
2021-12-24 15:27:46,702 System.NullReferenceException: Object reference not set to an instance of an object.
   at Server.PageServer.PageServer.GetIMG2(Page page, Int32 time) in E:\03工作源码\NETJDC\Server\PageServer\PageServer.cs:line 1004
   at Server.PageServer.PageServer.OpenJDTab(Int32 qlkey, String Phone, Boolean UploadQL) in E:\03工作源码\NETJDC\Server\PageServer\PageServer.cs:line 415
   at NETJDC.Controllers.CloudController.SendSMS(RequestEntity obj) in E:\03工作源码\NETJDC\NETJDC\Controllers\CloudController.cs:line 199
2021-12-24 15:32:46,673     手机：15155924894 tabe 自动回收 时间:12/24/2021 15:32:46
2021-12-24 15:43:55,847                  ,--.                     ,---._                           
2021-12-24 15:43:55,852                ,--.'|                   .-- -.' \     ,---,      ,----..   
2021-12-24 15:43:55,852            ,--,:  : |       ,---.       |    |   :  .'  .' `\   /   /   \  
2021-12-24 15:43:55,852         ,`--.'`|  ' :      /__./|       :    ;   |,---.'     \ |   :     : 
2021-12-24 15:43:55,852         |   :  :  | | ,---.;  ; |       :        ||   |  .`\  |.   |  ;. / 
2021-12-24 15:43:55,852         :   |   \ | :/___/ \  | |       |    :   ::   : |  '  |.   ; /--`  
2021-12-24 15:43:55,852         |   : '  '; |\   ;  \ ' |       :         |   ' '  ;  :;   | ;     
2021-12-24 15:43:55,852         '   ' ;.    ; \   \  \: |       |    ;   |'   | ;  .  ||   : |     
2021-12-24 15:43:55,852         |   | | \   |  ;   \  ' .   ___ l         |   | :  |  '.   | '___  
2021-12-24 15:43:55,852         '   : |  ; .'   \   \   ' /    /\    J   :'   : | /  ; '   ; : .'| 
2021-12-24 15:43:55,852         |   | '`--'      \   `  ;/  ../  `..-    ,|   | '` ,/  '   | '/  : 
2021-12-24 15:43:55,852         '   : |           :   \ |\    \         ; ;   :  .'    |   :    /  
2021-12-24 15:43:55,852         ;   |.'            '---'' \    \       ,' |   ,.'      \   \ .'   
2021-12-24 15:43:55,852         '---'                      '-- - ....--'  '-- '         `---`     
2021-12-24 15:43:55,853 
2021-12-24 15:43:55,853 
2021-12-24 15:43:55,853                                                                      Version:2.2
2021-12-24 15:43:55,853 
2021-12-24 15:43:55,853 
2021-12-24 15:43:55,853                                                                      By Nolan  
2021-12-24 15:43:55,853 
2021-12-24 15:43:55,853 -------------------------------------------------------------------------------------
2021-12-24 15:43:55,853 
2021-12-24 15:43:55,862 序列号:0A24CEA0-1558-4FA3-A405-C16D5D98D566

2021-12-24 15:43:55,863 Running on Linux!
2021-12-24 15:43:55,863 系统架构：X64
2021-12-24 15:43:55,863 系统名称：Linux 3.10.0-1160.45.1.el7.x86_64 #1 SMP Wed Oct 13 17:20:51 UTC 2021
2021-12-24 15:43:55,863 进程架构：X64
2021-12-24 15:43:55,863 是否64位操作系统：True
2021-12-24 15:43:55,863 -------------------------------------------------------------------------------------
2021-12-24 15:43:55,863 初始化项目
2021-12-24 15:43:55,863 -------------------------------------------------------------------------------------
2021-12-24 15:43:55,863 第一次运行会下载Chromium,后续只是检查是否下载
2021-12-24 15:43:55,863 检查中....
2021-12-24 15:43:55,880 True
2021-12-24 15:43:55,881 程序配置自检 
2021-12-24 15:43:55,881 如果报错请检查配置或者检查配置是否挂载
2021-12-24 15:43:55,884 上传模式：ql
2021-12-24 15:43:55,884 回收时间：5分钟
2021-12-24 15:43:55,884 自动滑块：5
2021-12-24 15:43:55,884 
2021-12-24 15:43:55,884 
2021-12-24 15:43:55,884 浏览器自检
2021-12-24 15:43:55,884 -------------------------------------------------------------------------------------
2021-12-24 15:44:01,006 页面文字京东登录注册+86获取验证码登 录账号密码登录手机快速注册其他登录方式QQ 微信 若您输入的手机号未注册，将为您直接注册，注册即视为同意 京东用户注册协议 、 用户隐私政策
2021-12-24 15:44:01,006 关闭页面
2021-12-24 15:44:01,056 浏览器关闭
2021-12-24 15:44:01,056 浏览器自检成功
2021-12-24 15:44:01,056 浏览器打开时间：5.171
2021-12-24 15:44:01,057 -------------------------------------------------------------------------------------
2021-12-24 15:44:01,057 检查成功
2021-12-24 15:44:01,364 NETJDC started
2021-12-24 15:44:06,607 System.Exception: 配置有误获取token失败
   at Systems.Qlconfig.GetToken() in E:\03工作源码\NETJDC\Systems\MainConfig.cs:line 445
   at Systems.Qlconfig.GetEnv(String searchValue) in E:\03工作源码\NETJDC\Systems\MainConfig.cs:line 453
   at Systems.Qlconfig.GetEnvsCount(String searchValue) in E:\03工作源码\NETJDC\Systems\MainConfig.cs:line 482
   at NETJDC.Controllers.CloudController.Config() in E:\03工作源码\NETJDC\NETJDC\Controllers\CloudController.cs:line 74
   at Microsoft.AspNetCore.Mvc.Infrastructure.ActionMethodExecutor.TaskOfIActionResultExecutor.Execute(IActionResultTypeMapper mapper, ObjectMethodExecutor executor, Object controller, Object[] arguments)
   at Microsoft.AspNetCore.Mvc.Infrastructure.ControllerActionInvoker.<InvokeActionMethodAsync>g__Awaited|12_0(ControllerActionInvoker invoker, ValueTask`1 actionResultValueTask)
   at Microsoft.AspNetCore.Mvc.Infrastructure.ControllerActionInvoker.<InvokeNextActionFilterAsync>g__Awaited|10_0(ControllerActionInvoker invoker, Task lastTask, State next, Scope scope, Object state, Boolean isCompleted)
   at Microsoft.AspNetCore.Mvc.Infrastructure.ControllerActionInvoker.Rethrow(ActionExecutedContextSealed context)
   at Microsoft.AspNetCore.Mvc.Infrastructure.ControllerActionInvoker.Next(State& next, Scope& scope, Object& state, Boolean& isCompleted)
   at Microsoft.AspNetCore.Mvc.Infrastructure.ControllerActionInvoker.<InvokeInnerFilterAsync>g__Awaited|13_0(ControllerActionInvoker invoker, Task lastTask, State next, Scope scope, Object state, Boolean isCompleted)
   at Microsoft.AspNetCore.Mvc.Infrastructure.ResourceInvoker.<InvokeNextExceptionFilterAsync>g__Awaited|25_0(ResourceInvoker invoker, Task lastTask, State next, Scope scope, Object state, Boolean isCompleted)
2021-12-24 15:45:21,066                  ,--.                     ,---._                           
2021-12-24 15:45:21,071                ,--.'|                   .-- -.' \     ,---,      ,----..   
2021-12-24 15:45:21,071            ,--,:  : |       ,---.       |    |   :  .'  .' `\   /   /   \  
2021-12-24 15:45:21,071         ,`--.'`|  ' :      /__./|       :    ;   |,---.'     \ |   :     : 
2021-12-24 15:45:21,071         |   :  :  | | ,---.;  ; |       :        ||   |  .`\  |.   |  ;. / 
2021-12-24 15:45:21,071         :   |   \ | :/___/ \  | |       |    :   ::   : |  '  |.   ; /--`  
2021-12-24 15:45:21,071         |   : '  '; |\   ;  \ ' |       :         |   ' '  ;  :;   | ;     
2021-12-24 15:45:21,071         '   ' ;.    ; \   \  \: |       |    ;   |'   | ;  .  ||   : |     
2021-12-24 15:45:21,071         |   | | \   |  ;   \  ' .   ___ l         |   | :  |  '.   | '___  
2021-12-24 15:45:21,071         '   : |  ; .'   \   \   ' /    /\    J   :'   : | /  ; '   ; : .'| 
2021-12-24 15:45:21,071         |   | '`--'      \   `  ;/  ../  `..-    ,|   | '` ,/  '   | '/  : 
2021-12-24 15:45:21,071         '   : |           :   \ |\    \         ; ;   :  .'    |   :    /  
2021-12-24 15:45:21,071         ;   |.'            '---'' \    \       ,' |   ,.'      \   \ .'   
2021-12-24 15:45:21,071         '---'                      '-- - ....--'  '-- '         `---`     
2021-12-24 15:45:21,071 
2021-12-24 15:45:21,071 
2021-12-24 15:45:21,071                                                                      Version:2.2
2021-12-24 15:45:21,071 
2021-12-24 15:45:21,071 
2021-12-24 15:45:21,071                                                                      By Nolan  
2021-12-24 15:45:21,071 
2021-12-24 15:45:21,071 -------------------------------------------------------------------------------------
2021-12-24 15:45:21,071 
2021-12-24 15:45:21,077 序列号:0A24CEA0-1558-4FA3-A405-C16D5D98D566

2021-12-24 15:45:21,077 Running on Linux!
2021-12-24 15:45:21,078 系统架构：X64
2021-12-24 15:45:21,078 系统名称：Linux 3.10.0-1160.45.1.el7.x86_64 #1 SMP Wed Oct 13 17:20:51 UTC 2021
2021-12-24 15:45:21,078 进程架构：X64
2021-12-24 15:45:21,078 是否64位操作系统：True
2021-12-24 15:45:21,078 -------------------------------------------------------------------------------------
2021-12-24 15:45:21,078 初始化项目
2021-12-24 15:45:21,078 -------------------------------------------------------------------------------------
2021-12-24 15:45:21,078 第一次运行会下载Chromium,后续只是检查是否下载
2021-12-24 15:45:21,078 检查中....
2021-12-24 15:45:21,094 True
2021-12-24 15:45:21,095 程序配置自检 
2021-12-24 15:45:21,095 如果报错请检查配置或者检查配置是否挂载
2021-12-24 15:45:21,099 上传模式：ql
2021-12-24 15:45:21,099 回收时间：5分钟
2021-12-24 15:45:21,099 自动滑块：5
2021-12-24 15:45:21,099 
2021-12-24 15:45:21,099 
2021-12-24 15:45:21,099 浏览器自检
2021-12-24 15:45:21,099 -------------------------------------------------------------------------------------
2021-12-24 15:45:25,792 页面文字京东登录注册+86获取验证码登 录账号密码登录手机快速注册其他登录方式QQ 微信 若您输入的手机号未注册，将为您直接注册，注册即视为同意 京东用户注册协议 、 用户隐私政策
2021-12-24 15:45:25,792 关闭页面
2021-12-24 15:45:25,843 浏览器关闭
2021-12-24 15:45:25,843 浏览器自检成功
2021-12-24 15:45:25,843 浏览器打开时间：4.744
2021-12-24 15:45:25,844 -------------------------------------------------------------------------------------
2021-12-24 15:45:25,844 检查成功
2021-12-24 15:45:26,097 NETJDC started
