2021-12-26 12:30:00,443 用户没有扫码关注。转发给主号
2021-12-26 12:30:00,443 用户没有扫码关注。转发给主号
2021-12-26 12:30:00,443 用户没有扫码关注。转发给主号
2021-12-26 12:30:00,443 用户没有扫码关注。转发给主号
2021-12-26 13:56:54,463                  ,--.                     ,---._                           
2021-12-26 13:56:54,468                ,--.'|                   .-- -.' \     ,---,      ,----..   
2021-12-26 13:56:54,468            ,--,:  : |       ,---.       |    |   :  .'  .' `\   /   /   \  
2021-12-26 13:56:54,469         ,`--.'`|  ' :      /__./|       :    ;   |,---.'     \ |   :     : 
2021-12-26 13:56:54,469         |   :  :  | | ,---.;  ; |       :        ||   |  .`\  |.   |  ;. / 
2021-12-26 13:56:54,469         :   |   \ | :/___/ \  | |       |    :   ::   : |  '  |.   ; /--`  
2021-12-26 13:56:54,469         |   : '  '; |\   ;  \ ' |       :         |   ' '  ;  :;   | ;     
2021-12-26 13:56:54,469         '   ' ;.    ; \   \  \: |       |    ;   |'   | ;  .  ||   : |     
2021-12-26 13:56:54,469         |   | | \   |  ;   \  ' .   ___ l         |   | :  |  '.   | '___  
2021-12-26 13:56:54,469         '   : |  ; .'   \   \   ' /    /\    J   :'   : | /  ; '   ; : .'| 
2021-12-26 13:56:54,469         |   | '`--'      \   `  ;/  ../  `..-    ,|   | '` ,/  '   | '/  : 
2021-12-26 13:56:54,469         '   : |           :   \ |\    \         ; ;   :  .'    |   :    /  
2021-12-26 13:56:54,469         ;   |.'            '---'' \    \       ,' |   ,.'      \   \ .'   
2021-12-26 13:56:54,469         '---'                      '-- - ....--'  '-- '         `---`     
2021-12-26 13:56:54,469 
2021-12-26 13:56:54,469 
2021-12-26 13:56:54,469                                                                      Version:2.2
2021-12-26 13:56:54,469 
2021-12-26 13:56:54,469 
2021-12-26 13:56:54,469                                                                      By Nolan  
2021-12-26 13:56:54,469 
2021-12-26 13:56:54,469 -------------------------------------------------------------------------------------
2021-12-26 13:56:54,469 
2021-12-26 13:56:54,476 序列号:0A24CEA0-1558-4FA3-A405-C16D5D98D566

2021-12-26 13:56:54,476 Running on Linux!
2021-12-26 13:56:54,476 系统架构：X64
2021-12-26 13:56:54,476 系统名称：Linux 3.10.0-1160.45.1.el7.x86_64 #1 SMP Wed Oct 13 17:20:51 UTC 2021
2021-12-26 13:56:54,476 进程架构：X64
2021-12-26 13:56:54,476 是否64位操作系统：True
2021-12-26 13:56:54,476 -------------------------------------------------------------------------------------
2021-12-26 13:56:54,476 初始化项目
2021-12-26 13:56:54,476 -------------------------------------------------------------------------------------
2021-12-26 13:56:54,476 第一次运行会下载Chromium,后续只是检查是否下载
2021-12-26 13:56:54,476 检查中....
2021-12-26 13:56:54,493 True
2021-12-26 13:56:54,495 程序配置自检 
2021-12-26 13:56:54,495 如果报错请检查配置或者检查配置是否挂载
2021-12-26 13:56:54,498 上传模式：ql
2021-12-26 13:56:54,498 回收时间：5分钟
2021-12-26 13:56:54,498 自动滑块：5
2021-12-26 13:56:54,498 
2021-12-26 13:56:54,498 
2021-12-26 13:56:54,498 浏览器自检
2021-12-26 13:56:54,498 -------------------------------------------------------------------------------------
2021-12-26 13:57:04,130 页面文字京东登录注册+86获取验证码登 录账号密码登录手机快速注册其他登录方式QQ 微信 若您输入的手机号未注册，将为您直接注册，注册即视为同意 京东用户注册协议 、 用户隐私政策
2021-12-26 13:57:04,130 关闭页面
2021-12-26 13:57:04,185 浏览器关闭
2021-12-26 13:57:04,185 浏览器自检成功
2021-12-26 13:57:04,185 浏览器打开时间：9.687
2021-12-26 13:57:04,185 -------------------------------------------------------------------------------------
2021-12-26 13:57:04,187 检查成功
2021-12-26 13:57:04,422 NETJDC started
2021-12-26 13:58:38,015                  ,--.                     ,---._                           
2021-12-26 13:58:38,021                ,--.'|                   .-- -.' \     ,---,      ,----..   
2021-12-26 13:58:38,021            ,--,:  : |       ,---.       |    |   :  .'  .' `\   /   /   \  
2021-12-26 13:58:38,021         ,`--.'`|  ' :      /__./|       :    ;   |,---.'     \ |   :     : 
2021-12-26 13:58:38,021         |   :  :  | | ,---.;  ; |       :        ||   |  .`\  |.   |  ;. / 
2021-12-26 13:58:38,021         :   |   \ | :/___/ \  | |       |    :   ::   : |  '  |.   ; /--`  
2021-12-26 13:58:38,021         |   : '  '; |\   ;  \ ' |       :         |   ' '  ;  :;   | ;     
2021-12-26 13:58:38,021         '   ' ;.    ; \   \  \: |       |    ;   |'   | ;  .  ||   : |     
2021-12-26 13:58:38,021         |   | | \   |  ;   \  ' .   ___ l         |   | :  |  '.   | '___  
2021-12-26 13:58:38,021         '   : |  ; .'   \   \   ' /    /\    J   :'   : | /  ; '   ; : .'| 
2021-12-26 13:58:38,021         |   | '`--'      \   `  ;/  ../  `..-    ,|   | '` ,/  '   | '/  : 
2021-12-26 13:58:38,021         '   : |           :   \ |\    \         ; ;   :  .'    |   :    /  
2021-12-26 13:58:38,021         ;   |.'            '---'' \    \       ,' |   ,.'      \   \ .'   
2021-12-26 13:58:38,021         '---'                      '-- - ....--'  '-- '         `---`     
2021-12-26 13:58:38,021 
2021-12-26 13:58:38,021 
2021-12-26 13:58:38,021                                                                      Version:2.2
2021-12-26 13:58:38,021 
2021-12-26 13:58:38,021 
2021-12-26 13:58:38,021                                                                      By Nolan  
2021-12-26 13:58:38,021 
2021-12-26 13:58:38,021 -------------------------------------------------------------------------------------
2021-12-26 13:58:38,021 
2021-12-26 13:58:38,027 序列号:0A24CEA0-1558-4FA3-A405-C16D5D98D566

2021-12-26 13:58:38,027 Running on Linux!
2021-12-26 13:58:38,027 系统架构：X64
2021-12-26 13:58:38,028 系统名称：Linux 3.10.0-1160.45.1.el7.x86_64 #1 SMP Wed Oct 13 17:20:51 UTC 2021
2021-12-26 13:58:38,028 进程架构：X64
2021-12-26 13:58:38,028 是否64位操作系统：True
2021-12-26 13:58:38,028 -------------------------------------------------------------------------------------
2021-12-26 13:58:38,028 初始化项目
2021-12-26 13:58:38,028 -------------------------------------------------------------------------------------
2021-12-26 13:58:38,028 第一次运行会下载Chromium,后续只是检查是否下载
2021-12-26 13:58:38,028 检查中....
2021-12-26 13:58:38,043 True
2021-12-26 13:58:38,045 程序配置自检 
2021-12-26 13:58:38,045 如果报错请检查配置或者检查配置是否挂载
2021-12-26 13:58:38,048 上传模式：ql
2021-12-26 13:58:38,048 回收时间：5分钟
2021-12-26 13:58:38,048 自动滑块：5
2021-12-26 13:58:38,048 
2021-12-26 13:58:38,048 
2021-12-26 13:58:38,048 浏览器自检
2021-12-26 13:58:38,048 -------------------------------------------------------------------------------------
2021-12-26 13:58:42,626 页面文字京东登录注册+86获取验证码登 录账号密码登录手机快速注册其他登录方式QQ 微信 若您输入的手机号未注册，将为您直接注册，注册即视为同意 京东用户注册协议 、 用户隐私政策
2021-12-26 13:58:42,626 关闭页面
2021-12-26 13:58:42,676 浏览器关闭
2021-12-26 13:58:42,676 浏览器自检成功
2021-12-26 13:58:42,676 浏览器打开时间：4.628
2021-12-26 13:58:42,676 -------------------------------------------------------------------------------------
2021-12-26 13:58:42,678 检查成功
2021-12-26 13:58:42,966 NETJDC started
2021-12-26 18:07:11,262                  ,--.                     ,---._                           
2021-12-26 18:07:11,266                ,--.'|                   .-- -.' \     ,---,      ,----..   
2021-12-26 18:07:11,266            ,--,:  : |       ,---.       |    |   :  .'  .' `\   /   /   \  
2021-12-26 18:07:11,266         ,`--.'`|  ' :      /__./|       :    ;   |,---.'     \ |   :     : 
2021-12-26 18:07:11,266         |   :  :  | | ,---.;  ; |       :        ||   |  .`\  |.   |  ;. / 
2021-12-26 18:07:11,266         :   |   \ | :/___/ \  | |       |    :   ::   : |  '  |.   ; /--`  
2021-12-26 18:07:11,266         |   : '  '; |\   ;  \ ' |       :         |   ' '  ;  :;   | ;     
2021-12-26 18:07:11,266         '   ' ;.    ; \   \  \: |       |    ;   |'   | ;  .  ||   : |     
2021-12-26 18:07:11,266         |   | | \   |  ;   \  ' .   ___ l         |   | :  |  '.   | '___  
2021-12-26 18:07:11,266         '   : |  ; .'   \   \   ' /    /\    J   :'   : | /  ; '   ; : .'| 
2021-12-26 18:07:11,266         |   | '`--'      \   `  ;/  ../  `..-    ,|   | '` ,/  '   | '/  : 
2021-12-26 18:07:11,266         '   : |           :   \ |\    \         ; ;   :  .'    |   :    /  
2021-12-26 18:07:11,266         ;   |.'            '---'' \    \       ,' |   ,.'      \   \ .'   
2021-12-26 18:07:11,266         '---'                      '-- - ....--'  '-- '         `---`     
2021-12-26 18:07:11,266 
2021-12-26 18:07:11,266 
2021-12-26 18:07:11,266                                                                      Version:2.2
2021-12-26 18:07:11,266 
2021-12-26 18:07:11,266 
2021-12-26 18:07:11,266                                                                      By Nolan  
2021-12-26 18:07:11,266 
2021-12-26 18:07:11,267 -------------------------------------------------------------------------------------
2021-12-26 18:07:11,267 
2021-12-26 18:07:11,273 序列号:0A24CEA0-1558-4FA3-A405-C16D5D98D566

2021-12-26 18:07:11,273 Running on Linux!
2021-12-26 18:07:11,273 系统架构：X64
2021-12-26 18:07:11,273 系统名称：Linux 3.10.0-1160.45.1.el7.x86_64 #1 SMP Wed Oct 13 17:20:51 UTC 2021
2021-12-26 18:07:11,273 进程架构：X64
2021-12-26 18:07:11,273 是否64位操作系统：True
2021-12-26 18:07:11,273 -------------------------------------------------------------------------------------
2021-12-26 18:07:11,273 初始化项目
2021-12-26 18:07:11,273 -------------------------------------------------------------------------------------
2021-12-26 18:07:11,273 第一次运行会下载Chromium,后续只是检查是否下载
2021-12-26 18:07:11,273 检查中....
2021-12-26 18:07:11,289 True
2021-12-26 18:07:11,291 程序配置自检 
2021-12-26 18:07:11,291 如果报错请检查配置或者检查配置是否挂载
2021-12-26 18:07:11,294 上传模式：ql
2021-12-26 18:07:11,294 回收时间：5分钟
2021-12-26 18:07:11,294 自动滑块：5
2021-12-26 18:07:11,294 
2021-12-26 18:07:11,294 
2021-12-26 18:07:11,294 浏览器自检
2021-12-26 18:07:11,295 -------------------------------------------------------------------------------------
2021-12-26 18:07:16,206 页面文字京东登录注册+86获取验证码登 录账号密码登录手机快速注册其他登录方式QQ 微信 若您输入的手机号未注册，将为您直接注册，注册即视为同意 京东用户注册协议 、 用户隐私政策
2021-12-26 18:07:16,206 关闭页面
2021-12-26 18:07:16,265 浏览器关闭
2021-12-26 18:07:16,265 浏览器自检成功
2021-12-26 18:07:16,265 浏览器打开时间：4.97
2021-12-26 18:07:16,265 -------------------------------------------------------------------------------------
2021-12-26 18:07:16,266 检查成功
2021-12-26 18:07:16,514 NETJDC started
2021-12-26 18:10:53,564 JSHandle:getMsg-btn text-btn J_ping timer active
2021-12-26 18:10:57,405     手机：19186427862 tabe 创建 时间:12/26/2021 18:10:57
2021-12-26 18:10:57,405 19186427862选字安全验证
2021-12-26 18:10:57,420 System.NullReferenceException: Object reference not set to an instance of an object.
   at Server.PageServer.PageServer.GetIMG2(Page page, Int32 time) in E:\03工作源码\NETJDC\Server\PageServer\PageServer.cs:line 1004
   at Server.PageServer.PageServer.OpenJDTab(Int32 qlkey, String Phone, Boolean UploadQL) in E:\03工作源码\NETJDC\Server\PageServer\PageServer.cs:line 415
   at NETJDC.Controllers.CloudController.SendSMS(RequestEntity obj) in E:\03工作源码\NETJDC\NETJDC\Controllers\CloudController.cs:line 199
2021-12-26 18:15:57,406     手机：19186427862 tabe 自动回收 时间:12/26/2021 18:15:57
