2022-01-04 18:10:09,375                  ,--.                     ,---._                           
2022-01-04 18:10:09,380                ,--.'|                   .-- -.' \     ,---,      ,----..   
2022-01-04 18:10:09,380            ,--,:  : |       ,---.       |    |   :  .'  .' `\   /   /   \  
2022-01-04 18:10:09,380         ,`--.'`|  ' :      /__./|       :    ;   |,---.'     \ |   :     : 
2022-01-04 18:10:09,380         |   :  :  | | ,---.;  ; |       :        ||   |  .`\  |.   |  ;. / 
2022-01-04 18:10:09,380         :   |   \ | :/___/ \  | |       |    :   ::   : |  '  |.   ; /--`  
2022-01-04 18:10:09,380         |   : '  '; |\   ;  \ ' |       :         |   ' '  ;  :;   | ;     
2022-01-04 18:10:09,380         '   ' ;.    ; \   \  \: |       |    ;   |'   | ;  .  ||   : |     
2022-01-04 18:10:09,380         |   | | \   |  ;   \  ' .   ___ l         |   | :  |  '.   | '___  
2022-01-04 18:10:09,380         '   : |  ; .'   \   \   ' /    /\    J   :'   : | /  ; '   ; : .'| 
2022-01-04 18:10:09,380         |   | '`--'      \   `  ;/  ../  `..-    ,|   | '` ,/  '   | '/  : 
2022-01-04 18:10:09,380         '   : |           :   \ |\    \         ; ;   :  .'    |   :    /  
2022-01-04 18:10:09,380         ;   |.'            '---'' \    \       ,' |   ,.'      \   \ .'   
2022-01-04 18:10:09,380         '---'                      '-- - ....--'  '-- '         `---`     
2022-01-04 18:10:09,380 
2022-01-04 18:10:09,380 
2022-01-04 18:10:09,380                                                                      Version:2.3
2022-01-04 18:10:09,380 
2022-01-04 18:10:09,380 
2022-01-04 18:10:09,380                                                                      By Nolan  
2022-01-04 18:10:09,380 
2022-01-04 18:10:09,380 -------------------------------------------------------------------------------------
2022-01-04 18:10:09,380 
2022-01-04 18:10:09,486 序列号:0A24CEA0-1558-4FA3-A405-C16D5D98D566

2022-01-04 18:10:09,486 Running on Linux!
2022-01-04 18:10:09,486 系统架构：X64
2022-01-04 18:10:09,487 系统名称：Linux 3.10.0-1160.45.1.el7.x86_64 #1 SMP Wed Oct 13 17:20:51 UTC 2021
2022-01-04 18:10:09,487 进程架构：X64
2022-01-04 18:10:09,487 是否64位操作系统：True
2022-01-04 18:10:09,487 -------------------------------------------------------------------------------------
2022-01-04 18:10:09,487 初始化项目
2022-01-04 18:10:09,487 -------------------------------------------------------------------------------------
2022-01-04 18:10:09,487 第一次运行会下载Chromium,后续只是检查是否下载
2022-01-04 18:10:09,487 检查中....
2022-01-04 18:10:09,508 True
2022-01-04 18:10:09,510 程序配置自检 
2022-01-04 18:10:09,510 如果报错请检查配置或者检查配置是否挂载
2022-01-04 18:10:09,513 上传模式：ql
2022-01-04 18:10:09,513 回收时间：5分钟
2022-01-04 18:10:09,513 自动滑块：5
2022-01-04 18:10:09,513 
2022-01-04 18:10:09,513 
2022-01-04 18:10:09,513 浏览器自检
2022-01-04 18:10:09,513 -------------------------------------------------------------------------------------
2022-01-04 18:10:15,627 页面文字京东登录注册+86获取验证码登 录账号密码登录手机快速注册其他登录方式QQ 微信 若您输入的手机号未注册，将为您直接注册，注册即视为同意 京东用户注册协议 、 用户隐私政策
2022-01-04 18:10:15,627 关闭页面
2022-01-04 18:10:15,679 浏览器关闭
2022-01-04 18:10:15,680 浏览器自检成功
2022-01-04 18:10:15,680 浏览器打开时间：6.166
2022-01-04 18:10:15,680 -------------------------------------------------------------------------------------
2022-01-04 18:10:15,680 检查成功
2022-01-04 18:10:15,992 NETJDC started
2022-01-04 18:14:00,729     手机：15155934412 tabe 创建 时间:01/04/2022 18:14:00
2022-01-04 18:14:00,729 15155934412安全验证
2022-01-04 18:14:00,981 15155934412滑块安全验证
2022-01-04 18:14:01,443 
2022-01-04 18:14:03,912 15155934412获取到坐标 X124
2022-01-04 18:14:03,997 停顿10
2022-01-04 18:14:04,179 停顿1:877
2022-01-04 18:14:05,196 停顿2:652
2022-01-04 18:14:06,867 验证失败
2022-01-04 18:14:06,930 15155934412滑块安全验证
2022-01-04 18:14:06,942 
2022-01-04 18:14:06,945 15155934412获取到坐标 X148
2022-01-04 18:14:06,980 停顿13
2022-01-04 18:14:07,197 停顿1:617
2022-01-04 18:14:08,012 停顿2:603
2022-01-04 18:14:11,565 验证成功
2022-01-04 18:14:22,906 输入验证码944773
2022-01-04 18:14:24,922 15155934412获取到ck
2022-01-04 18:14:25,173 获取nickname
2022-01-04 18:14:27,385 获取nickname
2022-01-04 18:19:00,731     手机：15155934412 tabe 自动回收 时间:01/04/2022 18:19:00
2022-01-04 18:35:19,475                  ,--.                     ,---._                           
2022-01-04 18:35:19,480                ,--.'|                   .-- -.' \     ,---,      ,----..   
2022-01-04 18:35:19,480            ,--,:  : |       ,---.       |    |   :  .'  .' `\   /   /   \  
2022-01-04 18:35:19,480         ,`--.'`|  ' :      /__./|       :    ;   |,---.'     \ |   :     : 
2022-01-04 18:35:19,480         |   :  :  | | ,---.;  ; |       :        ||   |  .`\  |.   |  ;. / 
2022-01-04 18:35:19,480         :   |   \ | :/___/ \  | |       |    :   ::   : |  '  |.   ; /--`  
2022-01-04 18:35:19,480         |   : '  '; |\   ;  \ ' |       :         |   ' '  ;  :;   | ;     
2022-01-04 18:35:19,480         '   ' ;.    ; \   \  \: |       |    ;   |'   | ;  .  ||   : |     
2022-01-04 18:35:19,480         |   | | \   |  ;   \  ' .   ___ l         |   | :  |  '.   | '___  
2022-01-04 18:35:19,480         '   : |  ; .'   \   \   ' /    /\    J   :'   : | /  ; '   ; : .'| 
2022-01-04 18:35:19,480         |   | '`--'      \   `  ;/  ../  `..-    ,|   | '` ,/  '   | '/  : 
2022-01-04 18:35:19,480         '   : |           :   \ |\    \         ; ;   :  .'    |   :    /  
2022-01-04 18:35:19,480         ;   |.'            '---'' \    \       ,' |   ,.'      \   \ .'   
2022-01-04 18:35:19,480         '---'                      '-- - ....--'  '-- '         `---`     
2022-01-04 18:35:19,480 
2022-01-04 18:35:19,480 
2022-01-04 18:35:19,480                                                                      Version:2.3
2022-01-04 18:35:19,480 
2022-01-04 18:35:19,480 
2022-01-04 18:35:19,480                                                                      By Nolan  
2022-01-04 18:35:19,480 
2022-01-04 18:35:19,480 -------------------------------------------------------------------------------------
2022-01-04 18:35:19,480 
2022-01-04 18:35:19,552 序列号:0A24CEA0-1558-4FA3-A405-C16D5D98D566

2022-01-04 18:35:19,552 Running on Linux!
2022-01-04 18:35:19,552 系统架构：X64
2022-01-04 18:35:19,552 系统名称：Linux 3.10.0-1160.45.1.el7.x86_64 #1 SMP Wed Oct 13 17:20:51 UTC 2021
2022-01-04 18:35:19,553 进程架构：X64
2022-01-04 18:35:19,553 是否64位操作系统：True
2022-01-04 18:35:19,553 -------------------------------------------------------------------------------------
2022-01-04 18:35:19,553 初始化项目
2022-01-04 18:35:19,553 -------------------------------------------------------------------------------------
2022-01-04 18:35:19,553 第一次运行会下载Chromium,后续只是检查是否下载
2022-01-04 18:35:19,553 检查中....
2022-01-04 18:35:19,570 True
2022-01-04 18:35:19,571 程序配置自检 
2022-01-04 18:35:19,571 如果报错请检查配置或者检查配置是否挂载
2022-01-04 18:35:19,574 上传模式：ql
2022-01-04 18:35:19,574 回收时间：5分钟
2022-01-04 18:35:19,574 自动滑块：5
2022-01-04 18:35:19,574 
2022-01-04 18:35:19,574 
2022-01-04 18:35:19,574 浏览器自检
2022-01-04 18:35:19,574 -------------------------------------------------------------------------------------
2022-01-04 18:35:24,686 页面文字京东登录注册+86获取验证码登 录账号密码登录手机快速注册其他登录方式QQ 微信 若您输入的手机号未注册，将为您直接注册，注册即视为同意 京东用户注册协议 、 用户隐私政策
2022-01-04 18:35:24,686 关闭页面
2022-01-04 18:35:24,741 浏览器关闭
2022-01-04 18:35:24,741 浏览器自检成功
2022-01-04 18:35:24,741 浏览器打开时间：5.166
2022-01-04 18:35:24,741 -------------------------------------------------------------------------------------
2022-01-04 18:35:24,741 检查成功
2022-01-04 18:35:25,004 NETJDC started
