2022-01-05 12:30:03,250 用户没有扫码关注。转发给主号
2022-01-05 12:30:03,252 用户没有扫码关注。转发给主号
2022-01-05 12:30:03,252 用户没有扫码关注。转发给主号
2022-01-05 12:30:03,252 用户没有扫码关注。转发给主号
2022-01-05 12:30:03,252 用户没有扫码关注。转发给主号
2022-01-05 12:30:03,252 用户没有扫码关注。转发给主号
2022-01-05 12:30:03,252 用户没有扫码关注。转发给主号
2022-01-05 12:30:03,252 用户没有扫码关注。转发给主号
2022-01-05 12:30:03,252 用户没有扫码关注。转发给主号
2022-01-05 12:30:03,252 用户没有扫码关注。转发给主号
2022-01-05 12:30:03,252 用户没有扫码关注。转发给主号
2022-01-05 12:30:03,252 用户没有扫码关注。转发给主号
2022-01-05 12:30:03,252 用户没有扫码关注。转发给主号
2022-01-05 12:30:03,253 用户没有扫码关注。转发给主号
2022-01-05 12:30:03,253 用户没有扫码关注。转发给主号
2022-01-05 12:30:03,253 用户没有扫码关注。转发给主号
2022-01-05 12:30:03,253 用户没有扫码关注。转发给主号
2022-01-05 12:30:03,253 用户没有扫码关注。转发给主号
2022-01-05 12:30:03,253 用户没有扫码关注。转发给主号
2022-01-05 12:30:03,253 用户没有扫码关注。转发给主号
2022-01-05 16:00:51,195                  ,--.                     ,---._                           
2022-01-05 16:00:51,200                ,--.'|                   .-- -.' \     ,---,      ,----..   
2022-01-05 16:00:51,200            ,--,:  : |       ,---.       |    |   :  .'  .' `\   /   /   \  
2022-01-05 16:00:51,200         ,`--.'`|  ' :      /__./|       :    ;   |,---.'     \ |   :     : 
2022-01-05 16:00:51,200         |   :  :  | | ,---.;  ; |       :        ||   |  .`\  |.   |  ;. / 
2022-01-05 16:00:51,200         :   |   \ | :/___/ \  | |       |    :   ::   : |  '  |.   ; /--`  
2022-01-05 16:00:51,200         |   : '  '; |\   ;  \ ' |       :         |   ' '  ;  :;   | ;     
2022-01-05 16:00:51,200         '   ' ;.    ; \   \  \: |       |    ;   |'   | ;  .  ||   : |     
2022-01-05 16:00:51,200         |   | | \   |  ;   \  ' .   ___ l         |   | :  |  '.   | '___  
2022-01-05 16:00:51,200         '   : |  ; .'   \   \   ' /    /\    J   :'   : | /  ; '   ; : .'| 
2022-01-05 16:00:51,200         |   | '`--'      \   `  ;/  ../  `..-    ,|   | '` ,/  '   | '/  : 
2022-01-05 16:00:51,200         '   : |           :   \ |\    \         ; ;   :  .'    |   :    /  
2022-01-05 16:00:51,200         ;   |.'            '---'' \    \       ,' |   ,.'      \   \ .'   
2022-01-05 16:00:51,200         '---'                      '-- - ....--'  '-- '         `---`     
2022-01-05 16:00:51,200 
2022-01-05 16:00:51,200 
2022-01-05 16:00:51,200                                                                      Version:2.3
2022-01-05 16:00:51,200 
2022-01-05 16:00:51,200 
2022-01-05 16:00:51,200                                                                      By Nolan  
2022-01-05 16:00:51,200 
2022-01-05 16:00:51,201 -------------------------------------------------------------------------------------
2022-01-05 16:00:51,201 
2022-01-05 16:00:51,208 序列号:0A24CEA0-1558-4FA3-A405-C16D5D98D566

2022-01-05 16:00:51,208 Running on Linux!
2022-01-05 16:00:51,208 系统架构：X64
2022-01-05 16:00:51,209 系统名称：Linux 3.10.0-1160.45.1.el7.x86_64 #1 SMP Wed Oct 13 17:20:51 UTC 2021
2022-01-05 16:00:51,209 进程架构：X64
2022-01-05 16:00:51,209 是否64位操作系统：True
2022-01-05 16:00:51,209 -------------------------------------------------------------------------------------
2022-01-05 16:00:51,209 初始化项目
2022-01-05 16:00:51,209 -------------------------------------------------------------------------------------
2022-01-05 16:00:51,209 第一次运行会下载Chromium,后续只是检查是否下载
2022-01-05 16:00:51,209 检查中....
2022-01-05 16:00:51,230 True
2022-01-05 16:00:51,232 程序配置自检 
2022-01-05 16:00:51,232 如果报错请检查配置或者检查配置是否挂载
2022-01-05 16:00:51,235 上传模式：ql
2022-01-05 16:00:51,235 回收时间：5分钟
2022-01-05 16:00:51,235 自动滑块：5
2022-01-05 16:00:51,235 
2022-01-05 16:00:51,235 
2022-01-05 16:00:51,235 浏览器自检
2022-01-05 16:00:51,235 -------------------------------------------------------------------------------------
2022-01-05 16:00:56,983 页面文字京东登录注册+86获取验证码登 录账号密码登录手机快速注册其他登录方式QQ 微信 若您输入的手机号未注册，将为您直接注册，注册即视为同意 京东用户注册协议 、 用户隐私政策
2022-01-05 16:00:56,983 关闭页面
2022-01-05 16:00:57,059 浏览器关闭
2022-01-05 16:00:57,059 浏览器自检成功
2022-01-05 16:00:57,059 浏览器打开时间：5.823
2022-01-05 16:00:57,059 -------------------------------------------------------------------------------------
2022-01-05 16:00:57,060 检查成功
2022-01-05 16:00:57,438 NETJDC started
2022-01-05 18:00:12,216                  ,--.                     ,---._                           
2022-01-05 18:00:12,227                ,--.'|                   .-- -.' \     ,---,      ,----..   
2022-01-05 18:00:12,227            ,--,:  : |       ,---.       |    |   :  .'  .' `\   /   /   \  
2022-01-05 18:00:12,227         ,`--.'`|  ' :      /__./|       :    ;   |,---.'     \ |   :     : 
2022-01-05 18:00:12,227         |   :  :  | | ,---.;  ; |       :        ||   |  .`\  |.   |  ;. / 
2022-01-05 18:00:12,227         :   |   \ | :/___/ \  | |       |    :   ::   : |  '  |.   ; /--`  
2022-01-05 18:00:12,227         |   : '  '; |\   ;  \ ' |       :         |   ' '  ;  :;   | ;     
2022-01-05 18:00:12,227         '   ' ;.    ; \   \  \: |       |    ;   |'   | ;  .  ||   : |     
2022-01-05 18:00:12,227         |   | | \   |  ;   \  ' .   ___ l         |   | :  |  '.   | '___  
2022-01-05 18:00:12,227         '   : |  ; .'   \   \   ' /    /\    J   :'   : | /  ; '   ; : .'| 
2022-01-05 18:00:12,227         |   | '`--'      \   `  ;/  ../  `..-    ,|   | '` ,/  '   | '/  : 
2022-01-05 18:00:12,227         '   : |           :   \ |\    \         ; ;   :  .'    |   :    /  
2022-01-05 18:00:12,227         ;   |.'            '---'' \    \       ,' |   ,.'      \   \ .'   
2022-01-05 18:00:12,227         '---'                      '-- - ....--'  '-- '         `---`     
2022-01-05 18:00:12,227 
2022-01-05 18:00:12,227 
2022-01-05 18:00:12,227                                                                      Version:2.3
2022-01-05 18:00:12,227 
2022-01-05 18:00:12,227 
2022-01-05 18:00:12,227                                                                      By Nolan  
2022-01-05 18:00:12,227 
2022-01-05 18:00:12,227 -------------------------------------------------------------------------------------
2022-01-05 18:00:12,227 
2022-01-05 18:00:12,267 序列号:0A24CEA0-1558-4FA3-A405-C16D5D98D566

2022-01-05 18:00:12,267 Running on Linux!
2022-01-05 18:00:12,267 系统架构：X64
2022-01-05 18:00:12,268 系统名称：Linux 3.10.0-1160.45.1.el7.x86_64 #1 SMP Wed Oct 13 17:20:51 UTC 2021
2022-01-05 18:00:12,268 进程架构：X64
2022-01-05 18:00:12,268 是否64位操作系统：True
2022-01-05 18:00:12,268 -------------------------------------------------------------------------------------
2022-01-05 18:00:12,268 初始化项目
2022-01-05 18:00:12,268 -------------------------------------------------------------------------------------
2022-01-05 18:00:12,268 第一次运行会下载Chromium,后续只是检查是否下载
2022-01-05 18:00:12,268 检查中....
2022-01-05 18:00:12,290 True
2022-01-05 18:00:12,292 程序配置自检 
2022-01-05 18:00:12,292 如果报错请检查配置或者检查配置是否挂载
2022-01-05 18:00:12,296 上传模式：ql
2022-01-05 18:00:12,296 回收时间：5分钟
2022-01-05 18:00:12,296 自动滑块：5
2022-01-05 18:00:12,296 
2022-01-05 18:00:12,296 
2022-01-05 18:00:12,296 浏览器自检
2022-01-05 18:00:12,296 -------------------------------------------------------------------------------------
2022-01-05 18:00:18,254 页面文字京东登录注册+86获取验证码登 录账号密码登录手机快速注册其他登录方式QQ 微信 若您输入的手机号未注册，将为您直接注册，注册即视为同意 京东用户注册协议 、 用户隐私政策
2022-01-05 18:00:18,254 关闭页面
2022-01-05 18:00:18,305 浏览器关闭
2022-01-05 18:00:18,306 浏览器自检成功
2022-01-05 18:00:18,306 浏览器打开时间：6.009
2022-01-05 18:00:18,306 -------------------------------------------------------------------------------------
2022-01-05 18:00:18,306 检查成功
2022-01-05 18:00:18,559 NETJDC started
