2021-12-22 22:56:47,059                  ,--.                     ,---._                           
2021-12-22 22:56:47,064                ,--.'|                   .-- -.' \     ,---,      ,----..   
2021-12-22 22:56:47,064            ,--,:  : |       ,---.       |    |   :  .'  .' `\   /   /   \  
2021-12-22 22:56:47,064         ,`--.'`|  ' :      /__./|       :    ;   |,---.'     \ |   :     : 
2021-12-22 22:56:47,064         |   :  :  | | ,---.;  ; |       :        ||   |  .`\  |.   |  ;. / 
2021-12-22 22:56:47,064         :   |   \ | :/___/ \  | |       |    :   ::   : |  '  |.   ; /--`  
2021-12-22 22:56:47,064         |   : '  '; |\   ;  \ ' |       :         |   ' '  ;  :;   | ;     
2021-12-22 22:56:47,064         '   ' ;.    ; \   \  \: |       |    ;   |'   | ;  .  ||   : |     
2021-12-22 22:56:47,064         |   | | \   |  ;   \  ' .   ___ l         |   | :  |  '.   | '___  
2021-12-22 22:56:47,064         '   : |  ; .'   \   \   ' /    /\    J   :'   : | /  ; '   ; : .'| 
2021-12-22 22:56:47,064         |   | '`--'      \   `  ;/  ../  `..-    ,|   | '` ,/  '   | '/  : 
2021-12-22 22:56:47,064         '   : |           :   \ |\    \         ; ;   :  .'    |   :    /  
2021-12-22 22:56:47,064         ;   |.'            '---'' \    \       ,' |   ,.'      \   \ .'   
2021-12-22 22:56:47,064         '---'                      '-- - ....--'  '-- '         `---`     
2021-12-22 22:56:47,064 
2021-12-22 22:56:47,064 
2021-12-22 22:56:47,064                                                                      Version:2.2
2021-12-22 22:56:47,064 
2021-12-22 22:56:47,064 
2021-12-22 22:56:47,064                                                                      By Nolan  
2021-12-22 22:56:47,064 
2021-12-22 22:56:47,064 -------------------------------------------------------------------------------------
2021-12-22 22:56:47,064 
2021-12-22 22:56:47,070 序列号:0A24CEA0-1558-4FA3-A405-C16D5D98D566

2021-12-22 22:56:47,070 Running on Linux!
2021-12-22 22:56:47,071 系统架构：X64
2021-12-22 22:56:47,071 系统名称：Linux 3.10.0-1160.45.1.el7.x86_64 #1 SMP Wed Oct 13 17:20:51 UTC 2021
2021-12-22 22:56:47,071 进程架构：X64
2021-12-22 22:56:47,071 是否64位操作系统：True
2021-12-22 22:56:47,071 -------------------------------------------------------------------------------------
2021-12-22 22:56:47,071 初始化项目
2021-12-22 22:56:47,071 -------------------------------------------------------------------------------------
2021-12-22 22:56:47,071 第一次运行会下载Chromium,后续只是检查是否下载
2021-12-22 22:56:47,071 检查中....
2021-12-22 22:56:47,087 True
2021-12-22 22:56:47,088 程序配置自检 
2021-12-22 22:56:47,088 如果报错请检查配置或者检查配置是否挂载
2021-12-22 22:56:47,091 上传模式：ql
2021-12-22 22:56:47,091 回收时间：5分钟
2021-12-22 22:56:47,091 自动滑块：0
2021-12-22 22:56:47,091 
2021-12-22 22:56:47,091 
2021-12-22 22:56:47,091 浏览器自检
2021-12-22 22:56:47,091 -------------------------------------------------------------------------------------
2021-12-22 22:56:51,948 页面文字京东登录注册+86获取验证码登 录账号密码登录手机快速注册其他登录方式QQ 微信 若您输入的手机号未注册，将为您直接注册，注册即视为同意 京东用户注册协议 、 用户隐私政策
2021-12-22 22:56:51,948 关闭页面
2021-12-22 22:56:52,010 浏览器关闭
2021-12-22 22:56:52,011 浏览器自检成功
2021-12-22 22:56:52,011 浏览器打开时间：4.9190000000000005
2021-12-22 22:56:52,011 -------------------------------------------------------------------------------------
2021-12-22 22:56:52,011 检查成功
2021-12-22 22:56:52,265 NETJDC started
2021-12-22 22:59:26,717                  ,--.                     ,---._                           
2021-12-22 22:59:26,723                ,--.'|                   .-- -.' \     ,---,      ,----..   
2021-12-22 22:59:26,723            ,--,:  : |       ,---.       |    |   :  .'  .' `\   /   /   \  
2021-12-22 22:59:26,723         ,`--.'`|  ' :      /__./|       :    ;   |,---.'     \ |   :     : 
2021-12-22 22:59:26,723         |   :  :  | | ,---.;  ; |       :        ||   |  .`\  |.   |  ;. / 
2021-12-22 22:59:26,723         :   |   \ | :/___/ \  | |       |    :   ::   : |  '  |.   ; /--`  
2021-12-22 22:59:26,723         |   : '  '; |\   ;  \ ' |       :         |   ' '  ;  :;   | ;     
2021-12-22 22:59:26,723         '   ' ;.    ; \   \  \: |       |    ;   |'   | ;  .  ||   : |     
2021-12-22 22:59:26,723         |   | | \   |  ;   \  ' .   ___ l         |   | :  |  '.   | '___  
2021-12-22 22:59:26,723         '   : |  ; .'   \   \   ' /    /\    J   :'   : | /  ; '   ; : .'| 
2021-12-22 22:59:26,723         |   | '`--'      \   `  ;/  ../  `..-    ,|   | '` ,/  '   | '/  : 
2021-12-22 22:59:26,723         '   : |           :   \ |\    \         ; ;   :  .'    |   :    /  
2021-12-22 22:59:26,723         ;   |.'            '---'' \    \       ,' |   ,.'      \   \ .'   
2021-12-22 22:59:26,723         '---'                      '-- - ....--'  '-- '         `---`     
2021-12-22 22:59:26,723 
2021-12-22 22:59:26,723 
2021-12-22 22:59:26,723                                                                      Version:2.2
2021-12-22 22:59:26,723 
2021-12-22 22:59:26,723 
2021-12-22 22:59:26,723                                                                      By Nolan  
2021-12-22 22:59:26,723 
2021-12-22 22:59:26,723 -------------------------------------------------------------------------------------
2021-12-22 22:59:26,723 
2021-12-22 22:59:26,730 序列号:0A24CEA0-1558-4FA3-A405-C16D5D98D566

2021-12-22 22:59:26,730 Running on Linux!
2021-12-22 22:59:26,730 系统架构：X64
2021-12-22 22:59:26,730 系统名称：Linux 3.10.0-1160.45.1.el7.x86_64 #1 SMP Wed Oct 13 17:20:51 UTC 2021
2021-12-22 22:59:26,730 进程架构：X64
2021-12-22 22:59:26,730 是否64位操作系统：True
2021-12-22 22:59:26,730 -------------------------------------------------------------------------------------
2021-12-22 22:59:26,730 初始化项目
2021-12-22 22:59:26,730 -------------------------------------------------------------------------------------
2021-12-22 22:59:26,730 第一次运行会下载Chromium,后续只是检查是否下载
2021-12-22 22:59:26,730 检查中....
2021-12-22 22:59:26,746 True
2021-12-22 22:59:26,747 程序配置自检 
2021-12-22 22:59:26,747 如果报错请检查配置或者检查配置是否挂载
2021-12-22 22:59:26,750 上传模式：ql
2021-12-22 22:59:26,750 回收时间：5分钟
2021-12-22 22:59:26,750 自动滑块：0
2021-12-22 22:59:26,750 
2021-12-22 22:59:26,750 
2021-12-22 22:59:26,750 浏览器自检
2021-12-22 22:59:26,750 -------------------------------------------------------------------------------------
2021-12-22 22:59:31,368 页面文字京东登录注册+86获取验证码登 录账号密码登录手机快速注册其他登录方式QQ 微信 若您输入的手机号未注册，将为您直接注册，注册即视为同意 京东用户注册协议 、 用户隐私政策
2021-12-22 22:59:31,368 关闭页面
2021-12-22 22:59:31,424 浏览器关闭
2021-12-22 22:59:31,424 浏览器自检成功
2021-12-22 22:59:31,424 浏览器打开时间：4.673
2021-12-22 22:59:31,424 -------------------------------------------------------------------------------------
2021-12-22 22:59:31,424 检查成功
2021-12-22 22:59:31,660 NETJDC started
2021-12-23 08:08:11,407                  ,--.                     ,---._                           
2021-12-23 08:08:11,412                ,--.'|                   .-- -.' \     ,---,      ,----..   
2021-12-23 08:08:11,412            ,--,:  : |       ,---.       |    |   :  .'  .' `\   /   /   \  
2021-12-23 08:08:11,412         ,`--.'`|  ' :      /__./|       :    ;   |,---.'     \ |   :     : 
2021-12-23 08:08:11,412         |   :  :  | | ,---.;  ; |       :        ||   |  .`\  |.   |  ;. / 
2021-12-23 08:08:11,412         :   |   \ | :/___/ \  | |       |    :   ::   : |  '  |.   ; /--`  
2021-12-23 08:08:11,412         |   : '  '; |\   ;  \ ' |       :         |   ' '  ;  :;   | ;     
2021-12-23 08:08:11,412         '   ' ;.    ; \   \  \: |       |    ;   |'   | ;  .  ||   : |     
2021-12-23 08:08:11,412         |   | | \   |  ;   \  ' .   ___ l         |   | :  |  '.   | '___  
2021-12-23 08:08:11,412         '   : |  ; .'   \   \   ' /    /\    J   :'   : | /  ; '   ; : .'| 
2021-12-23 08:08:11,412         |   | '`--'      \   `  ;/  ../  `..-    ,|   | '` ,/  '   | '/  : 
2021-12-23 08:08:11,412         '   : |           :   \ |\    \         ; ;   :  .'    |   :    /  
2021-12-23 08:08:11,412         ;   |.'            '---'' \    \       ,' |   ,.'      \   \ .'   
2021-12-23 08:08:11,412         '---'                      '-- - ....--'  '-- '         `---`     
2021-12-23 08:08:11,412 
2021-12-23 08:08:11,412 
2021-12-23 08:08:11,412                                                                      Version:2.2
2021-12-23 08:08:11,412 
2021-12-23 08:08:11,412 
2021-12-23 08:08:11,412                                                                      By Nolan  
2021-12-23 08:08:11,412 
2021-12-23 08:08:11,412 -------------------------------------------------------------------------------------
2021-12-23 08:08:11,412 
2021-12-23 08:08:11,419 序列号:0A24CEA0-1558-4FA3-A405-C16D5D98D566

2021-12-23 08:08:11,419 Running on Linux!
2021-12-23 08:08:11,419 系统架构：X64
2021-12-23 08:08:11,419 系统名称：Linux 3.10.0-1160.45.1.el7.x86_64 #1 SMP Wed Oct 13 17:20:51 UTC 2021
2021-12-23 08:08:11,419 进程架构：X64
2021-12-23 08:08:11,419 是否64位操作系统：True
2021-12-23 08:08:11,419 -------------------------------------------------------------------------------------
2021-12-23 08:08:11,419 初始化项目
2021-12-23 08:08:11,419 -------------------------------------------------------------------------------------
2021-12-23 08:08:11,419 第一次运行会下载Chromium,后续只是检查是否下载
2021-12-23 08:08:11,419 检查中....
2021-12-23 08:08:11,437 True
2021-12-23 08:08:11,438 程序配置自检 
2021-12-23 08:08:11,438 如果报错请检查配置或者检查配置是否挂载
2021-12-23 08:08:11,441 上传模式：ql
2021-12-23 08:08:11,441 回收时间：5分钟
2021-12-23 08:08:11,442 自动滑块：5
2021-12-23 08:08:11,442 
2021-12-23 08:08:11,442 
2021-12-23 08:08:11,442 浏览器自检
2021-12-23 08:08:11,442 -------------------------------------------------------------------------------------
2021-12-23 08:08:16,082 页面文字京东登录注册+86获取验证码登 录账号密码登录手机快速注册其他登录方式QQ 微信 若您输入的手机号未注册，将为您直接注册，注册即视为同意 京东用户注册协议 、 用户隐私政策
2021-12-23 08:08:16,082 关闭页面
2021-12-23 08:08:16,137 浏览器关闭
2021-12-23 08:08:16,137 浏览器自检成功
2021-12-23 08:08:16,137 浏览器打开时间：4.695
2021-12-23 08:08:16,137 -------------------------------------------------------------------------------------
2021-12-23 08:08:16,137 检查成功
2021-12-23 08:08:16,375 NETJDC started
2021-12-23 08:27:49,345 System.FormatException: Input string was not in a correct format.
   at System.Number.ThrowOverflowOrFormatException(ParsingStatus status, TypeCode type)
   at System.Number.ParseInt32(ReadOnlySpan`1 value, NumberStyles styles, NumberFormatInfo info)
   at System.Int32.Parse(String s)
   at NETJDC.Controllers.CloudController.wxpusher(WxpusherBlackitem obj) in E:\03工作源码\NETJDC\NETJDC\Controllers\CloudController.cs:line 137
   at Microsoft.AspNetCore.Mvc.Infrastructure.ActionMethodExecutor.TaskOfIActionResultExecutor.Execute(IActionResultTypeMapper mapper, ObjectMethodExecutor executor, Object controller, Object[] arguments)
   at Microsoft.AspNetCore.Mvc.Infrastructure.ControllerActionInvoker.<InvokeActionMethodAsync>g__Awaited|12_0(ControllerActionInvoker invoker, ValueTask`1 actionResultValueTask)
   at Microsoft.AspNetCore.Mvc.Infrastructure.ControllerActionInvoker.<InvokeNextActionFilterAsync>g__Awaited|10_0(ControllerActionInvoker invoker, Task lastTask, State next, Scope scope, Object state, Boolean isCompleted)
   at Microsoft.AspNetCore.Mvc.Infrastructure.ControllerActionInvoker.Rethrow(ActionExecutedContextSealed context)
   at Microsoft.AspNetCore.Mvc.Infrastructure.ControllerActionInvoker.Next(State& next, Scope& scope, Object& state, Boolean& isCompleted)
   at Microsoft.AspNetCore.Mvc.Infrastructure.ControllerActionInvoker.InvokeInnerFilterAsync()
--- End of stack trace from previous location ---
   at Microsoft.AspNetCore.Mvc.Infrastructure.ResourceInvoker.<InvokeNextExceptionFilterAsync>g__Awaited|25_0(ResourceInvoker invoker, Task lastTask, State next, Scope scope, Object state, Boolean isCompleted)
2021-12-23 08:28:27,552 System.FormatException: Input string was not in a correct format.
   at System.Number.ThrowOverflowOrFormatException(ParsingStatus status, TypeCode type)
   at System.Number.ParseInt32(ReadOnlySpan`1 value, NumberStyles styles, NumberFormatInfo info)
   at System.Int32.Parse(String s)
   at NETJDC.Controllers.CloudController.wxpusher(WxpusherBlackitem obj) in E:\03工作源码\NETJDC\NETJDC\Controllers\CloudController.cs:line 137
   at Microsoft.AspNetCore.Mvc.Infrastructure.ActionMethodExecutor.TaskOfIActionResultExecutor.Execute(IActionResultTypeMapper mapper, ObjectMethodExecutor executor, Object controller, Object[] arguments)
   at Microsoft.AspNetCore.Mvc.Infrastructure.ControllerActionInvoker.<InvokeActionMethodAsync>g__Awaited|12_0(ControllerActionInvoker invoker, ValueTask`1 actionResultValueTask)
   at Microsoft.AspNetCore.Mvc.Infrastructure.ControllerActionInvoker.<InvokeNextActionFilterAsync>g__Awaited|10_0(ControllerActionInvoker invoker, Task lastTask, State next, Scope scope, Object state, Boolean isCompleted)
   at Microsoft.AspNetCore.Mvc.Infrastructure.ControllerActionInvoker.Rethrow(ActionExecutedContextSealed context)
   at Microsoft.AspNetCore.Mvc.Infrastructure.ControllerActionInvoker.Next(State& next, Scope& scope, Object& state, Boolean& isCompleted)
   at Microsoft.AspNetCore.Mvc.Infrastructure.ControllerActionInvoker.InvokeInnerFilterAsync()
--- End of stack trace from previous location ---
   at Microsoft.AspNetCore.Mvc.Infrastructure.ResourceInvoker.<InvokeNextExceptionFilterAsync>g__Awaited|25_0(ResourceInvoker invoker, Task lastTask, State next, Scope scope, Object state, Boolean isCompleted)
2021-12-23 12:15:16,589 JSHandle:getMsg-btn text-btn J_ping timer active
2021-12-23 12:15:18,844     手机：17682488600 tabe 创建 时间:12/23/2021 12:15:18
2021-12-23 12:15:18,844 17682488600选字安全验证
2021-12-23 12:15:26,865 找到页面
2021-12-23 12:15:26,865 Pointlist4
2021-12-23 12:15:26,877 boxPuppeteerSharp.BoundingBox
2021-12-23 12:15:26,877 停顿1:255
2021-12-23 12:15:33,260 验证成功
2021-12-23 12:15:46,373 输入验证码467678
2021-12-23 12:15:49,250 17682488600获取到ck
2021-12-23 12:15:49,487 获取nickname
2021-12-23 12:15:51,145 获取nickname
2021-12-23 12:20:18,845     手机：17682488600 tabe 自动回收 时间:12/23/2021 12:20:18
2021-12-23 12:22:03,328                  ,--.                     ,---._                           
2021-12-23 12:22:03,333                ,--.'|                   .-- -.' \     ,---,      ,----..   
2021-12-23 12:22:03,333            ,--,:  : |       ,---.       |    |   :  .'  .' `\   /   /   \  
2021-12-23 12:22:03,333         ,`--.'`|  ' :      /__./|       :    ;   |,---.'     \ |   :     : 
2021-12-23 12:22:03,333         |   :  :  | | ,---.;  ; |       :        ||   |  .`\  |.   |  ;. / 
2021-12-23 12:22:03,333         :   |   \ | :/___/ \  | |       |    :   ::   : |  '  |.   ; /--`  
2021-12-23 12:22:03,333         |   : '  '; |\   ;  \ ' |       :         |   ' '  ;  :;   | ;     
2021-12-23 12:22:03,333         '   ' ;.    ; \   \  \: |       |    ;   |'   | ;  .  ||   : |     
2021-12-23 12:22:03,333         |   | | \   |  ;   \  ' .   ___ l         |   | :  |  '.   | '___  
2021-12-23 12:22:03,333         '   : |  ; .'   \   \   ' /    /\    J   :'   : | /  ; '   ; : .'| 
2021-12-23 12:22:03,333         |   | '`--'      \   `  ;/  ../  `..-    ,|   | '` ,/  '   | '/  : 
2021-12-23 12:22:03,333         '   : |           :   \ |\    \         ; ;   :  .'    |   :    /  
2021-12-23 12:22:03,333         ;   |.'            '---'' \    \       ,' |   ,.'      \   \ .'   
2021-12-23 12:22:03,333         '---'                      '-- - ....--'  '-- '         `---`     
2021-12-23 12:22:03,333 
2021-12-23 12:22:03,333 
2021-12-23 12:22:03,333                                                                      Version:2.2
2021-12-23 12:22:03,333 
2021-12-23 12:22:03,333 
2021-12-23 12:22:03,333                                                                      By Nolan  
2021-12-23 12:22:03,333 
2021-12-23 12:22:03,333 -------------------------------------------------------------------------------------
2021-12-23 12:22:03,333 
2021-12-23 12:22:03,347 序列号:0A24CEA0-1558-4FA3-A405-C16D5D98D566

2021-12-23 12:22:03,347 Running on Linux!
2021-12-23 12:22:03,348 系统架构：X64
2021-12-23 12:22:03,348 系统名称：Linux 3.10.0-1160.45.1.el7.x86_64 #1 SMP Wed Oct 13 17:20:51 UTC 2021
2021-12-23 12:22:03,348 进程架构：X64
2021-12-23 12:22:03,348 是否64位操作系统：True
2021-12-23 12:22:03,348 -------------------------------------------------------------------------------------
2021-12-23 12:22:03,348 初始化项目
2021-12-23 12:22:03,348 -------------------------------------------------------------------------------------
2021-12-23 12:22:03,348 第一次运行会下载Chromium,后续只是检查是否下载
2021-12-23 12:22:03,348 检查中....
2021-12-23 12:22:03,371 True
2021-12-23 12:22:03,373 程序配置自检 
2021-12-23 12:22:03,373 如果报错请检查配置或者检查配置是否挂载
2021-12-23 12:22:03,377 上传模式：ql
2021-12-23 12:22:03,378 回收时间：5分钟
2021-12-23 12:22:03,378 自动滑块：5
2021-12-23 12:22:03,378 
2021-12-23 12:22:03,378 
2021-12-23 12:22:03,378 浏览器自检
2021-12-23 12:22:03,378 -------------------------------------------------------------------------------------
2021-12-23 12:22:08,093 页面文字京东登录注册+86获取验证码登 录账号密码登录手机快速注册其他登录方式QQ 微信 若您输入的手机号未注册，将为您直接注册，注册即视为同意 京东用户注册协议 、 用户隐私政策
2021-12-23 12:22:08,093 关闭页面
2021-12-23 12:22:08,147 浏览器关闭
2021-12-23 12:22:08,147 浏览器自检成功
2021-12-23 12:22:08,147 浏览器打开时间：4.769
2021-12-23 12:22:08,147 -------------------------------------------------------------------------------------
2021-12-23 12:22:08,148 检查成功
2021-12-23 12:22:08,395 NETJDC started
2021-12-23 13:36:44,871 获取nickname
2021-12-23 13:38:44,682 JSHandle:getMsg-btn text-btn J_ping timer active
2021-12-23 13:38:46,932     手机：15156064002 tabe 创建 时间:12/23/2021 13:38:46
2021-12-23 13:38:46,932 15156064002选字安全验证
2021-12-23 13:39:00,554 找到页面
2021-12-23 13:39:00,554 Pointlist4
2021-12-23 13:39:00,564 boxPuppeteerSharp.BoundingBox
2021-12-23 13:39:00,564 停顿1:261
2021-12-23 13:39:06,972 验证成功
2021-12-23 13:39:33,704 输入验证码027144
2021-12-23 13:39:36,309 15156064002获取到ck
2021-12-23 13:39:36,476 获取nickname
2021-12-23 13:39:40,068 获取nickname
2021-12-23 13:39:52,617 获取nickname
2021-12-23 13:40:57,125 JSHandle:getMsg-btn text-btn J_ping timer active
2021-12-23 13:40:59,373     手机：18205652849 tabe 创建 时间:12/23/2021 13:40:59
2021-12-23 13:40:59,373 18205652849选字安全验证
2021-12-23 13:41:08,280 找到页面
2021-12-23 13:41:08,280 Pointlist4
2021-12-23 13:41:08,282 boxPuppeteerSharp.BoundingBox
2021-12-23 13:41:08,282 停顿1:274
2021-12-23 13:41:14,766 验证成功
2021-12-23 13:41:25,559 输入验证码841377
2021-12-23 13:41:27,930 18205652849获取到ck
2021-12-23 13:41:28,087 获取nickname
2021-12-23 13:41:30,578 获取nickname
2021-12-23 13:42:48,111 获取nickname
2021-12-23 13:43:46,934     手机：15156064002 tabe 自动回收 时间:12/23/2021 13:43:46
2021-12-23 13:44:46,471 获取nickname
2021-12-23 13:45:31,614 System.Exception: 请选择服务器
   at NETJDC.Controllers.CloudController.SendSMS(RequestEntity obj) in E:\03工作源码\NETJDC\NETJDC\Controllers\CloudController.cs:line 195
2021-12-23 13:45:59,374     手机：18205652849 tabe 自动回收 时间:12/23/2021 13:45:59
2021-12-23 15:37:07,322 获取nickname
2021-12-23 15:43:22,496 获取nickname
2021-12-23 16:19:03,738                  ,--.                     ,---._                           
2021-12-23 16:19:03,745                ,--.'|                   .-- -.' \     ,---,      ,----..   
2021-12-23 16:19:03,745            ,--,:  : |       ,---.       |    |   :  .'  .' `\   /   /   \  
2021-12-23 16:19:03,745         ,`--.'`|  ' :      /__./|       :    ;   |,---.'     \ |   :     : 
2021-12-23 16:19:03,745         |   :  :  | | ,---.;  ; |       :        ||   |  .`\  |.   |  ;. / 
2021-12-23 16:19:03,745         :   |   \ | :/___/ \  | |       |    :   ::   : |  '  |.   ; /--`  
2021-12-23 16:19:03,745         |   : '  '; |\   ;  \ ' |       :         |   ' '  ;  :;   | ;     
2021-12-23 16:19:03,745         '   ' ;.    ; \   \  \: |       |    ;   |'   | ;  .  ||   : |     
2021-12-23 16:19:03,745         |   | | \   |  ;   \  ' .   ___ l         |   | :  |  '.   | '___  
2021-12-23 16:19:03,745         '   : |  ; .'   \   \   ' /    /\    J   :'   : | /  ; '   ; : .'| 
2021-12-23 16:19:03,745         |   | '`--'      \   `  ;/  ../  `..-    ,|   | '` ,/  '   | '/  : 
2021-12-23 16:19:03,745         '   : |           :   \ |\    \         ; ;   :  .'    |   :    /  
2021-12-23 16:19:03,745         ;   |.'            '---'' \    \       ,' |   ,.'      \   \ .'   
2021-12-23 16:19:03,745         '---'                      '-- - ....--'  '-- '         `---`     
2021-12-23 16:19:03,745 
2021-12-23 16:19:03,745 
2021-12-23 16:19:03,745                                                                      Version:2.2
2021-12-23 16:19:03,745 
2021-12-23 16:19:03,745 
2021-12-23 16:19:03,745                                                                      By Nolan  
2021-12-23 16:19:03,745 
2021-12-23 16:19:03,746 -------------------------------------------------------------------------------------
2021-12-23 16:19:03,746 
2021-12-23 16:19:03,752 序列号:0A24CEA0-1558-4FA3-A405-C16D5D98D566

2021-12-23 16:19:03,752 Running on Linux!
2021-12-23 16:19:03,752 系统架构：X64
2021-12-23 16:19:03,753 系统名称：Linux 3.10.0-1160.45.1.el7.x86_64 #1 SMP Wed Oct 13 17:20:51 UTC 2021
2021-12-23 16:19:03,753 进程架构：X64
2021-12-23 16:19:03,753 是否64位操作系统：True
2021-12-23 16:19:03,753 -------------------------------------------------------------------------------------
2021-12-23 16:19:03,753 初始化项目
2021-12-23 16:19:03,753 -------------------------------------------------------------------------------------
2021-12-23 16:19:03,753 第一次运行会下载Chromium,后续只是检查是否下载
2021-12-23 16:19:03,753 检查中....
2021-12-23 16:19:03,768 True
2021-12-23 16:19:03,770 程序配置自检 
2021-12-23 16:19:03,770 如果报错请检查配置或者检查配置是否挂载
2021-12-23 16:19:03,773 上传模式：none
2021-12-23 16:19:03,773 回收时间：分钟
2021-12-23 16:19:03,773 自动滑块：
2021-12-23 16:19:03,773 
2021-12-23 16:19:03,773 
2021-12-23 16:19:03,773 浏览器自检
2021-12-23 16:19:03,773 -------------------------------------------------------------------------------------
2021-12-23 16:19:08,703 页面文字京东登录注册+86获取验证码登 录账号密码登录手机快速注册其他登录方式QQ 微信 若您输入的手机号未注册，将为您直接注册，注册即视为同意 京东用户注册协议 、 用户隐私政策
2021-12-23 16:19:08,703 关闭页面
2021-12-23 16:19:08,764 浏览器关闭
2021-12-23 16:19:08,764 浏览器自检成功
2021-12-23 16:19:08,764 浏览器打开时间：4.9910000000000005
2021-12-23 16:19:08,764 -------------------------------------------------------------------------------------
2021-12-23 16:19:08,764 检查成功
2021-12-23 16:19:08,785 NETJDC started
2021-12-23 16:19:12,692 System.Exception: 未找相应到配置青龙
   at Systems.MainConfig.GetConfig(Int32 Id) in E:\03工作源码\NETJDC\Systems\MainConfig.cs:line 112
   at NETJDC.Controllers.CloudController.User(String qlid, Int32 qlkey) in E:\03工作源码\NETJDC\NETJDC\Controllers\CloudController.cs:line 224
2021-12-23 16:19:13,369 System.ArgumentNullException: Value cannot be null. (Parameter 's')
   at System.Int32.Parse(String s)
   at NETJDC.Controllers.CloudController.Config() in E:\03工作源码\NETJDC\NETJDC\Controllers\CloudController.cs:line 83
   at Microsoft.AspNetCore.Mvc.Infrastructure.ActionMethodExecutor.TaskOfIActionResultExecutor.Execute(IActionResultTypeMapper mapper, ObjectMethodExecutor executor, Object controller, Object[] arguments)
   at Microsoft.AspNetCore.Mvc.Infrastructure.ControllerActionInvoker.<InvokeActionMethodAsync>g__Awaited|12_0(ControllerActionInvoker invoker, ValueTask`1 actionResultValueTask)
   at Microsoft.AspNetCore.Mvc.Infrastructure.ControllerActionInvoker.<InvokeNextActionFilterAsync>g__Awaited|10_0(ControllerActionInvoker invoker, Task lastTask, State next, Scope scope, Object state, Boolean isCompleted)
   at Microsoft.AspNetCore.Mvc.Infrastructure.ControllerActionInvoker.Rethrow(ActionExecutedContextSealed context)
   at Microsoft.AspNetCore.Mvc.Infrastructure.ControllerActionInvoker.Next(State& next, Scope& scope, Object& state, Boolean& isCompleted)
   at Microsoft.AspNetCore.Mvc.Infrastructure.ControllerActionInvoker.InvokeInnerFilterAsync()
--- End of stack trace from previous location ---
   at Microsoft.AspNetCore.Mvc.Infrastructure.ResourceInvoker.<InvokeNextExceptionFilterAsync>g__Awaited|25_0(ResourceInvoker invoker, Task lastTask, State next, Scope scope, Object state, Boolean isCompleted)
2021-12-23 16:20:00,412                  ,--.                     ,---._                           
2021-12-23 16:20:00,417                ,--.'|                   .-- -.' \     ,---,      ,----..   
2021-12-23 16:20:00,417            ,--,:  : |       ,---.       |    |   :  .'  .' `\   /   /   \  
2021-12-23 16:20:00,417         ,`--.'`|  ' :      /__./|       :    ;   |,---.'     \ |   :     : 
2021-12-23 16:20:00,417         |   :  :  | | ,---.;  ; |       :        ||   |  .`\  |.   |  ;. / 
2021-12-23 16:20:00,417         :   |   \ | :/___/ \  | |       |    :   ::   : |  '  |.   ; /--`  
2021-12-23 16:20:00,417         |   : '  '; |\   ;  \ ' |       :         |   ' '  ;  :;   | ;     
2021-12-23 16:20:00,417         '   ' ;.    ; \   \  \: |       |    ;   |'   | ;  .  ||   : |     
2021-12-23 16:20:00,417         |   | | \   |  ;   \  ' .   ___ l         |   | :  |  '.   | '___  
2021-12-23 16:20:00,417         '   : |  ; .'   \   \   ' /    /\    J   :'   : | /  ; '   ; : .'| 
2021-12-23 16:20:00,417         |   | '`--'      \   `  ;/  ../  `..-    ,|   | '` ,/  '   | '/  : 
2021-12-23 16:20:00,417         '   : |           :   \ |\    \         ; ;   :  .'    |   :    /  
2021-12-23 16:20:00,417         ;   |.'            '---'' \    \       ,' |   ,.'      \   \ .'   
2021-12-23 16:20:00,417         '---'                      '-- - ....--'  '-- '         `---`     
2021-12-23 16:20:00,417 
2021-12-23 16:20:00,417 
2021-12-23 16:20:00,417                                                                      Version:2.2
2021-12-23 16:20:00,417 
2021-12-23 16:20:00,417 
2021-12-23 16:20:00,417                                                                      By Nolan  
2021-12-23 16:20:00,417 
2021-12-23 16:20:00,417 -------------------------------------------------------------------------------------
2021-12-23 16:20:00,417 
2021-12-23 16:20:00,424 序列号:0A24CEA0-1558-4FA3-A405-C16D5D98D566

2021-12-23 16:20:00,424 Running on Linux!
2021-12-23 16:20:00,424 系统架构：X64
2021-12-23 16:20:00,425 系统名称：Linux 3.10.0-1160.45.1.el7.x86_64 #1 SMP Wed Oct 13 17:20:51 UTC 2021
2021-12-23 16:20:00,425 进程架构：X64
2021-12-23 16:20:00,425 是否64位操作系统：True
2021-12-23 16:20:00,425 -------------------------------------------------------------------------------------
2021-12-23 16:20:00,425 初始化项目
2021-12-23 16:20:00,425 -------------------------------------------------------------------------------------
2021-12-23 16:20:00,425 第一次运行会下载Chromium,后续只是检查是否下载
2021-12-23 16:20:00,425 检查中....
2021-12-23 16:20:00,441 True
2021-12-23 16:20:00,443 程序配置自检 
2021-12-23 16:20:00,443 如果报错请检查配置或者检查配置是否挂载
2021-12-23 16:20:00,446 上传模式：none
2021-12-23 16:20:00,446 回收时间：分钟
2021-12-23 16:20:00,446 自动滑块：
2021-12-23 16:20:00,446 
2021-12-23 16:20:00,446 
2021-12-23 16:20:00,446 浏览器自检
2021-12-23 16:20:00,446 -------------------------------------------------------------------------------------
2021-12-23 16:20:05,295 页面文字京东登录注册+86获取验证码登 录账号密码登录手机快速注册其他登录方式QQ 微信 若您输入的手机号未注册，将为您直接注册，注册即视为同意 京东用户注册协议 、 用户隐私政策
2021-12-23 16:20:05,295 关闭页面
2021-12-23 16:20:05,344 浏览器关闭
2021-12-23 16:20:05,344 浏览器自检成功
2021-12-23 16:20:05,344 浏览器打开时间：4.897
2021-12-23 16:20:05,344 -------------------------------------------------------------------------------------
2021-12-23 16:20:05,344 检查成功
2021-12-23 16:20:05,363 NETJDC started
2021-12-23 16:20:07,723 System.ArgumentNullException: Value cannot be null. (Parameter 's')
   at System.Int32.Parse(String s)
   at NETJDC.Controllers.CloudController.Config() in E:\03工作源码\NETJDC\NETJDC\Controllers\CloudController.cs:line 83
   at Microsoft.AspNetCore.Mvc.Infrastructure.ActionMethodExecutor.TaskOfIActionResultExecutor.Execute(IActionResultTypeMapper mapper, ObjectMethodExecutor executor, Object controller, Object[] arguments)
   at Microsoft.AspNetCore.Mvc.Infrastructure.ControllerActionInvoker.<InvokeActionMethodAsync>g__Awaited|12_0(ControllerActionInvoker invoker, ValueTask`1 actionResultValueTask)
   at Microsoft.AspNetCore.Mvc.Infrastructure.ControllerActionInvoker.<InvokeNextActionFilterAsync>g__Awaited|10_0(ControllerActionInvoker invoker, Task lastTask, State next, Scope scope, Object state, Boolean isCompleted)
   at Microsoft.AspNetCore.Mvc.Infrastructure.ControllerActionInvoker.Rethrow(ActionExecutedContextSealed context)
   at Microsoft.AspNetCore.Mvc.Infrastructure.ControllerActionInvoker.Next(State& next, Scope& scope, Object& state, Boolean& isCompleted)
   at Microsoft.AspNetCore.Mvc.Infrastructure.ControllerActionInvoker.InvokeInnerFilterAsync()
--- End of stack trace from previous location ---
   at Microsoft.AspNetCore.Mvc.Infrastructure.ResourceInvoker.<InvokeNextExceptionFilterAsync>g__Awaited|25_0(ResourceInvoker invoker, Task lastTask, State next, Scope scope, Object state, Boolean isCompleted)
2021-12-23 16:23:08,532                  ,--.                     ,---._                           
2021-12-23 16:23:08,537                ,--.'|                   .-- -.' \     ,---,      ,----..   
2021-12-23 16:23:08,537            ,--,:  : |       ,---.       |    |   :  .'  .' `\   /   /   \  
2021-12-23 16:23:08,537         ,`--.'`|  ' :      /__./|       :    ;   |,---.'     \ |   :     : 
2021-12-23 16:23:08,537         |   :  :  | | ,---.;  ; |       :        ||   |  .`\  |.   |  ;. / 
2021-12-23 16:23:08,537         :   |   \ | :/___/ \  | |       |    :   ::   : |  '  |.   ; /--`  
2021-12-23 16:23:08,537         |   : '  '; |\   ;  \ ' |       :         |   ' '  ;  :;   | ;     
2021-12-23 16:23:08,537         '   ' ;.    ; \   \  \: |       |    ;   |'   | ;  .  ||   : |     
2021-12-23 16:23:08,537         |   | | \   |  ;   \  ' .   ___ l         |   | :  |  '.   | '___  
2021-12-23 16:23:08,537         '   : |  ; .'   \   \   ' /    /\    J   :'   : | /  ; '   ; : .'| 
2021-12-23 16:23:08,537         |   | '`--'      \   `  ;/  ../  `..-    ,|   | '` ,/  '   | '/  : 
2021-12-23 16:23:08,537         '   : |           :   \ |\    \         ; ;   :  .'    |   :    /  
2021-12-23 16:23:08,537         ;   |.'            '---'' \    \       ,' |   ,.'      \   \ .'   
2021-12-23 16:23:08,537         '---'                      '-- - ....--'  '-- '         `---`     
2021-12-23 16:23:08,537 
2021-12-23 16:23:08,537 
2021-12-23 16:23:08,537                                                                      Version:2.2
2021-12-23 16:23:08,537 
2021-12-23 16:23:08,537 
2021-12-23 16:23:08,537                                                                      By Nolan  
2021-12-23 16:23:08,537 
2021-12-23 16:23:08,537 -------------------------------------------------------------------------------------
2021-12-23 16:23:08,537 
2021-12-23 16:23:08,544 序列号:0A24CEA0-1558-4FA3-A405-C16D5D98D566

2021-12-23 16:23:08,544 Running on Linux!
2021-12-23 16:23:08,545 系统架构：X64
2021-12-23 16:23:08,545 系统名称：Linux 3.10.0-1160.45.1.el7.x86_64 #1 SMP Wed Oct 13 17:20:51 UTC 2021
2021-12-23 16:23:08,545 进程架构：X64
2021-12-23 16:23:08,545 是否64位操作系统：True
2021-12-23 16:23:08,545 -------------------------------------------------------------------------------------
2021-12-23 16:23:08,545 初始化项目
2021-12-23 16:23:08,545 -------------------------------------------------------------------------------------
2021-12-23 16:23:08,545 第一次运行会下载Chromium,后续只是检查是否下载
2021-12-23 16:23:08,545 检查中....
2021-12-23 16:23:08,562 True
2021-12-23 16:23:08,563 程序配置自检 
2021-12-23 16:23:08,563 如果报错请检查配置或者检查配置是否挂载
2021-12-23 16:23:08,566 上传模式：none
2021-12-23 16:23:08,566 回收时间：分钟
2021-12-23 16:23:08,566 自动滑块：
2021-12-23 16:23:08,566 
2021-12-23 16:23:08,566 
2021-12-23 16:23:08,566 浏览器自检
2021-12-23 16:23:08,566 -------------------------------------------------------------------------------------
2021-12-23 16:23:13,386 页面文字京东登录注册+86获取验证码登 录账号密码登录手机快速注册其他登录方式QQ 微信 若您输入的手机号未注册，将为您直接注册，注册即视为同意 京东用户注册协议 、 用户隐私政策
2021-12-23 16:23:13,386 关闭页面
2021-12-23 16:23:13,448 浏览器关闭
2021-12-23 16:23:13,448 浏览器自检成功
2021-12-23 16:23:13,448 浏览器打开时间：4.881
2021-12-23 16:23:13,448 -------------------------------------------------------------------------------------
2021-12-23 16:23:13,448 检查成功
2021-12-23 16:23:13,467 NETJDC started
2021-12-23 16:23:19,129 System.ArgumentNullException: Value cannot be null. (Parameter 's')
   at System.Int32.Parse(String s)
   at NETJDC.Controllers.CloudController.Config() in E:\03工作源码\NETJDC\NETJDC\Controllers\CloudController.cs:line 83
   at Microsoft.AspNetCore.Mvc.Infrastructure.ActionMethodExecutor.TaskOfIActionResultExecutor.Execute(IActionResultTypeMapper mapper, ObjectMethodExecutor executor, Object controller, Object[] arguments)
   at Microsoft.AspNetCore.Mvc.Infrastructure.ControllerActionInvoker.<InvokeActionMethodAsync>g__Awaited|12_0(ControllerActionInvoker invoker, ValueTask`1 actionResultValueTask)
   at Microsoft.AspNetCore.Mvc.Infrastructure.ControllerActionInvoker.<InvokeNextActionFilterAsync>g__Awaited|10_0(ControllerActionInvoker invoker, Task lastTask, State next, Scope scope, Object state, Boolean isCompleted)
   at Microsoft.AspNetCore.Mvc.Infrastructure.ControllerActionInvoker.Rethrow(ActionExecutedContextSealed context)
   at Microsoft.AspNetCore.Mvc.Infrastructure.ControllerActionInvoker.Next(State& next, Scope& scope, Object& state, Boolean& isCompleted)
   at Microsoft.AspNetCore.Mvc.Infrastructure.ControllerActionInvoker.InvokeInnerFilterAsync()
--- End of stack trace from previous location ---
   at Microsoft.AspNetCore.Mvc.Infrastructure.ResourceInvoker.<InvokeNextExceptionFilterAsync>g__Awaited|25_0(ResourceInvoker invoker, Task lastTask, State next, Scope scope, Object state, Boolean isCompleted)
2021-12-23 16:24:04,811                  ,--.                     ,---._                           
2021-12-23 16:24:04,816                ,--.'|                   .-- -.' \     ,---,      ,----..   
2021-12-23 16:24:04,816            ,--,:  : |       ,---.       |    |   :  .'  .' `\   /   /   \  
2021-12-23 16:24:04,816         ,`--.'`|  ' :      /__./|       :    ;   |,---.'     \ |   :     : 
2021-12-23 16:24:04,816         |   :  :  | | ,---.;  ; |       :        ||   |  .`\  |.   |  ;. / 
2021-12-23 16:24:04,816         :   |   \ | :/___/ \  | |       |    :   ::   : |  '  |.   ; /--`  
2021-12-23 16:24:04,816         |   : '  '; |\   ;  \ ' |       :         |   ' '  ;  :;   | ;     
2021-12-23 16:24:04,816         '   ' ;.    ; \   \  \: |       |    ;   |'   | ;  .  ||   : |     
2021-12-23 16:24:04,816         |   | | \   |  ;   \  ' .   ___ l         |   | :  |  '.   | '___  
2021-12-23 16:24:04,816         '   : |  ; .'   \   \   ' /    /\    J   :'   : | /  ; '   ; : .'| 
2021-12-23 16:24:04,816         |   | '`--'      \   `  ;/  ../  `..-    ,|   | '` ,/  '   | '/  : 
2021-12-23 16:24:04,816         '   : |           :   \ |\    \         ; ;   :  .'    |   :    /  
2021-12-23 16:24:04,816         ;   |.'            '---'' \    \       ,' |   ,.'      \   \ .'   
2021-12-23 16:24:04,816         '---'                      '-- - ....--'  '-- '         `---`     
2021-12-23 16:24:04,816 
2021-12-23 16:24:04,816 
2021-12-23 16:24:04,816                                                                      Version:2.2
2021-12-23 16:24:04,816 
2021-12-23 16:24:04,816 
2021-12-23 16:24:04,816                                                                      By Nolan  
2021-12-23 16:24:04,816 
2021-12-23 16:24:04,816 -------------------------------------------------------------------------------------
2021-12-23 16:24:04,816 
2021-12-23 16:24:04,823 序列号:0A24CEA0-1558-4FA3-A405-C16D5D98D566

2021-12-23 16:24:04,824 Running on Linux!
2021-12-23 16:24:04,824 系统架构：X64
2021-12-23 16:24:04,824 系统名称：Linux 3.10.0-1160.45.1.el7.x86_64 #1 SMP Wed Oct 13 17:20:51 UTC 2021
2021-12-23 16:24:04,824 进程架构：X64
2021-12-23 16:24:04,824 是否64位操作系统：True
2021-12-23 16:24:04,824 -------------------------------------------------------------------------------------
2021-12-23 16:24:04,824 初始化项目
2021-12-23 16:24:04,824 -------------------------------------------------------------------------------------
2021-12-23 16:24:04,824 第一次运行会下载Chromium,后续只是检查是否下载
2021-12-23 16:24:04,824 检查中....
2021-12-23 16:24:04,840 True
2021-12-23 16:24:04,842 程序配置自检 
2021-12-23 16:24:04,842 如果报错请检查配置或者检查配置是否挂载
2021-12-23 16:24:04,845 上传模式：ql
2021-12-23 16:24:04,845 回收时间：5分钟
2021-12-23 16:24:04,845 自动滑块：5
2021-12-23 16:24:04,845 
2021-12-23 16:24:04,845 
2021-12-23 16:24:04,845 浏览器自检
2021-12-23 16:24:04,845 -------------------------------------------------------------------------------------
2021-12-23 16:24:09,573 页面文字京东登录注册+86获取验证码登 录账号密码登录手机快速注册其他登录方式QQ 微信 若您输入的手机号未注册，将为您直接注册，注册即视为同意 京东用户注册协议 、 用户隐私政策
2021-12-23 16:24:09,573 关闭页面
2021-12-23 16:24:09,627 浏览器关闭
2021-12-23 16:24:09,627 浏览器自检成功
2021-12-23 16:24:09,627 浏览器打开时间：4.781
2021-12-23 16:24:09,627 -------------------------------------------------------------------------------------
2021-12-23 16:24:09,627 检查成功
2021-12-23 16:24:09,894 NETJDC started
2021-12-23 16:27:48,101                  ,--.                     ,---._                           
2021-12-23 16:27:48,106                ,--.'|                   .-- -.' \     ,---,      ,----..   
2021-12-23 16:27:48,106            ,--,:  : |       ,---.       |    |   :  .'  .' `\   /   /   \  
2021-12-23 16:27:48,106         ,`--.'`|  ' :      /__./|       :    ;   |,---.'     \ |   :     : 
2021-12-23 16:27:48,106         |   :  :  | | ,---.;  ; |       :        ||   |  .`\  |.   |  ;. / 
2021-12-23 16:27:48,106         :   |   \ | :/___/ \  | |       |    :   ::   : |  '  |.   ; /--`  
2021-12-23 16:27:48,106         |   : '  '; |\   ;  \ ' |       :         |   ' '  ;  :;   | ;     
2021-12-23 16:27:48,106         '   ' ;.    ; \   \  \: |       |    ;   |'   | ;  .  ||   : |     
2021-12-23 16:27:48,106         |   | | \   |  ;   \  ' .   ___ l         |   | :  |  '.   | '___  
2021-12-23 16:27:48,106         '   : |  ; .'   \   \   ' /    /\    J   :'   : | /  ; '   ; : .'| 
2021-12-23 16:27:48,106         |   | '`--'      \   `  ;/  ../  `..-    ,|   | '` ,/  '   | '/  : 
2021-12-23 16:27:48,106         '   : |           :   \ |\    \         ; ;   :  .'    |   :    /  
2021-12-23 16:27:48,106         ;   |.'            '---'' \    \       ,' |   ,.'      \   \ .'   
2021-12-23 16:27:48,106         '---'                      '-- - ....--'  '-- '         `---`     
2021-12-23 16:27:48,106 
2021-12-23 16:27:48,106 
2021-12-23 16:27:48,106                                                                      Version:2.2
2021-12-23 16:27:48,106 
2021-12-23 16:27:48,106 
2021-12-23 16:27:48,106                                                                      By Nolan  
2021-12-23 16:27:48,106 
2021-12-23 16:27:48,106 -------------------------------------------------------------------------------------
2021-12-23 16:27:48,106 
2021-12-23 16:27:48,113 序列号:0A24CEA0-1558-4FA3-A405-C16D5D98D566

2021-12-23 16:27:48,113 Running on Linux!
2021-12-23 16:27:48,113 系统架构：X64
2021-12-23 16:27:48,113 系统名称：Linux 3.10.0-1160.45.1.el7.x86_64 #1 SMP Wed Oct 13 17:20:51 UTC 2021
2021-12-23 16:27:48,114 进程架构：X64
2021-12-23 16:27:48,114 是否64位操作系统：True
2021-12-23 16:27:48,114 -------------------------------------------------------------------------------------
2021-12-23 16:27:48,114 初始化项目
2021-12-23 16:27:48,114 -------------------------------------------------------------------------------------
2021-12-23 16:27:48,114 第一次运行会下载Chromium,后续只是检查是否下载
2021-12-23 16:27:48,114 检查中....
2021-12-23 16:27:48,130 True
2021-12-23 16:27:48,132 程序配置自检 
2021-12-23 16:27:48,132 如果报错请检查配置或者检查配置是否挂载
2021-12-23 16:27:48,135 上传模式：ql
2021-12-23 16:27:48,135 回收时间：5分钟
2021-12-23 16:27:48,135 自动滑块：5
2021-12-23 16:27:48,135 
2021-12-23 16:27:48,135 
2021-12-23 16:27:48,135 浏览器自检
2021-12-23 16:27:48,135 -------------------------------------------------------------------------------------
2021-12-23 16:27:52,814 页面文字京东登录注册+86获取验证码登 录账号密码登录手机快速注册其他登录方式QQ 微信 若您输入的手机号未注册，将为您直接注册，注册即视为同意 京东用户注册协议 、 用户隐私政策
2021-12-23 16:27:52,814 关闭页面
2021-12-23 16:27:52,879 浏览器关闭
2021-12-23 16:27:52,879 浏览器自检成功
2021-12-23 16:27:52,879 浏览器打开时间：4.743
2021-12-23 16:27:52,879 -------------------------------------------------------------------------------------
2021-12-23 16:27:52,879 检查成功
2021-12-23 16:27:53,132 NETJDC started
2021-12-23 16:48:57,591                  ,--.                     ,---._                           
2021-12-23 16:48:57,596                ,--.'|                   .-- -.' \     ,---,      ,----..   
2021-12-23 16:48:57,596            ,--,:  : |       ,---.       |    |   :  .'  .' `\   /   /   \  
2021-12-23 16:48:57,596         ,`--.'`|  ' :      /__./|       :    ;   |,---.'     \ |   :     : 
2021-12-23 16:48:57,596         |   :  :  | | ,---.;  ; |       :        ||   |  .`\  |.   |  ;. / 
2021-12-23 16:48:57,596         :   |   \ | :/___/ \  | |       |    :   ::   : |  '  |.   ; /--`  
2021-12-23 16:48:57,596         |   : '  '; |\   ;  \ ' |       :         |   ' '  ;  :;   | ;     
2021-12-23 16:48:57,596         '   ' ;.    ; \   \  \: |       |    ;   |'   | ;  .  ||   : |     
2021-12-23 16:48:57,596         |   | | \   |  ;   \  ' .   ___ l         |   | :  |  '.   | '___  
2021-12-23 16:48:57,596         '   : |  ; .'   \   \   ' /    /\    J   :'   : | /  ; '   ; : .'| 
2021-12-23 16:48:57,596         |   | '`--'      \   `  ;/  ../  `..-    ,|   | '` ,/  '   | '/  : 
2021-12-23 16:48:57,596         '   : |           :   \ |\    \         ; ;   :  .'    |   :    /  
2021-12-23 16:48:57,596         ;   |.'            '---'' \    \       ,' |   ,.'      \   \ .'   
2021-12-23 16:48:57,596         '---'                      '-- - ....--'  '-- '         `---`     
2021-12-23 16:48:57,596 
2021-12-23 16:48:57,596 
2021-12-23 16:48:57,596                                                                      Version:2.2
2021-12-23 16:48:57,596 
2021-12-23 16:48:57,596 
2021-12-23 16:48:57,596                                                                      By Nolan  
2021-12-23 16:48:57,596 
2021-12-23 16:48:57,596 -------------------------------------------------------------------------------------
2021-12-23 16:48:57,596 
2021-12-23 16:48:57,603 序列号:0A24CEA0-1558-4FA3-A405-C16D5D98D566

2021-12-23 16:48:57,603 Running on Linux!
2021-12-23 16:48:57,603 系统架构：X64
2021-12-23 16:48:57,603 系统名称：Linux 3.10.0-1160.45.1.el7.x86_64 #1 SMP Wed Oct 13 17:20:51 UTC 2021
2021-12-23 16:48:57,603 进程架构：X64
2021-12-23 16:48:57,603 是否64位操作系统：True
2021-12-23 16:48:57,603 -------------------------------------------------------------------------------------
2021-12-23 16:48:57,603 初始化项目
2021-12-23 16:48:57,603 -------------------------------------------------------------------------------------
2021-12-23 16:48:57,603 第一次运行会下载Chromium,后续只是检查是否下载
2021-12-23 16:48:57,603 检查中....
2021-12-23 16:48:57,619 True
2021-12-23 16:48:57,621 程序配置自检 
2021-12-23 16:48:57,621 如果报错请检查配置或者检查配置是否挂载
2021-12-23 16:48:57,624 上传模式：ql
2021-12-23 16:48:57,624 回收时间：5分钟
2021-12-23 16:48:57,624 自动滑块：5
2021-12-23 16:48:57,624 
2021-12-23 16:48:57,624 
2021-12-23 16:48:57,624 浏览器自检
2021-12-23 16:48:57,624 -------------------------------------------------------------------------------------
2021-12-23 16:49:02,279 页面文字京东登录注册+86获取验证码登 录账号密码登录手机快速注册其他登录方式QQ 微信 若您输入的手机号未注册，将为您直接注册，注册即视为同意 京东用户注册协议 、 用户隐私政策
2021-12-23 16:49:02,279 关闭页面
2021-12-23 16:49:02,337 浏览器关闭
2021-12-23 16:49:02,337 浏览器自检成功
2021-12-23 16:49:02,337 浏览器打开时间：4.713
2021-12-23 16:49:02,338 -------------------------------------------------------------------------------------
2021-12-23 16:49:02,338 检查成功
2021-12-23 16:49:02,573 NETJDC started
2021-12-24 12:30:00,137 用户没有扫码关注。转发给主号
2021-12-24 12:30:00,139 用户没有扫码关注。转发给主号
2021-12-24 15:20:41,743 System.Exception: 请选择服务器
   at NETJDC.Controllers.CloudController.SendSMS(RequestEntity obj) in E:\03工作源码\NETJDC\NETJDC\Controllers\CloudController.cs:line 195
2021-12-24 15:26:40,443                  ,--.                     ,---._                           
2021-12-24 15:26:40,450                ,--.'|                   .-- -.' \     ,---,      ,----..   
2021-12-24 15:26:40,450            ,--,:  : |       ,---.       |    |   :  .'  .' `\   /   /   \  
2021-12-24 15:26:40,450         ,`--.'`|  ' :      /__./|       :    ;   |,---.'     \ |   :     : 
2021-12-24 15:26:40,450         |   :  :  | | ,---.;  ; |       :        ||   |  .`\  |.   |  ;. / 
2021-12-24 15:26:40,450         :   |   \ | :/___/ \  | |       |    :   ::   : |  '  |.   ; /--`  
2021-12-24 15:26:40,450         |   : '  '; |\   ;  \ ' |       :         |   ' '  ;  :;   | ;     
2021-12-24 15:26:40,450         '   ' ;.    ; \   \  \: |       |    ;   |'   | ;  .  ||   : |     
2021-12-24 15:26:40,450         |   | | \   |  ;   \  ' .   ___ l         |   | :  |  '.   | '___  
2021-12-24 15:26:40,450         '   : |  ; .'   \   \   ' /    /\    J   :'   : | /  ; '   ; : .'| 
2021-12-24 15:26:40,450         |   | '`--'      \   `  ;/  ../  `..-    ,|   | '` ,/  '   | '/  : 
2021-12-24 15:26:40,450         '   : |           :   \ |\    \         ; ;   :  .'    |   :    /  
2021-12-24 15:26:40,450         ;   |.'            '---'' \    \       ,' |   ,.'      \   \ .'   
2021-12-24 15:26:40,450         '---'                      '-- - ....--'  '-- '         `---`     
2021-12-24 15:26:40,450 
2021-12-24 15:26:40,450 
2021-12-24 15:26:40,450                                                                      Version:2.2
2021-12-24 15:26:40,450 
2021-12-24 15:26:40,450 
2021-12-24 15:26:40,450                                                                      By Nolan  
2021-12-24 15:26:40,450 
2021-12-24 15:26:40,450 -------------------------------------------------------------------------------------
2021-12-24 15:26:40,450 
2021-12-24 15:26:40,457 序列号:0A24CEA0-1558-4FA3-A405-C16D5D98D566

2021-12-24 15:26:40,457 Running on Linux!
2021-12-24 15:26:40,458 系统架构：X64
2021-12-24 15:26:40,458 系统名称：Linux 3.10.0-1160.45.1.el7.x86_64 #1 SMP Wed Oct 13 17:20:51 UTC 2021
2021-12-24 15:26:40,458 进程架构：X64
2021-12-24 15:26:40,458 是否64位操作系统：True
2021-12-24 15:26:40,458 -------------------------------------------------------------------------------------
2021-12-24 15:26:40,458 初始化项目
2021-12-24 15:26:40,458 -------------------------------------------------------------------------------------
2021-12-24 15:26:40,458 第一次运行会下载Chromium,后续只是检查是否下载
2021-12-24 15:26:40,458 检查中....
2021-12-24 15:26:40,475 True
2021-12-24 15:26:40,476 程序配置自检 
2021-12-24 15:26:40,476 如果报错请检查配置或者检查配置是否挂载
2021-12-24 15:26:40,479 上传模式：none
2021-12-24 15:26:40,479 回收时间：5分钟
2021-12-24 15:26:40,479 自动滑块：5
2021-12-24 15:26:40,479 
2021-12-24 15:26:40,479 
2021-12-24 15:26:40,479 浏览器自检
2021-12-24 15:26:40,479 -------------------------------------------------------------------------------------
2021-12-24 15:26:45,163 页面文字京东登录注册+86获取验证码登 录账号密码登录手机快速注册其他登录方式QQ 微信 若您输入的手机号未注册，将为您直接注册，注册即视为同意 京东用户注册协议 、 用户隐私政策
2021-12-24 15:26:45,163 关闭页面
2021-12-24 15:26:45,224 浏览器关闭
2021-12-24 15:26:45,224 浏览器自检成功
2021-12-24 15:26:45,224 浏览器打开时间：4.745
2021-12-24 15:26:45,225 -------------------------------------------------------------------------------------
2021-12-24 15:26:45,225 检查成功
2021-12-24 15:26:45,244 NETJDC started
2021-12-24 15:27:44,931 JSHandle:getMsg-btn text-btn J_ping timer active
2021-12-24 15:27:46,671     手机：15155924894 tabe 创建 时间:12/24/2021 15:27:46
2021-12-24 15:27:46,671 15155924894选字安全验证
2021-12-24 15:27:46,702 System.NullReferenceException: Object reference not set to an instance of an object.
   at Server.PageServer.PageServer.GetIMG2(Page page, Int32 time) in E:\03工作源码\NETJDC\Server\PageServer\PageServer.cs:line 1004
   at Server.PageServer.PageServer.OpenJDTab(Int32 qlkey, String Phone, Boolean UploadQL) in E:\03工作源码\NETJDC\Server\PageServer\PageServer.cs:line 415
   at NETJDC.Controllers.CloudController.SendSMS(RequestEntity obj) in E:\03工作源码\NETJDC\NETJDC\Controllers\CloudController.cs:line 199
2021-12-24 15:32:46,673     手机：15155924894 tabe 自动回收 时间:12/24/2021 15:32:46
2021-12-24 15:43:55,847                  ,--.                     ,---._                           
2021-12-24 15:43:55,852                ,--.'|                   .-- -.' \     ,---,      ,----..   
2021-12-24 15:43:55,852            ,--,:  : |       ,---.       |    |   :  .'  .' `\   /   /   \  
2021-12-24 15:43:55,852         ,`--.'`|  ' :      /__./|       :    ;   |,---.'     \ |   :     : 
2021-12-24 15:43:55,852         |   :  :  | | ,---.;  ; |       :        ||   |  .`\  |.   |  ;. / 
2021-12-24 15:43:55,852         :   |   \ | :/___/ \  | |       |    :   ::   : |  '  |.   ; /--`  
2021-12-24 15:43:55,852         |   : '  '; |\   ;  \ ' |       :         |   ' '  ;  :;   | ;     
2021-12-24 15:43:55,852         '   ' ;.    ; \   \  \: |       |    ;   |'   | ;  .  ||   : |     
2021-12-24 15:43:55,852         |   | | \   |  ;   \  ' .   ___ l         |   | :  |  '.   | '___  
2021-12-24 15:43:55,852         '   : |  ; .'   \   \   ' /    /\    J   :'   : | /  ; '   ; : .'| 
2021-12-24 15:43:55,852         |   | '`--'      \   `  ;/  ../  `..-    ,|   | '` ,/  '   | '/  : 
2021-12-24 15:43:55,852         '   : |           :   \ |\    \         ; ;   :  .'    |   :    /  
2021-12-24 15:43:55,852         ;   |.'            '---'' \    \       ,' |   ,.'      \   \ .'   
2021-12-24 15:43:55,852         '---'                      '-- - ....--'  '-- '         `---`     
2021-12-24 15:43:55,853 
2021-12-24 15:43:55,853 
2021-12-24 15:43:55,853                                                                      Version:2.2
2021-12-24 15:43:55,853 
2021-12-24 15:43:55,853 
2021-12-24 15:43:55,853                                                                      By Nolan  
2021-12-24 15:43:55,853 
2021-12-24 15:43:55,853 -------------------------------------------------------------------------------------
2021-12-24 15:43:55,853 
2021-12-24 15:43:55,862 序列号:0A24CEA0-1558-4FA3-A405-C16D5D98D566

2021-12-24 15:43:55,863 Running on Linux!
2021-12-24 15:43:55,863 系统架构：X64
2021-12-24 15:43:55,863 系统名称：Linux 3.10.0-1160.45.1.el7.x86_64 #1 SMP Wed Oct 13 17:20:51 UTC 2021
2021-12-24 15:43:55,863 进程架构：X64
2021-12-24 15:43:55,863 是否64位操作系统：True
2021-12-24 15:43:55,863 -------------------------------------------------------------------------------------
2021-12-24 15:43:55,863 初始化项目
2021-12-24 15:43:55,863 -------------------------------------------------------------------------------------
2021-12-24 15:43:55,863 第一次运行会下载Chromium,后续只是检查是否下载
2021-12-24 15:43:55,863 检查中....
2021-12-24 15:43:55,880 True
2021-12-24 15:43:55,881 程序配置自检 
2021-12-24 15:43:55,881 如果报错请检查配置或者检查配置是否挂载
2021-12-24 15:43:55,884 上传模式：ql
2021-12-24 15:43:55,884 回收时间：5分钟
2021-12-24 15:43:55,884 自动滑块：5
2021-12-24 15:43:55,884 
2021-12-24 15:43:55,884 
2021-12-24 15:43:55,884 浏览器自检
2021-12-24 15:43:55,884 -------------------------------------------------------------------------------------
2021-12-24 15:44:01,006 页面文字京东登录注册+86获取验证码登 录账号密码登录手机快速注册其他登录方式QQ 微信 若您输入的手机号未注册，将为您直接注册，注册即视为同意 京东用户注册协议 、 用户隐私政策
2021-12-24 15:44:01,006 关闭页面
2021-12-24 15:44:01,056 浏览器关闭
2021-12-24 15:44:01,056 浏览器自检成功
2021-12-24 15:44:01,056 浏览器打开时间：5.171
2021-12-24 15:44:01,057 -------------------------------------------------------------------------------------
2021-12-24 15:44:01,057 检查成功
2021-12-24 15:44:01,364 NETJDC started
2021-12-24 15:44:06,607 System.Exception: 配置有误获取token失败
   at Systems.Qlconfig.GetToken() in E:\03工作源码\NETJDC\Systems\MainConfig.cs:line 445
   at Systems.Qlconfig.GetEnv(String searchValue) in E:\03工作源码\NETJDC\Systems\MainConfig.cs:line 453
   at Systems.Qlconfig.GetEnvsCount(String searchValue) in E:\03工作源码\NETJDC\Systems\MainConfig.cs:line 482
   at NETJDC.Controllers.CloudController.Config() in E:\03工作源码\NETJDC\NETJDC\Controllers\CloudController.cs:line 74
   at Microsoft.AspNetCore.Mvc.Infrastructure.ActionMethodExecutor.TaskOfIActionResultExecutor.Execute(IActionResultTypeMapper mapper, ObjectMethodExecutor executor, Object controller, Object[] arguments)
   at Microsoft.AspNetCore.Mvc.Infrastructure.ControllerActionInvoker.<InvokeActionMethodAsync>g__Awaited|12_0(ControllerActionInvoker invoker, ValueTask`1 actionResultValueTask)
   at Microsoft.AspNetCore.Mvc.Infrastructure.ControllerActionInvoker.<InvokeNextActionFilterAsync>g__Awaited|10_0(ControllerActionInvoker invoker, Task lastTask, State next, Scope scope, Object state, Boolean isCompleted)
   at Microsoft.AspNetCore.Mvc.Infrastructure.ControllerActionInvoker.Rethrow(ActionExecutedContextSealed context)
   at Microsoft.AspNetCore.Mvc.Infrastructure.ControllerActionInvoker.Next(State& next, Scope& scope, Object& state, Boolean& isCompleted)
   at Microsoft.AspNetCore.Mvc.Infrastructure.ControllerActionInvoker.<InvokeInnerFilterAsync>g__Awaited|13_0(ControllerActionInvoker invoker, Task lastTask, State next, Scope scope, Object state, Boolean isCompleted)
   at Microsoft.AspNetCore.Mvc.Infrastructure.ResourceInvoker.<InvokeNextExceptionFilterAsync>g__Awaited|25_0(ResourceInvoker invoker, Task lastTask, State next, Scope scope, Object state, Boolean isCompleted)
2021-12-24 15:45:21,066                  ,--.                     ,---._                           
2021-12-24 15:45:21,071                ,--.'|                   .-- -.' \     ,---,      ,----..   
2021-12-24 15:45:21,071            ,--,:  : |       ,---.       |    |   :  .'  .' `\   /   /   \  
2021-12-24 15:45:21,071         ,`--.'`|  ' :      /__./|       :    ;   |,---.'     \ |   :     : 
2021-12-24 15:45:21,071         |   :  :  | | ,---.;  ; |       :        ||   |  .`\  |.   |  ;. / 
2021-12-24 15:45:21,071         :   |   \ | :/___/ \  | |       |    :   ::   : |  '  |.   ; /--`  
2021-12-24 15:45:21,071         |   : '  '; |\   ;  \ ' |       :         |   ' '  ;  :;   | ;     
2021-12-24 15:45:21,071         '   ' ;.    ; \   \  \: |       |    ;   |'   | ;  .  ||   : |     
2021-12-24 15:45:21,071         |   | | \   |  ;   \  ' .   ___ l         |   | :  |  '.   | '___  
2021-12-24 15:45:21,071         '   : |  ; .'   \   \   ' /    /\    J   :'   : | /  ; '   ; : .'| 
2021-12-24 15:45:21,071         |   | '`--'      \   `  ;/  ../  `..-    ,|   | '` ,/  '   | '/  : 
2021-12-24 15:45:21,071         '   : |           :   \ |\    \         ; ;   :  .'    |   :    /  
2021-12-24 15:45:21,071         ;   |.'            '---'' \    \       ,' |   ,.'      \   \ .'   
2021-12-24 15:45:21,071         '---'                      '-- - ....--'  '-- '         `---`     
2021-12-24 15:45:21,071 
2021-12-24 15:45:21,071 
2021-12-24 15:45:21,071                                                                      Version:2.2
2021-12-24 15:45:21,071 
2021-12-24 15:45:21,071 
2021-12-24 15:45:21,071                                                                      By Nolan  
2021-12-24 15:45:21,071 
2021-12-24 15:45:21,071 -------------------------------------------------------------------------------------
2021-12-24 15:45:21,071 
2021-12-24 15:45:21,077 序列号:0A24CEA0-1558-4FA3-A405-C16D5D98D566

2021-12-24 15:45:21,077 Running on Linux!
2021-12-24 15:45:21,078 系统架构：X64
2021-12-24 15:45:21,078 系统名称：Linux 3.10.0-1160.45.1.el7.x86_64 #1 SMP Wed Oct 13 17:20:51 UTC 2021
2021-12-24 15:45:21,078 进程架构：X64
2021-12-24 15:45:21,078 是否64位操作系统：True
2021-12-24 15:45:21,078 -------------------------------------------------------------------------------------
2021-12-24 15:45:21,078 初始化项目
2021-12-24 15:45:21,078 -------------------------------------------------------------------------------------
2021-12-24 15:45:21,078 第一次运行会下载Chromium,后续只是检查是否下载
2021-12-24 15:45:21,078 检查中....
2021-12-24 15:45:21,094 True
2021-12-24 15:45:21,095 程序配置自检 
2021-12-24 15:45:21,095 如果报错请检查配置或者检查配置是否挂载
2021-12-24 15:45:21,099 上传模式：ql
2021-12-24 15:45:21,099 回收时间：5分钟
2021-12-24 15:45:21,099 自动滑块：5
2021-12-24 15:45:21,099 
2021-12-24 15:45:21,099 
2021-12-24 15:45:21,099 浏览器自检
2021-12-24 15:45:21,099 -------------------------------------------------------------------------------------
2021-12-24 15:45:25,792 页面文字京东登录注册+86获取验证码登 录账号密码登录手机快速注册其他登录方式QQ 微信 若您输入的手机号未注册，将为您直接注册，注册即视为同意 京东用户注册协议 、 用户隐私政策
2021-12-24 15:45:25,792 关闭页面
2021-12-24 15:45:25,843 浏览器关闭
2021-12-24 15:45:25,843 浏览器自检成功
2021-12-24 15:45:25,843 浏览器打开时间：4.744
2021-12-24 15:45:25,844 -------------------------------------------------------------------------------------
2021-12-24 15:45:25,844 检查成功
2021-12-24 15:45:26,097 NETJDC started
2021-12-25 12:30:01,008 用户没有扫码关注。转发给主号
2021-12-25 12:30:01,010 用户没有扫码关注。转发给主号
2021-12-25 22:16:05,182 JSHandle:getMsg-btn text-btn J_ping timer active
2021-12-25 22:16:07,431     手机：15155924894 tabe 创建 时间:12/25/2021 22:16:07
2021-12-25 22:16:07,431 15155924894选字安全验证
2021-12-25 22:16:07,457 System.NullReferenceException: Object reference not set to an instance of an object.
   at Server.PageServer.PageServer.GetIMG2(Page page, Int32 time) in E:\03工作源码\NETJDC\Server\PageServer\PageServer.cs:line 1004
   at Server.PageServer.PageServer.OpenJDTab(Int32 qlkey, String Phone, Boolean UploadQL) in E:\03工作源码\NETJDC\Server\PageServer\PageServer.cs:line 415
   at NETJDC.Controllers.CloudController.SendSMS(RequestEntity obj) in E:\03工作源码\NETJDC\NETJDC\Controllers\CloudController.cs:line 199
2021-12-25 22:21:07,433     手机：15155924894 tabe 自动回收 时间:12/25/2021 22:21:07
2021-12-26 12:30:00,443 用户没有扫码关注。转发给主号
2021-12-26 12:30:00,443 用户没有扫码关注。转发给主号
2021-12-26 12:30:00,443 用户没有扫码关注。转发给主号
2021-12-26 12:30:00,443 用户没有扫码关注。转发给主号
2021-12-26 13:56:54,463                  ,--.                     ,---._                           
2021-12-26 13:56:54,468                ,--.'|                   .-- -.' \     ,---,      ,----..   
2021-12-26 13:56:54,468            ,--,:  : |       ,---.       |    |   :  .'  .' `\   /   /   \  
2021-12-26 13:56:54,469         ,`--.'`|  ' :      /__./|       :    ;   |,---.'     \ |   :     : 
2021-12-26 13:56:54,469         |   :  :  | | ,---.;  ; |       :        ||   |  .`\  |.   |  ;. / 
2021-12-26 13:56:54,469         :   |   \ | :/___/ \  | |       |    :   ::   : |  '  |.   ; /--`  
2021-12-26 13:56:54,469         |   : '  '; |\   ;  \ ' |       :         |   ' '  ;  :;   | ;     
2021-12-26 13:56:54,469         '   ' ;.    ; \   \  \: |       |    ;   |'   | ;  .  ||   : |     
2021-12-26 13:56:54,469         |   | | \   |  ;   \  ' .   ___ l         |   | :  |  '.   | '___  
2021-12-26 13:56:54,469         '   : |  ; .'   \   \   ' /    /\    J   :'   : | /  ; '   ; : .'| 
2021-12-26 13:56:54,469         |   | '`--'      \   `  ;/  ../  `..-    ,|   | '` ,/  '   | '/  : 
2021-12-26 13:56:54,469         '   : |           :   \ |\    \         ; ;   :  .'    |   :    /  
2021-12-26 13:56:54,469         ;   |.'            '---'' \    \       ,' |   ,.'      \   \ .'   
2021-12-26 13:56:54,469         '---'                      '-- - ....--'  '-- '         `---`     
2021-12-26 13:56:54,469 
2021-12-26 13:56:54,469 
2021-12-26 13:56:54,469                                                                      Version:2.2
2021-12-26 13:56:54,469 
2021-12-26 13:56:54,469 
2021-12-26 13:56:54,469                                                                      By Nolan  
2021-12-26 13:56:54,469 
2021-12-26 13:56:54,469 -------------------------------------------------------------------------------------
2021-12-26 13:56:54,469 
2021-12-26 13:56:54,476 序列号:0A24CEA0-1558-4FA3-A405-C16D5D98D566

2021-12-26 13:56:54,476 Running on Linux!
2021-12-26 13:56:54,476 系统架构：X64
2021-12-26 13:56:54,476 系统名称：Linux 3.10.0-1160.45.1.el7.x86_64 #1 SMP Wed Oct 13 17:20:51 UTC 2021
2021-12-26 13:56:54,476 进程架构：X64
2021-12-26 13:56:54,476 是否64位操作系统：True
2021-12-26 13:56:54,476 -------------------------------------------------------------------------------------
2021-12-26 13:56:54,476 初始化项目
2021-12-26 13:56:54,476 -------------------------------------------------------------------------------------
2021-12-26 13:56:54,476 第一次运行会下载Chromium,后续只是检查是否下载
2021-12-26 13:56:54,476 检查中....
2021-12-26 13:56:54,493 True
2021-12-26 13:56:54,495 程序配置自检 
2021-12-26 13:56:54,495 如果报错请检查配置或者检查配置是否挂载
2021-12-26 13:56:54,498 上传模式：ql
2021-12-26 13:56:54,498 回收时间：5分钟
2021-12-26 13:56:54,498 自动滑块：5
2021-12-26 13:56:54,498 
2021-12-26 13:56:54,498 
2021-12-26 13:56:54,498 浏览器自检
2021-12-26 13:56:54,498 -------------------------------------------------------------------------------------
2021-12-26 13:57:04,130 页面文字京东登录注册+86获取验证码登 录账号密码登录手机快速注册其他登录方式QQ 微信 若您输入的手机号未注册，将为您直接注册，注册即视为同意 京东用户注册协议 、 用户隐私政策
2021-12-26 13:57:04,130 关闭页面
2021-12-26 13:57:04,185 浏览器关闭
2021-12-26 13:57:04,185 浏览器自检成功
2021-12-26 13:57:04,185 浏览器打开时间：9.687
2021-12-26 13:57:04,185 -------------------------------------------------------------------------------------
2021-12-26 13:57:04,187 检查成功
2021-12-26 13:57:04,422 NETJDC started
2021-12-26 13:58:38,015                  ,--.                     ,---._                           
2021-12-26 13:58:38,021                ,--.'|                   .-- -.' \     ,---,      ,----..   
2021-12-26 13:58:38,021            ,--,:  : |       ,---.       |    |   :  .'  .' `\   /   /   \  
2021-12-26 13:58:38,021         ,`--.'`|  ' :      /__./|       :    ;   |,---.'     \ |   :     : 
2021-12-26 13:58:38,021         |   :  :  | | ,---.;  ; |       :        ||   |  .`\  |.   |  ;. / 
2021-12-26 13:58:38,021         :   |   \ | :/___/ \  | |       |    :   ::   : |  '  |.   ; /--`  
2021-12-26 13:58:38,021         |   : '  '; |\   ;  \ ' |       :         |   ' '  ;  :;   | ;     
2021-12-26 13:58:38,021         '   ' ;.    ; \   \  \: |       |    ;   |'   | ;  .  ||   : |     
2021-12-26 13:58:38,021         |   | | \   |  ;   \  ' .   ___ l         |   | :  |  '.   | '___  
2021-12-26 13:58:38,021         '   : |  ; .'   \   \   ' /    /\    J   :'   : | /  ; '   ; : .'| 
2021-12-26 13:58:38,021         |   | '`--'      \   `  ;/  ../  `..-    ,|   | '` ,/  '   | '/  : 
2021-12-26 13:58:38,021         '   : |           :   \ |\    \         ; ;   :  .'    |   :    /  
2021-12-26 13:58:38,021         ;   |.'            '---'' \    \       ,' |   ,.'      \   \ .'   
2021-12-26 13:58:38,021         '---'                      '-- - ....--'  '-- '         `---`     
2021-12-26 13:58:38,021 
2021-12-26 13:58:38,021 
2021-12-26 13:58:38,021                                                                      Version:2.2
2021-12-26 13:58:38,021 
2021-12-26 13:58:38,021 
2021-12-26 13:58:38,021                                                                      By Nolan  
2021-12-26 13:58:38,021 
2021-12-26 13:58:38,021 -------------------------------------------------------------------------------------
2021-12-26 13:58:38,021 
2021-12-26 13:58:38,027 序列号:0A24CEA0-1558-4FA3-A405-C16D5D98D566

2021-12-26 13:58:38,027 Running on Linux!
2021-12-26 13:58:38,027 系统架构：X64
2021-12-26 13:58:38,028 系统名称：Linux 3.10.0-1160.45.1.el7.x86_64 #1 SMP Wed Oct 13 17:20:51 UTC 2021
2021-12-26 13:58:38,028 进程架构：X64
2021-12-26 13:58:38,028 是否64位操作系统：True
2021-12-26 13:58:38,028 -------------------------------------------------------------------------------------
2021-12-26 13:58:38,028 初始化项目
2021-12-26 13:58:38,028 -------------------------------------------------------------------------------------
2021-12-26 13:58:38,028 第一次运行会下载Chromium,后续只是检查是否下载
2021-12-26 13:58:38,028 检查中....
2021-12-26 13:58:38,043 True
2021-12-26 13:58:38,045 程序配置自检 
2021-12-26 13:58:38,045 如果报错请检查配置或者检查配置是否挂载
2021-12-26 13:58:38,048 上传模式：ql
2021-12-26 13:58:38,048 回收时间：5分钟
2021-12-26 13:58:38,048 自动滑块：5
2021-12-26 13:58:38,048 
2021-12-26 13:58:38,048 
2021-12-26 13:58:38,048 浏览器自检
2021-12-26 13:58:38,048 -------------------------------------------------------------------------------------
2021-12-26 13:58:42,626 页面文字京东登录注册+86获取验证码登 录账号密码登录手机快速注册其他登录方式QQ 微信 若您输入的手机号未注册，将为您直接注册，注册即视为同意 京东用户注册协议 、 用户隐私政策
2021-12-26 13:58:42,626 关闭页面
2021-12-26 13:58:42,676 浏览器关闭
2021-12-26 13:58:42,676 浏览器自检成功
2021-12-26 13:58:42,676 浏览器打开时间：4.628
2021-12-26 13:58:42,676 -------------------------------------------------------------------------------------
2021-12-26 13:58:42,678 检查成功
2021-12-26 13:58:42,966 NETJDC started
2021-12-26 18:07:11,262                  ,--.                     ,---._                           
2021-12-26 18:07:11,266                ,--.'|                   .-- -.' \     ,---,      ,----..   
2021-12-26 18:07:11,266            ,--,:  : |       ,---.       |    |   :  .'  .' `\   /   /   \  
2021-12-26 18:07:11,266         ,`--.'`|  ' :      /__./|       :    ;   |,---.'     \ |   :     : 
2021-12-26 18:07:11,266         |   :  :  | | ,---.;  ; |       :        ||   |  .`\  |.   |  ;. / 
2021-12-26 18:07:11,266         :   |   \ | :/___/ \  | |       |    :   ::   : |  '  |.   ; /--`  
2021-12-26 18:07:11,266         |   : '  '; |\   ;  \ ' |       :         |   ' '  ;  :;   | ;     
2021-12-26 18:07:11,266         '   ' ;.    ; \   \  \: |       |    ;   |'   | ;  .  ||   : |     
2021-12-26 18:07:11,266         |   | | \   |  ;   \  ' .   ___ l         |   | :  |  '.   | '___  
2021-12-26 18:07:11,266         '   : |  ; .'   \   \   ' /    /\    J   :'   : | /  ; '   ; : .'| 
2021-12-26 18:07:11,266         |   | '`--'      \   `  ;/  ../  `..-    ,|   | '` ,/  '   | '/  : 
2021-12-26 18:07:11,266         '   : |           :   \ |\    \         ; ;   :  .'    |   :    /  
2021-12-26 18:07:11,266         ;   |.'            '---'' \    \       ,' |   ,.'      \   \ .'   
2021-12-26 18:07:11,266         '---'                      '-- - ....--'  '-- '         `---`     
2021-12-26 18:07:11,266 
2021-12-26 18:07:11,266 
2021-12-26 18:07:11,266                                                                      Version:2.2
2021-12-26 18:07:11,266 
2021-12-26 18:07:11,266 
2021-12-26 18:07:11,266                                                                      By Nolan  
2021-12-26 18:07:11,266 
2021-12-26 18:07:11,267 -------------------------------------------------------------------------------------
2021-12-26 18:07:11,267 
2021-12-26 18:07:11,273 序列号:0A24CEA0-1558-4FA3-A405-C16D5D98D566

2021-12-26 18:07:11,273 Running on Linux!
2021-12-26 18:07:11,273 系统架构：X64
2021-12-26 18:07:11,273 系统名称：Linux 3.10.0-1160.45.1.el7.x86_64 #1 SMP Wed Oct 13 17:20:51 UTC 2021
2021-12-26 18:07:11,273 进程架构：X64
2021-12-26 18:07:11,273 是否64位操作系统：True
2021-12-26 18:07:11,273 -------------------------------------------------------------------------------------
2021-12-26 18:07:11,273 初始化项目
2021-12-26 18:07:11,273 -------------------------------------------------------------------------------------
2021-12-26 18:07:11,273 第一次运行会下载Chromium,后续只是检查是否下载
2021-12-26 18:07:11,273 检查中....
2021-12-26 18:07:11,289 True
2021-12-26 18:07:11,291 程序配置自检 
2021-12-26 18:07:11,291 如果报错请检查配置或者检查配置是否挂载
2021-12-26 18:07:11,294 上传模式：ql
2021-12-26 18:07:11,294 回收时间：5分钟
2021-12-26 18:07:11,294 自动滑块：5
2021-12-26 18:07:11,294 
2021-12-26 18:07:11,294 
2021-12-26 18:07:11,294 浏览器自检
2021-12-26 18:07:11,295 -------------------------------------------------------------------------------------
2021-12-26 18:07:16,206 页面文字京东登录注册+86获取验证码登 录账号密码登录手机快速注册其他登录方式QQ 微信 若您输入的手机号未注册，将为您直接注册，注册即视为同意 京东用户注册协议 、 用户隐私政策
2021-12-26 18:07:16,206 关闭页面
2021-12-26 18:07:16,265 浏览器关闭
2021-12-26 18:07:16,265 浏览器自检成功
2021-12-26 18:07:16,265 浏览器打开时间：4.97
2021-12-26 18:07:16,265 -------------------------------------------------------------------------------------
2021-12-26 18:07:16,266 检查成功
2021-12-26 18:07:16,514 NETJDC started
2021-12-26 18:10:53,564 JSHandle:getMsg-btn text-btn J_ping timer active
2021-12-26 18:10:57,405     手机：19186427862 tabe 创建 时间:12/26/2021 18:10:57
2021-12-26 18:10:57,405 19186427862选字安全验证
2021-12-26 18:10:57,420 System.NullReferenceException: Object reference not set to an instance of an object.
   at Server.PageServer.PageServer.GetIMG2(Page page, Int32 time) in E:\03工作源码\NETJDC\Server\PageServer\PageServer.cs:line 1004
   at Server.PageServer.PageServer.OpenJDTab(Int32 qlkey, String Phone, Boolean UploadQL) in E:\03工作源码\NETJDC\Server\PageServer\PageServer.cs:line 415
   at NETJDC.Controllers.CloudController.SendSMS(RequestEntity obj) in E:\03工作源码\NETJDC\NETJDC\Controllers\CloudController.cs:line 199
2021-12-26 18:15:57,406     手机：19186427862 tabe 自动回收 时间:12/26/2021 18:15:57
2022-01-04 18:10:09,375                  ,--.                     ,---._                           
2022-01-04 18:10:09,380                ,--.'|                   .-- -.' \     ,---,      ,----..   
2022-01-04 18:10:09,380            ,--,:  : |       ,---.       |    |   :  .'  .' `\   /   /   \  
2022-01-04 18:10:09,380         ,`--.'`|  ' :      /__./|       :    ;   |,---.'     \ |   :     : 
2022-01-04 18:10:09,380         |   :  :  | | ,---.;  ; |       :        ||   |  .`\  |.   |  ;. / 
2022-01-04 18:10:09,380         :   |   \ | :/___/ \  | |       |    :   ::   : |  '  |.   ; /--`  
2022-01-04 18:10:09,380         |   : '  '; |\   ;  \ ' |       :         |   ' '  ;  :;   | ;     
2022-01-04 18:10:09,380         '   ' ;.    ; \   \  \: |       |    ;   |'   | ;  .  ||   : |     
2022-01-04 18:10:09,380         |   | | \   |  ;   \  ' .   ___ l         |   | :  |  '.   | '___  
2022-01-04 18:10:09,380         '   : |  ; .'   \   \   ' /    /\    J   :'   : | /  ; '   ; : .'| 
2022-01-04 18:10:09,380         |   | '`--'      \   `  ;/  ../  `..-    ,|   | '` ,/  '   | '/  : 
2022-01-04 18:10:09,380         '   : |           :   \ |\    \         ; ;   :  .'    |   :    /  
2022-01-04 18:10:09,380         ;   |.'            '---'' \    \       ,' |   ,.'      \   \ .'   
2022-01-04 18:10:09,380         '---'                      '-- - ....--'  '-- '         `---`     
2022-01-04 18:10:09,380 
2022-01-04 18:10:09,380 
2022-01-04 18:10:09,380                                                                      Version:2.3
2022-01-04 18:10:09,380 
2022-01-04 18:10:09,380 
2022-01-04 18:10:09,380                                                                      By Nolan  
2022-01-04 18:10:09,380 
2022-01-04 18:10:09,380 -------------------------------------------------------------------------------------
2022-01-04 18:10:09,380 
2022-01-04 18:10:09,486 序列号:0A24CEA0-1558-4FA3-A405-C16D5D98D566

2022-01-04 18:10:09,486 Running on Linux!
2022-01-04 18:10:09,486 系统架构：X64
2022-01-04 18:10:09,487 系统名称：Linux 3.10.0-1160.45.1.el7.x86_64 #1 SMP Wed Oct 13 17:20:51 UTC 2021
2022-01-04 18:10:09,487 进程架构：X64
2022-01-04 18:10:09,487 是否64位操作系统：True
2022-01-04 18:10:09,487 -------------------------------------------------------------------------------------
2022-01-04 18:10:09,487 初始化项目
2022-01-04 18:10:09,487 -------------------------------------------------------------------------------------
2022-01-04 18:10:09,487 第一次运行会下载Chromium,后续只是检查是否下载
2022-01-04 18:10:09,487 检查中....
2022-01-04 18:10:09,508 True
2022-01-04 18:10:09,510 程序配置自检 
2022-01-04 18:10:09,510 如果报错请检查配置或者检查配置是否挂载
2022-01-04 18:10:09,513 上传模式：ql
2022-01-04 18:10:09,513 回收时间：5分钟
2022-01-04 18:10:09,513 自动滑块：5
2022-01-04 18:10:09,513 
2022-01-04 18:10:09,513 
2022-01-04 18:10:09,513 浏览器自检
2022-01-04 18:10:09,513 -------------------------------------------------------------------------------------
2022-01-04 18:10:15,627 页面文字京东登录注册+86获取验证码登 录账号密码登录手机快速注册其他登录方式QQ 微信 若您输入的手机号未注册，将为您直接注册，注册即视为同意 京东用户注册协议 、 用户隐私政策
2022-01-04 18:10:15,627 关闭页面
2022-01-04 18:10:15,679 浏览器关闭
2022-01-04 18:10:15,680 浏览器自检成功
2022-01-04 18:10:15,680 浏览器打开时间：6.166
2022-01-04 18:10:15,680 -------------------------------------------------------------------------------------
2022-01-04 18:10:15,680 检查成功
2022-01-04 18:10:15,992 NETJDC started
2022-01-04 18:14:00,729     手机：15155934412 tabe 创建 时间:01/04/2022 18:14:00
2022-01-04 18:14:00,729 15155934412安全验证
2022-01-04 18:14:00,981 15155934412滑块安全验证
2022-01-04 18:14:01,443 
2022-01-04 18:14:03,912 15155934412获取到坐标 X124
2022-01-04 18:14:03,997 停顿10
2022-01-04 18:14:04,179 停顿1:877
2022-01-04 18:14:05,196 停顿2:652
2022-01-04 18:14:06,867 验证失败
2022-01-04 18:14:06,930 15155934412滑块安全验证
2022-01-04 18:14:06,942 
2022-01-04 18:14:06,945 15155934412获取到坐标 X148
2022-01-04 18:14:06,980 停顿13
2022-01-04 18:14:07,197 停顿1:617
2022-01-04 18:14:08,012 停顿2:603
2022-01-04 18:14:11,565 验证成功
2022-01-04 18:14:22,906 输入验证码944773
2022-01-04 18:14:24,922 15155934412获取到ck
2022-01-04 18:14:25,173 获取nickname
2022-01-04 18:14:27,385 获取nickname
2022-01-04 18:19:00,731     手机：15155934412 tabe 自动回收 时间:01/04/2022 18:19:00
2022-01-04 18:35:19,475                  ,--.                     ,---._                           
2022-01-04 18:35:19,480                ,--.'|                   .-- -.' \     ,---,      ,----..   
2022-01-04 18:35:19,480            ,--,:  : |       ,---.       |    |   :  .'  .' `\   /   /   \  
2022-01-04 18:35:19,480         ,`--.'`|  ' :      /__./|       :    ;   |,---.'     \ |   :     : 
2022-01-04 18:35:19,480         |   :  :  | | ,---.;  ; |       :        ||   |  .`\  |.   |  ;. / 
2022-01-04 18:35:19,480         :   |   \ | :/___/ \  | |       |    :   ::   : |  '  |.   ; /--`  
2022-01-04 18:35:19,480         |   : '  '; |\   ;  \ ' |       :         |   ' '  ;  :;   | ;     
2022-01-04 18:35:19,480         '   ' ;.    ; \   \  \: |       |    ;   |'   | ;  .  ||   : |     
2022-01-04 18:35:19,480         |   | | \   |  ;   \  ' .   ___ l         |   | :  |  '.   | '___  
2022-01-04 18:35:19,480         '   : |  ; .'   \   \   ' /    /\    J   :'   : | /  ; '   ; : .'| 
2022-01-04 18:35:19,480         |   | '`--'      \   `  ;/  ../  `..-    ,|   | '` ,/  '   | '/  : 
2022-01-04 18:35:19,480         '   : |           :   \ |\    \         ; ;   :  .'    |   :    /  
2022-01-04 18:35:19,480         ;   |.'            '---'' \    \       ,' |   ,.'      \   \ .'   
2022-01-04 18:35:19,480         '---'                      '-- - ....--'  '-- '         `---`     
2022-01-04 18:35:19,480 
2022-01-04 18:35:19,480 
2022-01-04 18:35:19,480                                                                      Version:2.3
2022-01-04 18:35:19,480 
2022-01-04 18:35:19,480 
2022-01-04 18:35:19,480                                                                      By Nolan  
2022-01-04 18:35:19,480 
2022-01-04 18:35:19,480 -------------------------------------------------------------------------------------
2022-01-04 18:35:19,480 
2022-01-04 18:35:19,552 序列号:0A24CEA0-1558-4FA3-A405-C16D5D98D566

2022-01-04 18:35:19,552 Running on Linux!
2022-01-04 18:35:19,552 系统架构：X64
2022-01-04 18:35:19,552 系统名称：Linux 3.10.0-1160.45.1.el7.x86_64 #1 SMP Wed Oct 13 17:20:51 UTC 2021
2022-01-04 18:35:19,553 进程架构：X64
2022-01-04 18:35:19,553 是否64位操作系统：True
2022-01-04 18:35:19,553 -------------------------------------------------------------------------------------
2022-01-04 18:35:19,553 初始化项目
2022-01-04 18:35:19,553 -------------------------------------------------------------------------------------
2022-01-04 18:35:19,553 第一次运行会下载Chromium,后续只是检查是否下载
2022-01-04 18:35:19,553 检查中....
2022-01-04 18:35:19,570 True
2022-01-04 18:35:19,571 程序配置自检 
2022-01-04 18:35:19,571 如果报错请检查配置或者检查配置是否挂载
2022-01-04 18:35:19,574 上传模式：ql
2022-01-04 18:35:19,574 回收时间：5分钟
2022-01-04 18:35:19,574 自动滑块：5
2022-01-04 18:35:19,574 
2022-01-04 18:35:19,574 
2022-01-04 18:35:19,574 浏览器自检
2022-01-04 18:35:19,574 -------------------------------------------------------------------------------------
2022-01-04 18:35:24,686 页面文字京东登录注册+86获取验证码登 录账号密码登录手机快速注册其他登录方式QQ 微信 若您输入的手机号未注册，将为您直接注册，注册即视为同意 京东用户注册协议 、 用户隐私政策
2022-01-04 18:35:24,686 关闭页面
2022-01-04 18:35:24,741 浏览器关闭
2022-01-04 18:35:24,741 浏览器自检成功
2022-01-04 18:35:24,741 浏览器打开时间：5.166
2022-01-04 18:35:24,741 -------------------------------------------------------------------------------------
2022-01-04 18:35:24,741 检查成功
2022-01-04 18:35:25,004 NETJDC started
2022-01-05 12:30:03,250 用户没有扫码关注。转发给主号
2022-01-05 12:30:03,252 用户没有扫码关注。转发给主号
2022-01-05 12:30:03,252 用户没有扫码关注。转发给主号
2022-01-05 12:30:03,252 用户没有扫码关注。转发给主号
2022-01-05 12:30:03,252 用户没有扫码关注。转发给主号
2022-01-05 12:30:03,252 用户没有扫码关注。转发给主号
2022-01-05 12:30:03,252 用户没有扫码关注。转发给主号
2022-01-05 12:30:03,252 用户没有扫码关注。转发给主号
2022-01-05 12:30:03,252 用户没有扫码关注。转发给主号
2022-01-05 12:30:03,252 用户没有扫码关注。转发给主号
2022-01-05 12:30:03,252 用户没有扫码关注。转发给主号
2022-01-05 12:30:03,252 用户没有扫码关注。转发给主号
2022-01-05 12:30:03,252 用户没有扫码关注。转发给主号
2022-01-05 12:30:03,253 用户没有扫码关注。转发给主号
2022-01-05 12:30:03,253 用户没有扫码关注。转发给主号
2022-01-05 12:30:03,253 用户没有扫码关注。转发给主号
2022-01-05 12:30:03,253 用户没有扫码关注。转发给主号
2022-01-05 12:30:03,253 用户没有扫码关注。转发给主号
2022-01-05 12:30:03,253 用户没有扫码关注。转发给主号
2022-01-05 12:30:03,253 用户没有扫码关注。转发给主号
2022-01-05 16:00:51,195                  ,--.                     ,---._                           
2022-01-05 16:00:51,200                ,--.'|                   .-- -.' \     ,---,      ,----..   
2022-01-05 16:00:51,200            ,--,:  : |       ,---.       |    |   :  .'  .' `\   /   /   \  
2022-01-05 16:00:51,200         ,`--.'`|  ' :      /__./|       :    ;   |,---.'     \ |   :     : 
2022-01-05 16:00:51,200         |   :  :  | | ,---.;  ; |       :        ||   |  .`\  |.   |  ;. / 
2022-01-05 16:00:51,200         :   |   \ | :/___/ \  | |       |    :   ::   : |  '  |.   ; /--`  
2022-01-05 16:00:51,200         |   : '  '; |\   ;  \ ' |       :         |   ' '  ;  :;   | ;     
2022-01-05 16:00:51,200         '   ' ;.    ; \   \  \: |       |    ;   |'   | ;  .  ||   : |     
2022-01-05 16:00:51,200         |   | | \   |  ;   \  ' .   ___ l         |   | :  |  '.   | '___  
2022-01-05 16:00:51,200         '   : |  ; .'   \   \   ' /    /\    J   :'   : | /  ; '   ; : .'| 
2022-01-05 16:00:51,200         |   | '`--'      \   `  ;/  ../  `..-    ,|   | '` ,/  '   | '/  : 
2022-01-05 16:00:51,200         '   : |           :   \ |\    \         ; ;   :  .'    |   :    /  
2022-01-05 16:00:51,200         ;   |.'            '---'' \    \       ,' |   ,.'      \   \ .'   
2022-01-05 16:00:51,200         '---'                      '-- - ....--'  '-- '         `---`     
2022-01-05 16:00:51,200 
2022-01-05 16:00:51,200 
2022-01-05 16:00:51,200                                                                      Version:2.3
2022-01-05 16:00:51,200 
2022-01-05 16:00:51,200 
2022-01-05 16:00:51,200                                                                      By Nolan  
2022-01-05 16:00:51,200 
2022-01-05 16:00:51,201 -------------------------------------------------------------------------------------
2022-01-05 16:00:51,201 
2022-01-05 16:00:51,208 序列号:0A24CEA0-1558-4FA3-A405-C16D5D98D566

2022-01-05 16:00:51,208 Running on Linux!
2022-01-05 16:00:51,208 系统架构：X64
2022-01-05 16:00:51,209 系统名称：Linux 3.10.0-1160.45.1.el7.x86_64 #1 SMP Wed Oct 13 17:20:51 UTC 2021
2022-01-05 16:00:51,209 进程架构：X64
2022-01-05 16:00:51,209 是否64位操作系统：True
2022-01-05 16:00:51,209 -------------------------------------------------------------------------------------
2022-01-05 16:00:51,209 初始化项目
2022-01-05 16:00:51,209 -------------------------------------------------------------------------------------
2022-01-05 16:00:51,209 第一次运行会下载Chromium,后续只是检查是否下载
2022-01-05 16:00:51,209 检查中....
2022-01-05 16:00:51,230 True
2022-01-05 16:00:51,232 程序配置自检 
2022-01-05 16:00:51,232 如果报错请检查配置或者检查配置是否挂载
2022-01-05 16:00:51,235 上传模式：ql
2022-01-05 16:00:51,235 回收时间：5分钟
2022-01-05 16:00:51,235 自动滑块：5
2022-01-05 16:00:51,235 
2022-01-05 16:00:51,235 
2022-01-05 16:00:51,235 浏览器自检
2022-01-05 16:00:51,235 -------------------------------------------------------------------------------------
2022-01-05 16:00:56,983 页面文字京东登录注册+86获取验证码登 录账号密码登录手机快速注册其他登录方式QQ 微信 若您输入的手机号未注册，将为您直接注册，注册即视为同意 京东用户注册协议 、 用户隐私政策
2022-01-05 16:00:56,983 关闭页面
2022-01-05 16:00:57,059 浏览器关闭
2022-01-05 16:00:57,059 浏览器自检成功
2022-01-05 16:00:57,059 浏览器打开时间：5.823
2022-01-05 16:00:57,059 -------------------------------------------------------------------------------------
2022-01-05 16:00:57,060 检查成功
2022-01-05 16:00:57,438 NETJDC started
2022-01-05 18:00:12,216                  ,--.                     ,---._                           
2022-01-05 18:00:12,227                ,--.'|                   .-- -.' \     ,---,      ,----..   
2022-01-05 18:00:12,227            ,--,:  : |       ,---.       |    |   :  .'  .' `\   /   /   \  
2022-01-05 18:00:12,227         ,`--.'`|  ' :      /__./|       :    ;   |,---.'     \ |   :     : 
2022-01-05 18:00:12,227         |   :  :  | | ,---.;  ; |       :        ||   |  .`\  |.   |  ;. / 
2022-01-05 18:00:12,227         :   |   \ | :/___/ \  | |       |    :   ::   : |  '  |.   ; /--`  
2022-01-05 18:00:12,227         |   : '  '; |\   ;  \ ' |       :         |   ' '  ;  :;   | ;     
2022-01-05 18:00:12,227         '   ' ;.    ; \   \  \: |       |    ;   |'   | ;  .  ||   : |     
2022-01-05 18:00:12,227         |   | | \   |  ;   \  ' .   ___ l         |   | :  |  '.   | '___  
2022-01-05 18:00:12,227         '   : |  ; .'   \   \   ' /    /\    J   :'   : | /  ; '   ; : .'| 
2022-01-05 18:00:12,227         |   | '`--'      \   `  ;/  ../  `..-    ,|   | '` ,/  '   | '/  : 
2022-01-05 18:00:12,227         '   : |           :   \ |\    \         ; ;   :  .'    |   :    /  
2022-01-05 18:00:12,227         ;   |.'            '---'' \    \       ,' |   ,.'      \   \ .'   
2022-01-05 18:00:12,227         '---'                      '-- - ....--'  '-- '         `---`     
2022-01-05 18:00:12,227 
2022-01-05 18:00:12,227 
2022-01-05 18:00:12,227                                                                      Version:2.3
2022-01-05 18:00:12,227 
2022-01-05 18:00:12,227 
2022-01-05 18:00:12,227                                                                      By Nolan  
2022-01-05 18:00:12,227 
2022-01-05 18:00:12,227 -------------------------------------------------------------------------------------
2022-01-05 18:00:12,227 
2022-01-05 18:00:12,267 序列号:0A24CEA0-1558-4FA3-A405-C16D5D98D566

2022-01-05 18:00:12,267 Running on Linux!
2022-01-05 18:00:12,267 系统架构：X64
2022-01-05 18:00:12,268 系统名称：Linux 3.10.0-1160.45.1.el7.x86_64 #1 SMP Wed Oct 13 17:20:51 UTC 2021
2022-01-05 18:00:12,268 进程架构：X64
2022-01-05 18:00:12,268 是否64位操作系统：True
2022-01-05 18:00:12,268 -------------------------------------------------------------------------------------
2022-01-05 18:00:12,268 初始化项目
2022-01-05 18:00:12,268 -------------------------------------------------------------------------------------
2022-01-05 18:00:12,268 第一次运行会下载Chromium,后续只是检查是否下载
2022-01-05 18:00:12,268 检查中....
2022-01-05 18:00:12,290 True
2022-01-05 18:00:12,292 程序配置自检 
2022-01-05 18:00:12,292 如果报错请检查配置或者检查配置是否挂载
2022-01-05 18:00:12,296 上传模式：ql
2022-01-05 18:00:12,296 回收时间：5分钟
2022-01-05 18:00:12,296 自动滑块：5
2022-01-05 18:00:12,296 
2022-01-05 18:00:12,296 
2022-01-05 18:00:12,296 浏览器自检
2022-01-05 18:00:12,296 -------------------------------------------------------------------------------------
2022-01-05 18:00:18,254 页面文字京东登录注册+86获取验证码登 录账号密码登录手机快速注册其他登录方式QQ 微信 若您输入的手机号未注册，将为您直接注册，注册即视为同意 京东用户注册协议 、 用户隐私政策
2022-01-05 18:00:18,254 关闭页面
2022-01-05 18:00:18,305 浏览器关闭
2022-01-05 18:00:18,306 浏览器自检成功
2022-01-05 18:00:18,306 浏览器打开时间：6.009
2022-01-05 18:00:18,306 -------------------------------------------------------------------------------------
2022-01-05 18:00:18,306 检查成功
2022-01-05 18:00:18,559 NETJDC started
2022-01-06 12:30:01,027 用户没有扫码关注。转发给主号
2022-01-06 12:30:01,029 用户没有扫码关注。转发给主号
2022-01-06 12:30:01,029 用户没有扫码关注。转发给主号
2022-01-06 12:30:01,029 用户没有扫码关注。转发给主号
2022-01-06 12:30:01,029 用户没有扫码关注。转发给主号
2022-01-06 12:30:01,029 用户没有扫码关注。转发给主号
2022-01-06 12:30:01,029 用户没有扫码关注。转发给主号
2022-01-06 12:30:01,029 用户没有扫码关注。转发给主号
2022-01-06 12:30:01,029 用户没有扫码关注。转发给主号
2022-01-06 12:30:01,029 用户没有扫码关注。转发给主号
2022-01-06 12:30:01,029 用户没有扫码关注。转发给主号
2022-01-06 12:30:01,029 用户没有扫码关注。转发给主号
2022-01-06 12:30:01,029 用户没有扫码关注。转发给主号
2022-01-06 12:30:01,029 用户没有扫码关注。转发给主号
2022-01-06 12:30:01,029 用户没有扫码关注。转发给主号
2022-01-06 12:30:01,029 用户没有扫码关注。转发给主号
2022-01-06 12:30:01,029 用户没有扫码关注。转发给主号
2022-01-06 12:30:01,029 用户没有扫码关注。转发给主号
2022-01-06 12:30:01,029 用户没有扫码关注。转发给主号
2022-01-06 12:30:01,029 用户没有扫码关注。转发给主号
2022-01-07 12:30:00,908 用户没有扫码关注。转发给主号
2022-01-07 12:30:00,908 用户没有扫码关注。转发给主号
2022-01-07 12:30:00,908 用户没有扫码关注。转发给主号
2022-01-07 12:30:00,908 用户没有扫码关注。转发给主号
2022-01-07 12:30:00,908 用户没有扫码关注。转发给主号
2022-01-07 12:30:00,908 用户没有扫码关注。转发给主号
2022-01-07 12:30:00,908 用户没有扫码关注。转发给主号
2022-01-07 12:30:00,908 用户没有扫码关注。转发给主号
2022-01-07 12:30:00,908 用户没有扫码关注。转发给主号
2022-01-07 12:30:00,908 用户没有扫码关注。转发给主号
2022-01-07 12:30:00,908 用户没有扫码关注。转发给主号
2022-01-07 12:30:00,908 用户没有扫码关注。转发给主号
2022-01-07 12:30:00,908 用户没有扫码关注。转发给主号
2022-01-07 12:30:00,908 用户没有扫码关注。转发给主号
2022-01-07 12:30:00,908 用户没有扫码关注。转发给主号
2022-01-07 12:30:00,908 用户没有扫码关注。转发给主号
2022-01-07 12:30:00,908 用户没有扫码关注。转发给主号
2022-01-07 12:30:00,908 用户没有扫码关注。转发给主号
2022-01-07 12:30:00,908 用户没有扫码关注。转发给主号
2022-01-07 12:30:00,908 用户没有扫码关注。转发给主号
